[2019-05-29 15:43:53] local.ERROR: Use of undefined constant programa4 - assumed 'programa4' (this will throw an Error in a future version of PHP) {"exception":"[object] (ErrorException(code: 0): Use of undefined constant programa4 - assumed 'programa4' (this will throw an Error in a future version of PHP) at /home/as/Documentos/EPSEM-UPC/TFG/FINAL_PROJECT_WEB/SERVER_WEB/RobotCarKit/routes/web.php:23)
[stacktrace]
#0 /home/as/Documentos/EPSEM-UPC/TFG/FINAL_PROJECT_WEB/SERVER_WEB/RobotCarKit/routes/web.php(23): Illuminate\\Foundation\\Bootstrap\\HandleExceptions->handleError(2, 'Use of undefine...', '/home/as/Docume...', 23, Array)
#1 /home/as/Documentos/EPSEM-UPC/TFG/FINAL_PROJECT_WEB/SERVER_WEB/RobotCarKit/vendor/laravel/framework/src/Illuminate/Routing/RouteFileRegistrar.php(35): require('/home/as/Docume...')
#2 /home/as/Documentos/EPSEM-UPC/TFG/FINAL_PROJECT_WEB/SERVER_WEB/RobotCarKit/vendor/laravel/framework/src/Illuminate/Routing/Router.php(415): Illuminate\\Routing\\RouteFileRegistrar->register('/home/as/Docume...')
#3 /home/as/Documentos/EPSEM-UPC/TFG/FINAL_PROJECT_WEB/SERVER_WEB/RobotCarKit/vendor/laravel/framework/src/Illuminate/Routing/Router.php(373): Illuminate\\Routing\\Router->loadRoutes('/home/as/Docume...')
#4 /home/as/Documentos/EPSEM-UPC/TFG/FINAL_PROJECT_WEB/SERVER_WEB/RobotCarKit/vendor/laravel/framework/src/Illuminate/Routing/RouteRegistrar.php(121): Illuminate\\Routing\\Router->group(Array, '/home/as/Docume...')
#5 /home/as/Documentos/EPSEM-UPC/TFG/FINAL_PROJECT_WEB/SERVER_WEB/RobotCarKit/app/Providers/RouteServiceProvider.php(56): Illuminate\\Routing\\RouteRegistrar->group('/home/as/Docume...')
#6 /home/as/Documentos/EPSEM-UPC/TFG/FINAL_PROJECT_WEB/SERVER_WEB/RobotCarKit/app/Providers/RouteServiceProvider.php(40): App\\Providers\\RouteServiceProvider->mapWebRoutes()
#7 [internal function]: App\\Providers\\RouteServiceProvider->map()
#8 /home/as/Documentos/EPSEM-UPC/TFG/FINAL_PROJECT_WEB/SERVER_WEB/RobotCarKit/vendor/laravel/framework/src/Illuminate/Container/BoundMethod.php(32): call_user_func_array(Array, Array)
#9 /home/as/Documentos/EPSEM-UPC/TFG/FINAL_PROJECT_WEB/SERVER_WEB/RobotCarKit/vendor/laravel/framework/src/Illuminate/Container/BoundMethod.php(90): Illuminate\\Container\\BoundMethod::Illuminate\\Container\\{closure}()
#10 /home/as/Documentos/EPSEM-UPC/TFG/FINAL_PROJECT_WEB/SERVER_WEB/RobotCarKit/vendor/laravel/framework/src/Illuminate/Container/BoundMethod.php(34): Illuminate\\Container\\BoundMethod::callBoundMethod(Object(Illuminate\\Foundation\\Application), Array, Object(Closure))
#11 /home/as/Documentos/EPSEM-UPC/TFG/FINAL_PROJECT_WEB/SERVER_WEB/RobotCarKit/vendor/laravel/framework/src/Illuminate/Container/Container.php(576): Illuminate\\Container\\BoundMethod::call(Object(Illuminate\\Foundation\\Application), Array, Array, NULL)
#12 /home/as/Documentos/EPSEM-UPC/TFG/FINAL_PROJECT_WEB/SERVER_WEB/RobotCarKit/vendor/laravel/framework/src/Illuminate/Foundation/Support/Providers/RouteServiceProvider.php(87): Illuminate\\Container\\Container->call(Array)
#13 /home/as/Documentos/EPSEM-UPC/TFG/FINAL_PROJECT_WEB/SERVER_WEB/RobotCarKit/vendor/laravel/framework/src/Illuminate/Foundation/Support/Providers/RouteServiceProvider.php(36): Illuminate\\Foundation\\Support\\Providers\\RouteServiceProvider->loadRoutes()
#14 /home/as/Documentos/EPSEM-UPC/TFG/FINAL_PROJECT_WEB/SERVER_WEB/RobotCarKit/app/Providers/RouteServiceProvider.php(28): Illuminate\\Foundation\\Support\\Providers\\RouteServiceProvider->boot()
#15 [internal function]: App\\Providers\\RouteServiceProvider->boot()
#16 /home/as/Documentos/EPSEM-UPC/TFG/FINAL_PROJECT_WEB/SERVER_WEB/RobotCarKit/vendor/laravel/framework/src/Illuminate/Container/BoundMethod.php(32): call_user_func_array(Array, Array)
#17 /home/as/Documentos/EPSEM-UPC/TFG/FINAL_PROJECT_WEB/SERVER_WEB/RobotCarKit/vendor/laravel/framework/src/Illuminate/Container/BoundMethod.php(90): Illuminate\\Container\\BoundMethod::Illuminate\\Container\\{closure}()
#18 /home/as/Documentos/EPSEM-UPC/TFG/FINAL_PROJECT_WEB/SERVER_WEB/RobotCarKit/vendor/laravel/framework/src/Illuminate/Container/BoundMethod.php(34): Illuminate\\Container\\BoundMethod::callBoundMethod(Object(Illuminate\\Foundation\\Application), Array, Object(Closure))
#19 /home/as/Documentos/EPSEM-UPC/TFG/FINAL_PROJECT_WEB/SERVER_WEB/RobotCarKit/vendor/laravel/framework/src/Illuminate/Container/Container.php(576): Illuminate\\Container\\BoundMethod::call(Object(Illuminate\\Foundation\\Application), Array, Array, NULL)
#20 /home/as/Documentos/EPSEM-UPC/TFG/FINAL_PROJECT_WEB/SERVER_WEB/RobotCarKit/vendor/laravel/framework/src/Illuminate/Foundation/Application.php(817): Illuminate\\Container\\Container->call(Array)
#21 /home/as/Documentos/EPSEM-UPC/TFG/FINAL_PROJECT_WEB/SERVER_WEB/RobotCarKit/vendor/laravel/framework/src/Illuminate/Foundation/Application.php(800): Illuminate\\Foundation\\Application->bootProvider(Object(App\\Providers\\RouteServiceProvider))
#22 [internal function]: Illuminate\\Foundation\\Application->Illuminate\\Foundation\\{closure}(Object(App\\Providers\\RouteServiceProvider), 20)
#23 /home/as/Documentos/EPSEM-UPC/TFG/FINAL_PROJECT_WEB/SERVER_WEB/RobotCarKit/vendor/laravel/framework/src/Illuminate/Foundation/Application.php(801): array_walk(Array, Object(Closure))
#24 /home/as/Documentos/EPSEM-UPC/TFG/FINAL_PROJECT_WEB/SERVER_WEB/RobotCarKit/vendor/laravel/framework/src/Illuminate/Foundation/Bootstrap/BootProviders.php(17): Illuminate\\Foundation\\Application->boot()
#25 /home/as/Documentos/EPSEM-UPC/TFG/FINAL_PROJECT_WEB/SERVER_WEB/RobotCarKit/vendor/laravel/framework/src/Illuminate/Foundation/Application.php(210): Illuminate\\Foundation\\Bootstrap\\BootProviders->bootstrap(Object(Illuminate\\Foundation\\Application))
#26 /home/as/Documentos/EPSEM-UPC/TFG/FINAL_PROJECT_WEB/SERVER_WEB/RobotCarKit/vendor/laravel/framework/src/Illuminate/Foundation/Console/Kernel.php(322): Illuminate\\Foundation\\Application->bootstrapWith(Array)
#27 /home/as/Documentos/EPSEM-UPC/TFG/FINAL_PROJECT_WEB/SERVER_WEB/RobotCarKit/vendor/laravel/framework/src/Illuminate/Foundation/Console/Kernel.php(131): Illuminate\\Foundation\\Console\\Kernel->bootstrap()
#28 /home/as/Documentos/EPSEM-UPC/TFG/FINAL_PROJECT_WEB/SERVER_WEB/RobotCarKit/artisan(37): Illuminate\\Foundation\\Console\\Kernel->handle(Object(Symfony\\Component\\Console\\Input\\ArgvInput), Object(Symfony\\Component\\Console\\Output\\ConsoleOutput))
#29 {main}
"} 
[2019-05-29 15:47:47] local.ERROR: Class App\Http\Controllers\Programa1Controller does not exist {"exception":"[object] (ReflectionException(code: -1): Class App\\Http\\Controllers\\Programa1Controller does not exist at /home/as/Documentos/EPSEM-UPC/TFG/FINAL_PROJECT_WEB/SERVER_WEB/RobotCarKit/vendor/laravel/framework/src/Illuminate/Container/Container.php:790)
[stacktrace]
#0 /home/as/Documentos/EPSEM-UPC/TFG/FINAL_PROJECT_WEB/SERVER_WEB/RobotCarKit/vendor/laravel/framework/src/Illuminate/Container/Container.php(790): ReflectionClass->__construct('App\\\\Http\\\\Contro...')
#1 /home/as/Documentos/EPSEM-UPC/TFG/FINAL_PROJECT_WEB/SERVER_WEB/RobotCarKit/vendor/laravel/framework/src/Illuminate/Container/Container.php(667): Illuminate\\Container\\Container->build('App\\\\Http\\\\Contro...')
#2 /home/as/Documentos/EPSEM-UPC/TFG/FINAL_PROJECT_WEB/SERVER_WEB/RobotCarKit/vendor/laravel/framework/src/Illuminate/Container/Container.php(615): Illuminate\\Container\\Container->resolve('App\\\\Http\\\\Contro...', Array)
#3 /home/as/Documentos/EPSEM-UPC/TFG/FINAL_PROJECT_WEB/SERVER_WEB/RobotCarKit/vendor/laravel/framework/src/Illuminate/Foundation/Application.php(757): Illuminate\\Container\\Container->make('App\\\\Http\\\\Contro...', Array)
#4 /home/as/Documentos/EPSEM-UPC/TFG/FINAL_PROJECT_WEB/SERVER_WEB/RobotCarKit/vendor/laravel/framework/src/Illuminate/Routing/Route.php(233): Illuminate\\Foundation\\Application->make('App\\\\Http\\\\Contro...')
#5 /home/as/Documentos/EPSEM-UPC/TFG/FINAL_PROJECT_WEB/SERVER_WEB/RobotCarKit/vendor/laravel/framework/src/Illuminate/Routing/Route.php(833): Illuminate\\Routing\\Route->getController()
#6 /home/as/Documentos/EPSEM-UPC/TFG/FINAL_PROJECT_WEB/SERVER_WEB/RobotCarKit/vendor/laravel/framework/src/Illuminate/Routing/Route.php(794): Illuminate\\Routing\\Route->controllerMiddleware()
#7 /home/as/Documentos/EPSEM-UPC/TFG/FINAL_PROJECT_WEB/SERVER_WEB/RobotCarKit/vendor/laravel/framework/src/Illuminate/Foundation/Console/RouteListCommand.php(167): Illuminate\\Routing\\Route->gatherMiddleware()
#8 /home/as/Documentos/EPSEM-UPC/TFG/FINAL_PROJECT_WEB/SERVER_WEB/RobotCarKit/vendor/laravel/framework/src/Illuminate/Foundation/Console/RouteListCommand.php(117): Illuminate\\Foundation\\Console\\RouteListCommand->getMiddleware(Object(Illuminate\\Routing\\Route))
#9 /home/as/Documentos/EPSEM-UPC/TFG/FINAL_PROJECT_WEB/SERVER_WEB/RobotCarKit/vendor/laravel/framework/src/Illuminate/Foundation/Console/RouteListCommand.php(89): Illuminate\\Foundation\\Console\\RouteListCommand->getRouteInformation(Object(Illuminate\\Routing\\Route))
#10 [internal function]: Illuminate\\Foundation\\Console\\RouteListCommand->Illuminate\\Foundation\\Console\\{closure}(Object(Illuminate\\Routing\\Route), 4)
#11 /home/as/Documentos/EPSEM-UPC/TFG/FINAL_PROJECT_WEB/SERVER_WEB/RobotCarKit/vendor/laravel/framework/src/Illuminate/Support/Collection.php(1120): array_map(Object(Closure), Array, Array)
#12 /home/as/Documentos/EPSEM-UPC/TFG/FINAL_PROJECT_WEB/SERVER_WEB/RobotCarKit/vendor/laravel/framework/src/Illuminate/Foundation/Console/RouteListCommand.php(90): Illuminate\\Support\\Collection->map(Object(Closure))
#13 /home/as/Documentos/EPSEM-UPC/TFG/FINAL_PROJECT_WEB/SERVER_WEB/RobotCarKit/vendor/laravel/framework/src/Illuminate/Foundation/Console/RouteListCommand.php(74): Illuminate\\Foundation\\Console\\RouteListCommand->getRoutes()
#14 [internal function]: Illuminate\\Foundation\\Console\\RouteListCommand->handle()
#15 /home/as/Documentos/EPSEM-UPC/TFG/FINAL_PROJECT_WEB/SERVER_WEB/RobotCarKit/vendor/laravel/framework/src/Illuminate/Container/BoundMethod.php(32): call_user_func_array(Array, Array)
#16 /home/as/Documentos/EPSEM-UPC/TFG/FINAL_PROJECT_WEB/SERVER_WEB/RobotCarKit/vendor/laravel/framework/src/Illuminate/Container/BoundMethod.php(90): Illuminate\\Container\\BoundMethod::Illuminate\\Container\\{closure}()
#17 /home/as/Documentos/EPSEM-UPC/TFG/FINAL_PROJECT_WEB/SERVER_WEB/RobotCarKit/vendor/laravel/framework/src/Illuminate/Container/BoundMethod.php(34): Illuminate\\Container\\BoundMethod::callBoundMethod(Object(Illuminate\\Foundation\\Application), Array, Object(Closure))
#18 /home/as/Documentos/EPSEM-UPC/TFG/FINAL_PROJECT_WEB/SERVER_WEB/RobotCarKit/vendor/laravel/framework/src/Illuminate/Container/Container.php(576): Illuminate\\Container\\BoundMethod::call(Object(Illuminate\\Foundation\\Application), Array, Array, NULL)
#19 /home/as/Documentos/EPSEM-UPC/TFG/FINAL_PROJECT_WEB/SERVER_WEB/RobotCarKit/vendor/laravel/framework/src/Illuminate/Console/Command.php(183): Illuminate\\Container\\Container->call(Array)
#20 /home/as/Documentos/EPSEM-UPC/TFG/FINAL_PROJECT_WEB/SERVER_WEB/RobotCarKit/vendor/symfony/console/Command/Command.php(255): Illuminate\\Console\\Command->execute(Object(Symfony\\Component\\Console\\Input\\ArgvInput), Object(Illuminate\\Console\\OutputStyle))
#21 /home/as/Documentos/EPSEM-UPC/TFG/FINAL_PROJECT_WEB/SERVER_WEB/RobotCarKit/vendor/laravel/framework/src/Illuminate/Console/Command.php(170): Symfony\\Component\\Console\\Command\\Command->run(Object(Symfony\\Component\\Console\\Input\\ArgvInput), Object(Illuminate\\Console\\OutputStyle))
#22 /home/as/Documentos/EPSEM-UPC/TFG/FINAL_PROJECT_WEB/SERVER_WEB/RobotCarKit/vendor/symfony/console/Application.php(908): Illuminate\\Console\\Command->run(Object(Symfony\\Component\\Console\\Input\\ArgvInput), Object(Symfony\\Component\\Console\\Output\\ConsoleOutput))
#23 /home/as/Documentos/EPSEM-UPC/TFG/FINAL_PROJECT_WEB/SERVER_WEB/RobotCarKit/vendor/symfony/console/Application.php(269): Symfony\\Component\\Console\\Application->doRunCommand(Object(Illuminate\\Foundation\\Console\\RouteListCommand), Object(Symfony\\Component\\Console\\Input\\ArgvInput), Object(Symfony\\Component\\Console\\Output\\ConsoleOutput))
#24 /home/as/Documentos/EPSEM-UPC/TFG/FINAL_PROJECT_WEB/SERVER_WEB/RobotCarKit/vendor/symfony/console/Application.php(145): Symfony\\Component\\Console\\Application->doRun(Object(Symfony\\Component\\Console\\Input\\ArgvInput), Object(Symfony\\Component\\Console\\Output\\ConsoleOutput))
#25 /home/as/Documentos/EPSEM-UPC/TFG/FINAL_PROJECT_WEB/SERVER_WEB/RobotCarKit/vendor/laravel/framework/src/Illuminate/Console/Application.php(90): Symfony\\Component\\Console\\Application->run(Object(Symfony\\Component\\Console\\Input\\ArgvInput), Object(Symfony\\Component\\Console\\Output\\ConsoleOutput))
#26 /home/as/Documentos/EPSEM-UPC/TFG/FINAL_PROJECT_WEB/SERVER_WEB/RobotCarKit/vendor/laravel/framework/src/Illuminate/Foundation/Console/Kernel.php(133): Illuminate\\Console\\Application->run(Object(Symfony\\Component\\Console\\Input\\ArgvInput), Object(Symfony\\Component\\Console\\Output\\ConsoleOutput))
#27 /home/as/Documentos/EPSEM-UPC/TFG/FINAL_PROJECT_WEB/SERVER_WEB/RobotCarKit/artisan(37): Illuminate\\Foundation\\Console\\Kernel->handle(Object(Symfony\\Component\\Console\\Input\\ArgvInput), Object(Symfony\\Component\\Console\\Output\\ConsoleOutput))
#28 {main}
"} 
