[2019-06-03 13:35:14] local.ERROR: socket_connect(): unable to connect [110]: Connection timed out {"exception":"[object] (ErrorException(code: 0): socket_connect(): unable to connect [110]: Connection timed out at /home/as/Documentos/EPSEM-UPC/TFG/FINAL_PROJECT_WEB/SERVER_WEB/RobotCarKit/app/Http/Controllers/ApiController.php:55)
[stacktrace]
#0 [internal function]: Illuminate\\Foundation\\Bootstrap\\HandleExceptions->handleError(2, 'socket_connect(...', '/home/as/Docume...', 55, Array)
#1 /home/as/Documentos/EPSEM-UPC/TFG/FINAL_PROJECT_WEB/SERVER_WEB/RobotCarKit/app/Http/Controllers/ApiController.php(55): socket_connect(Resource id #16, '192.168.0.160', 2000)
#2 /home/as/Documentos/EPSEM-UPC/TFG/FINAL_PROJECT_WEB/SERVER_WEB/RobotCarKit/app/Http/Controllers/Programa1Controller.php(20): App\\Http\\Controllers\\ApiController::sendServerPipe('PRG1')
#3 [internal function]: App\\Http\\Controllers\\Programa1Controller->index()
#4 /home/as/Documentos/EPSEM-UPC/TFG/FINAL_PROJECT_WEB/SERVER_WEB/RobotCarKit/vendor/laravel/framework/src/Illuminate/Routing/Controller.php(54): call_user_func_array(Array, Array)
#5 /home/as/Documentos/EPSEM-UPC/TFG/FINAL_PROJECT_WEB/SERVER_WEB/RobotCarKit/vendor/laravel/framework/src/Illuminate/Routing/ControllerDispatcher.php(45): Illuminate\\Routing\\Controller->callAction('index', Array)
#6 /home/as/Documentos/EPSEM-UPC/TFG/FINAL_PROJECT_WEB/SERVER_WEB/RobotCarKit/vendor/laravel/framework/src/Illuminate/Routing/Route.php(219): Illuminate\\Routing\\ControllerDispatcher->dispatch(Object(Illuminate\\Routing\\Route), Object(App\\Http\\Controllers\\Programa1Controller), 'index')
#7 /home/as/Documentos/EPSEM-UPC/TFG/FINAL_PROJECT_WEB/SERVER_WEB/RobotCarKit/vendor/laravel/framework/src/Illuminate/Routing/Route.php(176): Illuminate\\Routing\\Route->runController()
#8 /home/as/Documentos/EPSEM-UPC/TFG/FINAL_PROJECT_WEB/SERVER_WEB/RobotCarKit/vendor/laravel/framework/src/Illuminate/Routing/Router.php(680): Illuminate\\Routing\\Route->run()
#9 /home/as/Documentos/EPSEM-UPC/TFG/FINAL_PROJECT_WEB/SERVER_WEB/RobotCarKit/vendor/laravel/framework/src/Illuminate/Routing/Pipeline.php(30): Illuminate\\Routing\\Router->Illuminate\\Routing\\{closure}(Object(Illuminate\\Http\\Request))
#10 /home/as/Documentos/EPSEM-UPC/TFG/FINAL_PROJECT_WEB/SERVER_WEB/RobotCarKit/vendor/laravel/framework/src/Illuminate/Routing/Middleware/SubstituteBindings.php(41): Illuminate\\Routing\\Pipeline->Illuminate\\Routing\\{closure}(Object(Illuminate\\Http\\Request))
#11 /home/as/Documentos/EPSEM-UPC/TFG/FINAL_PROJECT_WEB/SERVER_WEB/RobotCarKit/vendor/laravel/framework/src/Illuminate/Pipeline/Pipeline.php(163): Illuminate\\Routing\\Middleware\\SubstituteBindings->handle(Object(Illuminate\\Http\\Request), Object(Closure))
#12 /home/as/Documentos/EPSEM-UPC/TFG/FINAL_PROJECT_WEB/SERVER_WEB/RobotCarKit/vendor/laravel/framework/src/Illuminate/Routing/Pipeline.php(53): Illuminate\\Pipeline\\Pipeline->Illuminate\\Pipeline\\{closure}(Object(Illuminate\\Http\\Request))
#13 /home/as/Documentos/EPSEM-UPC/TFG/FINAL_PROJECT_WEB/SERVER_WEB/RobotCarKit/vendor/laravel/framework/src/Illuminate/Foundation/Http/Middleware/VerifyCsrfToken.php(75): Illuminate\\Routing\\Pipeline->Illuminate\\Routing\\{closure}(Object(Illuminate\\Http\\Request))
#14 /home/as/Documentos/EPSEM-UPC/TFG/FINAL_PROJECT_WEB/SERVER_WEB/RobotCarKit/vendor/laravel/framework/src/Illuminate/Pipeline/Pipeline.php(163): Illuminate\\Foundation\\Http\\Middleware\\VerifyCsrfToken->handle(Object(Illuminate\\Http\\Request), Object(Closure))
#15 /home/as/Documentos/EPSEM-UPC/TFG/FINAL_PROJECT_WEB/SERVER_WEB/RobotCarKit/vendor/laravel/framework/src/Illuminate/Routing/Pipeline.php(53): Illuminate\\Pipeline\\Pipeline->Illuminate\\Pipeline\\{closure}(Object(Illuminate\\Http\\Request))
#16 /home/as/Documentos/EPSEM-UPC/TFG/FINAL_PROJECT_WEB/SERVER_WEB/RobotCarKit/vendor/laravel/framework/src/Illuminate/View/Middleware/ShareErrorsFromSession.php(49): Illuminate\\Routing\\Pipeline->Illuminate\\Routing\\{closure}(Object(Illuminate\\Http\\Request))
#17 /home/as/Documentos/EPSEM-UPC/TFG/FINAL_PROJECT_WEB/SERVER_WEB/RobotCarKit/vendor/laravel/framework/src/Illuminate/Pipeline/Pipeline.php(163): Illuminate\\View\\Middleware\\ShareErrorsFromSession->handle(Object(Illuminate\\Http\\Request), Object(Closure))
#18 /home/as/Documentos/EPSEM-UPC/TFG/FINAL_PROJECT_WEB/SERVER_WEB/RobotCarKit/vendor/laravel/framework/src/Illuminate/Routing/Pipeline.php(53): Illuminate\\Pipeline\\Pipeline->Illuminate\\Pipeline\\{closure}(Object(Illuminate\\Http\\Request))
#19 /home/as/Documentos/EPSEM-UPC/TFG/FINAL_PROJECT_WEB/SERVER_WEB/RobotCarKit/vendor/laravel/framework/src/Illuminate/Session/Middleware/StartSession.php(56): Illuminate\\Routing\\Pipeline->Illuminate\\Routing\\{closure}(Object(Illuminate\\Http\\Request))
#20 /home/as/Documentos/EPSEM-UPC/TFG/FINAL_PROJECT_WEB/SERVER_WEB/RobotCarKit/vendor/laravel/framework/src/Illuminate/Pipeline/Pipeline.php(163): Illuminate\\Session\\Middleware\\StartSession->handle(Object(Illuminate\\Http\\Request), Object(Closure))
#21 /home/as/Documentos/EPSEM-UPC/TFG/FINAL_PROJECT_WEB/SERVER_WEB/RobotCarKit/vendor/laravel/framework/src/Illuminate/Routing/Pipeline.php(53): Illuminate\\Pipeline\\Pipeline->Illuminate\\Pipeline\\{closure}(Object(Illuminate\\Http\\Request))
#22 /home/as/Documentos/EPSEM-UPC/TFG/FINAL_PROJECT_WEB/SERVER_WEB/RobotCarKit/vendor/laravel/framework/src/Illuminate/Cookie/Middleware/AddQueuedCookiesToResponse.php(37): Illuminate\\Routing\\Pipeline->Illuminate\\Routing\\{closure}(Object(Illuminate\\Http\\Request))
#23 /home/as/Documentos/EPSEM-UPC/TFG/FINAL_PROJECT_WEB/SERVER_WEB/RobotCarKit/vendor/laravel/framework/src/Illuminate/Pipeline/Pipeline.php(163): Illuminate\\Cookie\\Middleware\\AddQueuedCookiesToResponse->handle(Object(Illuminate\\Http\\Request), Object(Closure))
#24 /home/as/Documentos/EPSEM-UPC/TFG/FINAL_PROJECT_WEB/SERVER_WEB/RobotCarKit/vendor/laravel/framework/src/Illuminate/Routing/Pipeline.php(53): Illuminate\\Pipeline\\Pipeline->Illuminate\\Pipeline\\{closure}(Object(Illuminate\\Http\\Request))
#25 /home/as/Documentos/EPSEM-UPC/TFG/FINAL_PROJECT_WEB/SERVER_WEB/RobotCarKit/vendor/laravel/framework/src/Illuminate/Cookie/Middleware/EncryptCookies.php(66): Illuminate\\Routing\\Pipeline->Illuminate\\Routing\\{closure}(Object(Illuminate\\Http\\Request))
#26 /home/as/Documentos/EPSEM-UPC/TFG/FINAL_PROJECT_WEB/SERVER_WEB/RobotCarKit/vendor/laravel/framework/src/Illuminate/Pipeline/Pipeline.php(163): Illuminate\\Cookie\\Middleware\\EncryptCookies->handle(Object(Illuminate\\Http\\Request), Object(Closure))
#27 /home/as/Documentos/EPSEM-UPC/TFG/FINAL_PROJECT_WEB/SERVER_WEB/RobotCarKit/vendor/laravel/framework/src/Illuminate/Routing/Pipeline.php(53): Illuminate\\Pipeline\\Pipeline->Illuminate\\Pipeline\\{closure}(Object(Illuminate\\Http\\Request))
#28 /home/as/Documentos/EPSEM-UPC/TFG/FINAL_PROJECT_WEB/SERVER_WEB/RobotCarKit/vendor/laravel/framework/src/Illuminate/Pipeline/Pipeline.php(104): Illuminate\\Routing\\Pipeline->Illuminate\\Routing\\{closure}(Object(Illuminate\\Http\\Request))
#29 /home/as/Documentos/EPSEM-UPC/TFG/FINAL_PROJECT_WEB/SERVER_WEB/RobotCarKit/vendor/laravel/framework/src/Illuminate/Routing/Router.php(682): Illuminate\\Pipeline\\Pipeline->then(Object(Closure))
#30 /home/as/Documentos/EPSEM-UPC/TFG/FINAL_PROJECT_WEB/SERVER_WEB/RobotCarKit/vendor/laravel/framework/src/Illuminate/Routing/Router.php(657): Illuminate\\Routing\\Router->runRouteWithinStack(Object(Illuminate\\Routing\\Route), Object(Illuminate\\Http\\Request))
#31 /home/as/Documentos/EPSEM-UPC/TFG/FINAL_PROJECT_WEB/SERVER_WEB/RobotCarKit/vendor/laravel/framework/src/Illuminate/Routing/Router.php(623): Illuminate\\Routing\\Router->runRoute(Object(Illuminate\\Http\\Request), Object(Illuminate\\Routing\\Route))
#32 /home/as/Documentos/EPSEM-UPC/TFG/FINAL_PROJECT_WEB/SERVER_WEB/RobotCarKit/vendor/laravel/framework/src/Illuminate/Routing/Router.php(612): Illuminate\\Routing\\Router->dispatchToRoute(Object(Illuminate\\Http\\Request))
#33 /home/as/Documentos/EPSEM-UPC/TFG/FINAL_PROJECT_WEB/SERVER_WEB/RobotCarKit/vendor/laravel/framework/src/Illuminate/Foundation/Http/Kernel.php(176): Illuminate\\Routing\\Router->dispatch(Object(Illuminate\\Http\\Request))
#34 /home/as/Documentos/EPSEM-UPC/TFG/FINAL_PROJECT_WEB/SERVER_WEB/RobotCarKit/vendor/laravel/framework/src/Illuminate/Routing/Pipeline.php(30): Illuminate\\Foundation\\Http\\Kernel->Illuminate\\Foundation\\Http\\{closure}(Object(Illuminate\\Http\\Request))
#35 /home/as/Documentos/EPSEM-UPC/TFG/FINAL_PROJECT_WEB/SERVER_WEB/RobotCarKit/vendor/fideloper/proxy/src/TrustProxies.php(57): Illuminate\\Routing\\Pipeline->Illuminate\\Routing\\{closure}(Object(Illuminate\\Http\\Request))
#36 /home/as/Documentos/EPSEM-UPC/TFG/FINAL_PROJECT_WEB/SERVER_WEB/RobotCarKit/vendor/laravel/framework/src/Illuminate/Pipeline/Pipeline.php(163): Fideloper\\Proxy\\TrustProxies->handle(Object(Illuminate\\Http\\Request), Object(Closure))
#37 /home/as/Documentos/EPSEM-UPC/TFG/FINAL_PROJECT_WEB/SERVER_WEB/RobotCarKit/vendor/laravel/framework/src/Illuminate/Routing/Pipeline.php(53): Illuminate\\Pipeline\\Pipeline->Illuminate\\Pipeline\\{closure}(Object(Illuminate\\Http\\Request))
#38 /home/as/Documentos/EPSEM-UPC/TFG/FINAL_PROJECT_WEB/SERVER_WEB/RobotCarKit/vendor/laravel/framework/src/Illuminate/Foundation/Http/Middleware/TransformsRequest.php(21): Illuminate\\Routing\\Pipeline->Illuminate\\Routing\\{closure}(Object(Illuminate\\Http\\Request))
#39 /home/as/Documentos/EPSEM-UPC/TFG/FINAL_PROJECT_WEB/SERVER_WEB/RobotCarKit/vendor/laravel/framework/src/Illuminate/Pipeline/Pipeline.php(163): Illuminate\\Foundation\\Http\\Middleware\\TransformsRequest->handle(Object(Illuminate\\Http\\Request), Object(Closure))
#40 /home/as/Documentos/EPSEM-UPC/TFG/FINAL_PROJECT_WEB/SERVER_WEB/RobotCarKit/vendor/laravel/framework/src/Illuminate/Routing/Pipeline.php(53): Illuminate\\Pipeline\\Pipeline->Illuminate\\Pipeline\\{closure}(Object(Illuminate\\Http\\Request))
#41 /home/as/Documentos/EPSEM-UPC/TFG/FINAL_PROJECT_WEB/SERVER_WEB/RobotCarKit/vendor/laravel/framework/src/Illuminate/Foundation/Http/Middleware/TransformsRequest.php(21): Illuminate\\Routing\\Pipeline->Illuminate\\Routing\\{closure}(Object(Illuminate\\Http\\Request))
#42 /home/as/Documentos/EPSEM-UPC/TFG/FINAL_PROJECT_WEB/SERVER_WEB/RobotCarKit/vendor/laravel/framework/src/Illuminate/Pipeline/Pipeline.php(163): Illuminate\\Foundation\\Http\\Middleware\\TransformsRequest->handle(Object(Illuminate\\Http\\Request), Object(Closure))
#43 /home/as/Documentos/EPSEM-UPC/TFG/FINAL_PROJECT_WEB/SERVER_WEB/RobotCarKit/vendor/laravel/framework/src/Illuminate/Routing/Pipeline.php(53): Illuminate\\Pipeline\\Pipeline->Illuminate\\Pipeline\\{closure}(Object(Illuminate\\Http\\Request))
#44 /home/as/Documentos/EPSEM-UPC/TFG/FINAL_PROJECT_WEB/SERVER_WEB/RobotCarKit/vendor/laravel/framework/src/Illuminate/Foundation/Http/Middleware/ValidatePostSize.php(27): Illuminate\\Routing\\Pipeline->Illuminate\\Routing\\{closure}(Object(Illuminate\\Http\\Request))
#45 /home/as/Documentos/EPSEM-UPC/TFG/FINAL_PROJECT_WEB/SERVER_WEB/RobotCarKit/vendor/laravel/framework/src/Illuminate/Pipeline/Pipeline.php(163): Illuminate\\Foundation\\Http\\Middleware\\ValidatePostSize->handle(Object(Illuminate\\Http\\Request), Object(Closure))
#46 /home/as/Documentos/EPSEM-UPC/TFG/FINAL_PROJECT_WEB/SERVER_WEB/RobotCarKit/vendor/laravel/framework/src/Illuminate/Routing/Pipeline.php(53): Illuminate\\Pipeline\\Pipeline->Illuminate\\Pipeline\\{closure}(Object(Illuminate\\Http\\Request))
#47 /home/as/Documentos/EPSEM-UPC/TFG/FINAL_PROJECT_WEB/SERVER_WEB/RobotCarKit/vendor/laravel/framework/src/Illuminate/Foundation/Http/Middleware/CheckForMaintenanceMode.php(62): Illuminate\\Routing\\Pipeline->Illuminate\\Routing\\{closure}(Object(Illuminate\\Http\\Request))
#48 /home/as/Documentos/EPSEM-UPC/TFG/FINAL_PROJECT_WEB/SERVER_WEB/RobotCarKit/vendor/laravel/framework/src/Illuminate/Pipeline/Pipeline.php(163): Illuminate\\Foundation\\Http\\Middleware\\CheckForMaintenanceMode->handle(Object(Illuminate\\Http\\Request), Object(Closure))
#49 /home/as/Documentos/EPSEM-UPC/TFG/FINAL_PROJECT_WEB/SERVER_WEB/RobotCarKit/vendor/laravel/framework/src/Illuminate/Routing/Pipeline.php(53): Illuminate\\Pipeline\\Pipeline->Illuminate\\Pipeline\\{closure}(Object(Illuminate\\Http\\Request))
#50 /home/as/Documentos/EPSEM-UPC/TFG/FINAL_PROJECT_WEB/SERVER_WEB/RobotCarKit/vendor/laravel/framework/src/Illuminate/Pipeline/Pipeline.php(104): Illuminate\\Routing\\Pipeline->Illuminate\\Routing\\{closure}(Object(Illuminate\\Http\\Request))
#51 /home/as/Documentos/EPSEM-UPC/TFG/FINAL_PROJECT_WEB/SERVER_WEB/RobotCarKit/vendor/laravel/framework/src/Illuminate/Foundation/Http/Kernel.php(151): Illuminate\\Pipeline\\Pipeline->then(Object(Closure))
#52 /home/as/Documentos/EPSEM-UPC/TFG/FINAL_PROJECT_WEB/SERVER_WEB/RobotCarKit/vendor/laravel/framework/src/Illuminate/Foundation/Http/Kernel.php(116): Illuminate\\Foundation\\Http\\Kernel->sendRequestThroughRouter(Object(Illuminate\\Http\\Request))
#53 /home/as/Documentos/EPSEM-UPC/TFG/FINAL_PROJECT_WEB/SERVER_WEB/RobotCarKit/public/index.php(55): Illuminate\\Foundation\\Http\\Kernel->handle(Object(Illuminate\\Http\\Request))
#54 /home/as/Documentos/EPSEM-UPC/TFG/FINAL_PROJECT_WEB/SERVER_WEB/RobotCarKit/server.php(21): require_once('/home/as/Docume...')
#55 {main}
"} 
[2019-06-03 13:36:07] local.ERROR: socket_connect(): unable to connect [4]: Interrupted system call {"exception":"[object] (ErrorException(code: 0): socket_connect(): unable to connect [4]: Interrupted system call at /home/as/Documentos/EPSEM-UPC/TFG/FINAL_PROJECT_WEB/SERVER_WEB/RobotCarKit/app/Http/Controllers/ApiController.php:55)
[stacktrace]
#0 [internal function]: Illuminate\\Foundation\\Bootstrap\\HandleExceptions->handleError(2, 'socket_connect(...', '/home/as/Docume...', 55, Array)
#1 /home/as/Documentos/EPSEM-UPC/TFG/FINAL_PROJECT_WEB/SERVER_WEB/RobotCarKit/app/Http/Controllers/ApiController.php(55): socket_connect(Resource id #7, '192.168.0.160', 2000)
#2 /home/as/Documentos/EPSEM-UPC/TFG/FINAL_PROJECT_WEB/SERVER_WEB/RobotCarKit/app/Http/Controllers/Programa1Controller.php(20): App\\Http\\Controllers\\ApiController::sendServerPipe('PRG1')
#3 [internal function]: App\\Http\\Controllers\\Programa1Controller->index()
#4 /home/as/Documentos/EPSEM-UPC/TFG/FINAL_PROJECT_WEB/SERVER_WEB/RobotCarKit/vendor/laravel/framework/src/Illuminate/Routing/Controller.php(54): call_user_func_array(Array, Array)
#5 /home/as/Documentos/EPSEM-UPC/TFG/FINAL_PROJECT_WEB/SERVER_WEB/RobotCarKit/vendor/laravel/framework/src/Illuminate/Routing/ControllerDispatcher.php(45): Illuminate\\Routing\\Controller->callAction('index', Array)
#6 /home/as/Documentos/EPSEM-UPC/TFG/FINAL_PROJECT_WEB/SERVER_WEB/RobotCarKit/vendor/laravel/framework/src/Illuminate/Routing/Route.php(219): Illuminate\\Routing\\ControllerDispatcher->dispatch(Object(Illuminate\\Routing\\Route), Object(App\\Http\\Controllers\\Programa1Controller), 'index')
#7 /home/as/Documentos/EPSEM-UPC/TFG/FINAL_PROJECT_WEB/SERVER_WEB/RobotCarKit/vendor/laravel/framework/src/Illuminate/Routing/Route.php(176): Illuminate\\Routing\\Route->runController()
#8 /home/as/Documentos/EPSEM-UPC/TFG/FINAL_PROJECT_WEB/SERVER_WEB/RobotCarKit/vendor/laravel/framework/src/Illuminate/Routing/Router.php(680): Illuminate\\Routing\\Route->run()
#9 /home/as/Documentos/EPSEM-UPC/TFG/FINAL_PROJECT_WEB/SERVER_WEB/RobotCarKit/vendor/laravel/framework/src/Illuminate/Routing/Pipeline.php(30): Illuminate\\Routing\\Router->Illuminate\\Routing\\{closure}(Object(Illuminate\\Http\\Request))
#10 /home/as/Documentos/EPSEM-UPC/TFG/FINAL_PROJECT_WEB/SERVER_WEB/RobotCarKit/vendor/laravel/framework/src/Illuminate/Routing/Middleware/SubstituteBindings.php(41): Illuminate\\Routing\\Pipeline->Illuminate\\Routing\\{closure}(Object(Illuminate\\Http\\Request))
#11 /home/as/Documentos/EPSEM-UPC/TFG/FINAL_PROJECT_WEB/SERVER_WEB/RobotCarKit/vendor/laravel/framework/src/Illuminate/Pipeline/Pipeline.php(163): Illuminate\\Routing\\Middleware\\SubstituteBindings->handle(Object(Illuminate\\Http\\Request), Object(Closure))
#12 /home/as/Documentos/EPSEM-UPC/TFG/FINAL_PROJECT_WEB/SERVER_WEB/RobotCarKit/vendor/laravel/framework/src/Illuminate/Routing/Pipeline.php(53): Illuminate\\Pipeline\\Pipeline->Illuminate\\Pipeline\\{closure}(Object(Illuminate\\Http\\Request))
#13 /home/as/Documentos/EPSEM-UPC/TFG/FINAL_PROJECT_WEB/SERVER_WEB/RobotCarKit/vendor/laravel/framework/src/Illuminate/Foundation/Http/Middleware/VerifyCsrfToken.php(75): Illuminate\\Routing\\Pipeline->Illuminate\\Routing\\{closure}(Object(Illuminate\\Http\\Request))
#14 /home/as/Documentos/EPSEM-UPC/TFG/FINAL_PROJECT_WEB/SERVER_WEB/RobotCarKit/vendor/laravel/framework/src/Illuminate/Pipeline/Pipeline.php(163): Illuminate\\Foundation\\Http\\Middleware\\VerifyCsrfToken->handle(Object(Illuminate\\Http\\Request), Object(Closure))
#15 /home/as/Documentos/EPSEM-UPC/TFG/FINAL_PROJECT_WEB/SERVER_WEB/RobotCarKit/vendor/laravel/framework/src/Illuminate/Routing/Pipeline.php(53): Illuminate\\Pipeline\\Pipeline->Illuminate\\Pipeline\\{closure}(Object(Illuminate\\Http\\Request))
#16 /home/as/Documentos/EPSEM-UPC/TFG/FINAL_PROJECT_WEB/SERVER_WEB/RobotCarKit/vendor/laravel/framework/src/Illuminate/View/Middleware/ShareErrorsFromSession.php(49): Illuminate\\Routing\\Pipeline->Illuminate\\Routing\\{closure}(Object(Illuminate\\Http\\Request))
#17 /home/as/Documentos/EPSEM-UPC/TFG/FINAL_PROJECT_WEB/SERVER_WEB/RobotCarKit/vendor/laravel/framework/src/Illuminate/Pipeline/Pipeline.php(163): Illuminate\\View\\Middleware\\ShareErrorsFromSession->handle(Object(Illuminate\\Http\\Request), Object(Closure))
#18 /home/as/Documentos/EPSEM-UPC/TFG/FINAL_PROJECT_WEB/SERVER_WEB/RobotCarKit/vendor/laravel/framework/src/Illuminate/Routing/Pipeline.php(53): Illuminate\\Pipeline\\Pipeline->Illuminate\\Pipeline\\{closure}(Object(Illuminate\\Http\\Request))
#19 /home/as/Documentos/EPSEM-UPC/TFG/FINAL_PROJECT_WEB/SERVER_WEB/RobotCarKit/vendor/laravel/framework/src/Illuminate/Session/Middleware/StartSession.php(56): Illuminate\\Routing\\Pipeline->Illuminate\\Routing\\{closure}(Object(Illuminate\\Http\\Request))
#20 /home/as/Documentos/EPSEM-UPC/TFG/FINAL_PROJECT_WEB/SERVER_WEB/RobotCarKit/vendor/laravel/framework/src/Illuminate/Pipeline/Pipeline.php(163): Illuminate\\Session\\Middleware\\StartSession->handle(Object(Illuminate\\Http\\Request), Object(Closure))
#21 /home/as/Documentos/EPSEM-UPC/TFG/FINAL_PROJECT_WEB/SERVER_WEB/RobotCarKit/vendor/laravel/framework/src/Illuminate/Routing/Pipeline.php(53): Illuminate\\Pipeline\\Pipeline->Illuminate\\Pipeline\\{closure}(Object(Illuminate\\Http\\Request))
#22 /home/as/Documentos/EPSEM-UPC/TFG/FINAL_PROJECT_WEB/SERVER_WEB/RobotCarKit/vendor/laravel/framework/src/Illuminate/Cookie/Middleware/AddQueuedCookiesToResponse.php(37): Illuminate\\Routing\\Pipeline->Illuminate\\Routing\\{closure}(Object(Illuminate\\Http\\Request))
#23 /home/as/Documentos/EPSEM-UPC/TFG/FINAL_PROJECT_WEB/SERVER_WEB/RobotCarKit/vendor/laravel/framework/src/Illuminate/Pipeline/Pipeline.php(163): Illuminate\\Cookie\\Middleware\\AddQueuedCookiesToResponse->handle(Object(Illuminate\\Http\\Request), Object(Closure))
#24 /home/as/Documentos/EPSEM-UPC/TFG/FINAL_PROJECT_WEB/SERVER_WEB/RobotCarKit/vendor/laravel/framework/src/Illuminate/Routing/Pipeline.php(53): Illuminate\\Pipeline\\Pipeline->Illuminate\\Pipeline\\{closure}(Object(Illuminate\\Http\\Request))
#25 /home/as/Documentos/EPSEM-UPC/TFG/FINAL_PROJECT_WEB/SERVER_WEB/RobotCarKit/vendor/laravel/framework/src/Illuminate/Cookie/Middleware/EncryptCookies.php(66): Illuminate\\Routing\\Pipeline->Illuminate\\Routing\\{closure}(Object(Illuminate\\Http\\Request))
#26 /home/as/Documentos/EPSEM-UPC/TFG/FINAL_PROJECT_WEB/SERVER_WEB/RobotCarKit/vendor/laravel/framework/src/Illuminate/Pipeline/Pipeline.php(163): Illuminate\\Cookie\\Middleware\\EncryptCookies->handle(Object(Illuminate\\Http\\Request), Object(Closure))
#27 /home/as/Documentos/EPSEM-UPC/TFG/FINAL_PROJECT_WEB/SERVER_WEB/RobotCarKit/vendor/laravel/framework/src/Illuminate/Routing/Pipeline.php(53): Illuminate\\Pipeline\\Pipeline->Illuminate\\Pipeline\\{closure}(Object(Illuminate\\Http\\Request))
#28 /home/as/Documentos/EPSEM-UPC/TFG/FINAL_PROJECT_WEB/SERVER_WEB/RobotCarKit/vendor/laravel/framework/src/Illuminate/Pipeline/Pipeline.php(104): Illuminate\\Routing\\Pipeline->Illuminate\\Routing\\{closure}(Object(Illuminate\\Http\\Request))
#29 /home/as/Documentos/EPSEM-UPC/TFG/FINAL_PROJECT_WEB/SERVER_WEB/RobotCarKit/vendor/laravel/framework/src/Illuminate/Routing/Router.php(682): Illuminate\\Pipeline\\Pipeline->then(Object(Closure))
#30 /home/as/Documentos/EPSEM-UPC/TFG/FINAL_PROJECT_WEB/SERVER_WEB/RobotCarKit/vendor/laravel/framework/src/Illuminate/Routing/Router.php(657): Illuminate\\Routing\\Router->runRouteWithinStack(Object(Illuminate\\Routing\\Route), Object(Illuminate\\Http\\Request))
#31 /home/as/Documentos/EPSEM-UPC/TFG/FINAL_PROJECT_WEB/SERVER_WEB/RobotCarKit/vendor/laravel/framework/src/Illuminate/Routing/Router.php(623): Illuminate\\Routing\\Router->runRoute(Object(Illuminate\\Http\\Request), Object(Illuminate\\Routing\\Route))
#32 /home/as/Documentos/EPSEM-UPC/TFG/FINAL_PROJECT_WEB/SERVER_WEB/RobotCarKit/vendor/laravel/framework/src/Illuminate/Routing/Router.php(612): Illuminate\\Routing\\Router->dispatchToRoute(Object(Illuminate\\Http\\Request))
#33 /home/as/Documentos/EPSEM-UPC/TFG/FINAL_PROJECT_WEB/SERVER_WEB/RobotCarKit/vendor/laravel/framework/src/Illuminate/Foundation/Http/Kernel.php(176): Illuminate\\Routing\\Router->dispatch(Object(Illuminate\\Http\\Request))
#34 /home/as/Documentos/EPSEM-UPC/TFG/FINAL_PROJECT_WEB/SERVER_WEB/RobotCarKit/vendor/laravel/framework/src/Illuminate/Routing/Pipeline.php(30): Illuminate\\Foundation\\Http\\Kernel->Illuminate\\Foundation\\Http\\{closure}(Object(Illuminate\\Http\\Request))
#35 /home/as/Documentos/EPSEM-UPC/TFG/FINAL_PROJECT_WEB/SERVER_WEB/RobotCarKit/vendor/fideloper/proxy/src/TrustProxies.php(57): Illuminate\\Routing\\Pipeline->Illuminate\\Routing\\{closure}(Object(Illuminate\\Http\\Request))
#36 /home/as/Documentos/EPSEM-UPC/TFG/FINAL_PROJECT_WEB/SERVER_WEB/RobotCarKit/vendor/laravel/framework/src/Illuminate/Pipeline/Pipeline.php(163): Fideloper\\Proxy\\TrustProxies->handle(Object(Illuminate\\Http\\Request), Object(Closure))
#37 /home/as/Documentos/EPSEM-UPC/TFG/FINAL_PROJECT_WEB/SERVER_WEB/RobotCarKit/vendor/laravel/framework/src/Illuminate/Routing/Pipeline.php(53): Illuminate\\Pipeline\\Pipeline->Illuminate\\Pipeline\\{closure}(Object(Illuminate\\Http\\Request))
#38 /home/as/Documentos/EPSEM-UPC/TFG/FINAL_PROJECT_WEB/SERVER_WEB/RobotCarKit/vendor/laravel/framework/src/Illuminate/Foundation/Http/Middleware/TransformsRequest.php(21): Illuminate\\Routing\\Pipeline->Illuminate\\Routing\\{closure}(Object(Illuminate\\Http\\Request))
#39 /home/as/Documentos/EPSEM-UPC/TFG/FINAL_PROJECT_WEB/SERVER_WEB/RobotCarKit/vendor/laravel/framework/src/Illuminate/Pipeline/Pipeline.php(163): Illuminate\\Foundation\\Http\\Middleware\\TransformsRequest->handle(Object(Illuminate\\Http\\Request), Object(Closure))
#40 /home/as/Documentos/EPSEM-UPC/TFG/FINAL_PROJECT_WEB/SERVER_WEB/RobotCarKit/vendor/laravel/framework/src/Illuminate/Routing/Pipeline.php(53): Illuminate\\Pipeline\\Pipeline->Illuminate\\Pipeline\\{closure}(Object(Illuminate\\Http\\Request))
#41 /home/as/Documentos/EPSEM-UPC/TFG/FINAL_PROJECT_WEB/SERVER_WEB/RobotCarKit/vendor/laravel/framework/src/Illuminate/Foundation/Http/Middleware/TransformsRequest.php(21): Illuminate\\Routing\\Pipeline->Illuminate\\Routing\\{closure}(Object(Illuminate\\Http\\Request))
#42 /home/as/Documentos/EPSEM-UPC/TFG/FINAL_PROJECT_WEB/SERVER_WEB/RobotCarKit/vendor/laravel/framework/src/Illuminate/Pipeline/Pipeline.php(163): Illuminate\\Foundation\\Http\\Middleware\\TransformsRequest->handle(Object(Illuminate\\Http\\Request), Object(Closure))
#43 /home/as/Documentos/EPSEM-UPC/TFG/FINAL_PROJECT_WEB/SERVER_WEB/RobotCarKit/vendor/laravel/framework/src/Illuminate/Routing/Pipeline.php(53): Illuminate\\Pipeline\\Pipeline->Illuminate\\Pipeline\\{closure}(Object(Illuminate\\Http\\Request))
#44 /home/as/Documentos/EPSEM-UPC/TFG/FINAL_PROJECT_WEB/SERVER_WEB/RobotCarKit/vendor/laravel/framework/src/Illuminate/Foundation/Http/Middleware/ValidatePostSize.php(27): Illuminate\\Routing\\Pipeline->Illuminate\\Routing\\{closure}(Object(Illuminate\\Http\\Request))
#45 /home/as/Documentos/EPSEM-UPC/TFG/FINAL_PROJECT_WEB/SERVER_WEB/RobotCarKit/vendor/laravel/framework/src/Illuminate/Pipeline/Pipeline.php(163): Illuminate\\Foundation\\Http\\Middleware\\ValidatePostSize->handle(Object(Illuminate\\Http\\Request), Object(Closure))
#46 /home/as/Documentos/EPSEM-UPC/TFG/FINAL_PROJECT_WEB/SERVER_WEB/RobotCarKit/vendor/laravel/framework/src/Illuminate/Routing/Pipeline.php(53): Illuminate\\Pipeline\\Pipeline->Illuminate\\Pipeline\\{closure}(Object(Illuminate\\Http\\Request))
#47 /home/as/Documentos/EPSEM-UPC/TFG/FINAL_PROJECT_WEB/SERVER_WEB/RobotCarKit/vendor/laravel/framework/src/Illuminate/Foundation/Http/Middleware/CheckForMaintenanceMode.php(62): Illuminate\\Routing\\Pipeline->Illuminate\\Routing\\{closure}(Object(Illuminate\\Http\\Request))
#48 /home/as/Documentos/EPSEM-UPC/TFG/FINAL_PROJECT_WEB/SERVER_WEB/RobotCarKit/vendor/laravel/framework/src/Illuminate/Pipeline/Pipeline.php(163): Illuminate\\Foundation\\Http\\Middleware\\CheckForMaintenanceMode->handle(Object(Illuminate\\Http\\Request), Object(Closure))
#49 /home/as/Documentos/EPSEM-UPC/TFG/FINAL_PROJECT_WEB/SERVER_WEB/RobotCarKit/vendor/laravel/framework/src/Illuminate/Routing/Pipeline.php(53): Illuminate\\Pipeline\\Pipeline->Illuminate\\Pipeline\\{closure}(Object(Illuminate\\Http\\Request))
#50 /home/as/Documentos/EPSEM-UPC/TFG/FINAL_PROJECT_WEB/SERVER_WEB/RobotCarKit/vendor/laravel/framework/src/Illuminate/Pipeline/Pipeline.php(104): Illuminate\\Routing\\Pipeline->Illuminate\\Routing\\{closure}(Object(Illuminate\\Http\\Request))
#51 /home/as/Documentos/EPSEM-UPC/TFG/FINAL_PROJECT_WEB/SERVER_WEB/RobotCarKit/vendor/laravel/framework/src/Illuminate/Foundation/Http/Kernel.php(151): Illuminate\\Pipeline\\Pipeline->then(Object(Closure))
#52 /home/as/Documentos/EPSEM-UPC/TFG/FINAL_PROJECT_WEB/SERVER_WEB/RobotCarKit/vendor/laravel/framework/src/Illuminate/Foundation/Http/Kernel.php(116): Illuminate\\Foundation\\Http\\Kernel->sendRequestThroughRouter(Object(Illuminate\\Http\\Request))
#53 /home/as/Documentos/EPSEM-UPC/TFG/FINAL_PROJECT_WEB/SERVER_WEB/RobotCarKit/public/index.php(55): Illuminate\\Foundation\\Http\\Kernel->handle(Object(Illuminate\\Http\\Request))
#54 /home/as/Documentos/EPSEM-UPC/TFG/FINAL_PROJECT_WEB/SERVER_WEB/RobotCarKit/server.php(21): require_once('/home/as/Docume...')
#55 {main}
"} 
[2019-06-03 13:41:19] local.ERROR: socket_connect(): unable to connect [110]: Connection timed out {"exception":"[object] (ErrorException(code: 0): socket_connect(): unable to connect [110]: Connection timed out at /home/as/Documentos/EPSEM-UPC/TFG/FINAL_PROJECT_WEB/SERVER_WEB/RobotCarKit/app/Http/Controllers/ApiController.php:55)
[stacktrace]
#0 [internal function]: Illuminate\\Foundation\\Bootstrap\\HandleExceptions->handleError(2, 'socket_connect(...', '/home/as/Docume...', 55, Array)
#1 /home/as/Documentos/EPSEM-UPC/TFG/FINAL_PROJECT_WEB/SERVER_WEB/RobotCarKit/app/Http/Controllers/ApiController.php(55): socket_connect(Resource id #16, '192.168.0.160', 2000)
#2 /home/as/Documentos/EPSEM-UPC/TFG/FINAL_PROJECT_WEB/SERVER_WEB/RobotCarKit/app/Http/Controllers/Programa1Controller.php(20): App\\Http\\Controllers\\ApiController::sendServerPipe('PRG1')
#3 [internal function]: App\\Http\\Controllers\\Programa1Controller->index()
#4 /home/as/Documentos/EPSEM-UPC/TFG/FINAL_PROJECT_WEB/SERVER_WEB/RobotCarKit/vendor/laravel/framework/src/Illuminate/Routing/Controller.php(54): call_user_func_array(Array, Array)
#5 /home/as/Documentos/EPSEM-UPC/TFG/FINAL_PROJECT_WEB/SERVER_WEB/RobotCarKit/vendor/laravel/framework/src/Illuminate/Routing/ControllerDispatcher.php(45): Illuminate\\Routing\\Controller->callAction('index', Array)
#6 /home/as/Documentos/EPSEM-UPC/TFG/FINAL_PROJECT_WEB/SERVER_WEB/RobotCarKit/vendor/laravel/framework/src/Illuminate/Routing/Route.php(219): Illuminate\\Routing\\ControllerDispatcher->dispatch(Object(Illuminate\\Routing\\Route), Object(App\\Http\\Controllers\\Programa1Controller), 'index')
#7 /home/as/Documentos/EPSEM-UPC/TFG/FINAL_PROJECT_WEB/SERVER_WEB/RobotCarKit/vendor/laravel/framework/src/Illuminate/Routing/Route.php(176): Illuminate\\Routing\\Route->runController()
#8 /home/as/Documentos/EPSEM-UPC/TFG/FINAL_PROJECT_WEB/SERVER_WEB/RobotCarKit/vendor/laravel/framework/src/Illuminate/Routing/Router.php(680): Illuminate\\Routing\\Route->run()
#9 /home/as/Documentos/EPSEM-UPC/TFG/FINAL_PROJECT_WEB/SERVER_WEB/RobotCarKit/vendor/laravel/framework/src/Illuminate/Routing/Pipeline.php(30): Illuminate\\Routing\\Router->Illuminate\\Routing\\{closure}(Object(Illuminate\\Http\\Request))
#10 /home/as/Documentos/EPSEM-UPC/TFG/FINAL_PROJECT_WEB/SERVER_WEB/RobotCarKit/vendor/laravel/framework/src/Illuminate/Routing/Middleware/SubstituteBindings.php(41): Illuminate\\Routing\\Pipeline->Illuminate\\Routing\\{closure}(Object(Illuminate\\Http\\Request))
#11 /home/as/Documentos/EPSEM-UPC/TFG/FINAL_PROJECT_WEB/SERVER_WEB/RobotCarKit/vendor/laravel/framework/src/Illuminate/Pipeline/Pipeline.php(163): Illuminate\\Routing\\Middleware\\SubstituteBindings->handle(Object(Illuminate\\Http\\Request), Object(Closure))
#12 /home/as/Documentos/EPSEM-UPC/TFG/FINAL_PROJECT_WEB/SERVER_WEB/RobotCarKit/vendor/laravel/framework/src/Illuminate/Routing/Pipeline.php(53): Illuminate\\Pipeline\\Pipeline->Illuminate\\Pipeline\\{closure}(Object(Illuminate\\Http\\Request))
#13 /home/as/Documentos/EPSEM-UPC/TFG/FINAL_PROJECT_WEB/SERVER_WEB/RobotCarKit/vendor/laravel/framework/src/Illuminate/Foundation/Http/Middleware/VerifyCsrfToken.php(75): Illuminate\\Routing\\Pipeline->Illuminate\\Routing\\{closure}(Object(Illuminate\\Http\\Request))
#14 /home/as/Documentos/EPSEM-UPC/TFG/FINAL_PROJECT_WEB/SERVER_WEB/RobotCarKit/vendor/laravel/framework/src/Illuminate/Pipeline/Pipeline.php(163): Illuminate\\Foundation\\Http\\Middleware\\VerifyCsrfToken->handle(Object(Illuminate\\Http\\Request), Object(Closure))
#15 /home/as/Documentos/EPSEM-UPC/TFG/FINAL_PROJECT_WEB/SERVER_WEB/RobotCarKit/vendor/laravel/framework/src/Illuminate/Routing/Pipeline.php(53): Illuminate\\Pipeline\\Pipeline->Illuminate\\Pipeline\\{closure}(Object(Illuminate\\Http\\Request))
#16 /home/as/Documentos/EPSEM-UPC/TFG/FINAL_PROJECT_WEB/SERVER_WEB/RobotCarKit/vendor/laravel/framework/src/Illuminate/View/Middleware/ShareErrorsFromSession.php(49): Illuminate\\Routing\\Pipeline->Illuminate\\Routing\\{closure}(Object(Illuminate\\Http\\Request))
#17 /home/as/Documentos/EPSEM-UPC/TFG/FINAL_PROJECT_WEB/SERVER_WEB/RobotCarKit/vendor/laravel/framework/src/Illuminate/Pipeline/Pipeline.php(163): Illuminate\\View\\Middleware\\ShareErrorsFromSession->handle(Object(Illuminate\\Http\\Request), Object(Closure))
#18 /home/as/Documentos/EPSEM-UPC/TFG/FINAL_PROJECT_WEB/SERVER_WEB/RobotCarKit/vendor/laravel/framework/src/Illuminate/Routing/Pipeline.php(53): Illuminate\\Pipeline\\Pipeline->Illuminate\\Pipeline\\{closure}(Object(Illuminate\\Http\\Request))
#19 /home/as/Documentos/EPSEM-UPC/TFG/FINAL_PROJECT_WEB/SERVER_WEB/RobotCarKit/vendor/laravel/framework/src/Illuminate/Session/Middleware/StartSession.php(56): Illuminate\\Routing\\Pipeline->Illuminate\\Routing\\{closure}(Object(Illuminate\\Http\\Request))
#20 /home/as/Documentos/EPSEM-UPC/TFG/FINAL_PROJECT_WEB/SERVER_WEB/RobotCarKit/vendor/laravel/framework/src/Illuminate/Pipeline/Pipeline.php(163): Illuminate\\Session\\Middleware\\StartSession->handle(Object(Illuminate\\Http\\Request), Object(Closure))
#21 /home/as/Documentos/EPSEM-UPC/TFG/FINAL_PROJECT_WEB/SERVER_WEB/RobotCarKit/vendor/laravel/framework/src/Illuminate/Routing/Pipeline.php(53): Illuminate\\Pipeline\\Pipeline->Illuminate\\Pipeline\\{closure}(Object(Illuminate\\Http\\Request))
#22 /home/as/Documentos/EPSEM-UPC/TFG/FINAL_PROJECT_WEB/SERVER_WEB/RobotCarKit/vendor/laravel/framework/src/Illuminate/Cookie/Middleware/AddQueuedCookiesToResponse.php(37): Illuminate\\Routing\\Pipeline->Illuminate\\Routing\\{closure}(Object(Illuminate\\Http\\Request))
#23 /home/as/Documentos/EPSEM-UPC/TFG/FINAL_PROJECT_WEB/SERVER_WEB/RobotCarKit/vendor/laravel/framework/src/Illuminate/Pipeline/Pipeline.php(163): Illuminate\\Cookie\\Middleware\\AddQueuedCookiesToResponse->handle(Object(Illuminate\\Http\\Request), Object(Closure))
#24 /home/as/Documentos/EPSEM-UPC/TFG/FINAL_PROJECT_WEB/SERVER_WEB/RobotCarKit/vendor/laravel/framework/src/Illuminate/Routing/Pipeline.php(53): Illuminate\\Pipeline\\Pipeline->Illuminate\\Pipeline\\{closure}(Object(Illuminate\\Http\\Request))
#25 /home/as/Documentos/EPSEM-UPC/TFG/FINAL_PROJECT_WEB/SERVER_WEB/RobotCarKit/vendor/laravel/framework/src/Illuminate/Cookie/Middleware/EncryptCookies.php(66): Illuminate\\Routing\\Pipeline->Illuminate\\Routing\\{closure}(Object(Illuminate\\Http\\Request))
#26 /home/as/Documentos/EPSEM-UPC/TFG/FINAL_PROJECT_WEB/SERVER_WEB/RobotCarKit/vendor/laravel/framework/src/Illuminate/Pipeline/Pipeline.php(163): Illuminate\\Cookie\\Middleware\\EncryptCookies->handle(Object(Illuminate\\Http\\Request), Object(Closure))
#27 /home/as/Documentos/EPSEM-UPC/TFG/FINAL_PROJECT_WEB/SERVER_WEB/RobotCarKit/vendor/laravel/framework/src/Illuminate/Routing/Pipeline.php(53): Illuminate\\Pipeline\\Pipeline->Illuminate\\Pipeline\\{closure}(Object(Illuminate\\Http\\Request))
#28 /home/as/Documentos/EPSEM-UPC/TFG/FINAL_PROJECT_WEB/SERVER_WEB/RobotCarKit/vendor/laravel/framework/src/Illuminate/Pipeline/Pipeline.php(104): Illuminate\\Routing\\Pipeline->Illuminate\\Routing\\{closure}(Object(Illuminate\\Http\\Request))
#29 /home/as/Documentos/EPSEM-UPC/TFG/FINAL_PROJECT_WEB/SERVER_WEB/RobotCarKit/vendor/laravel/framework/src/Illuminate/Routing/Router.php(682): Illuminate\\Pipeline\\Pipeline->then(Object(Closure))
#30 /home/as/Documentos/EPSEM-UPC/TFG/FINAL_PROJECT_WEB/SERVER_WEB/RobotCarKit/vendor/laravel/framework/src/Illuminate/Routing/Router.php(657): Illuminate\\Routing\\Router->runRouteWithinStack(Object(Illuminate\\Routing\\Route), Object(Illuminate\\Http\\Request))
#31 /home/as/Documentos/EPSEM-UPC/TFG/FINAL_PROJECT_WEB/SERVER_WEB/RobotCarKit/vendor/laravel/framework/src/Illuminate/Routing/Router.php(623): Illuminate\\Routing\\Router->runRoute(Object(Illuminate\\Http\\Request), Object(Illuminate\\Routing\\Route))
#32 /home/as/Documentos/EPSEM-UPC/TFG/FINAL_PROJECT_WEB/SERVER_WEB/RobotCarKit/vendor/laravel/framework/src/Illuminate/Routing/Router.php(612): Illuminate\\Routing\\Router->dispatchToRoute(Object(Illuminate\\Http\\Request))
#33 /home/as/Documentos/EPSEM-UPC/TFG/FINAL_PROJECT_WEB/SERVER_WEB/RobotCarKit/vendor/laravel/framework/src/Illuminate/Foundation/Http/Kernel.php(176): Illuminate\\Routing\\Router->dispatch(Object(Illuminate\\Http\\Request))
#34 /home/as/Documentos/EPSEM-UPC/TFG/FINAL_PROJECT_WEB/SERVER_WEB/RobotCarKit/vendor/laravel/framework/src/Illuminate/Routing/Pipeline.php(30): Illuminate\\Foundation\\Http\\Kernel->Illuminate\\Foundation\\Http\\{closure}(Object(Illuminate\\Http\\Request))
#35 /home/as/Documentos/EPSEM-UPC/TFG/FINAL_PROJECT_WEB/SERVER_WEB/RobotCarKit/vendor/fideloper/proxy/src/TrustProxies.php(57): Illuminate\\Routing\\Pipeline->Illuminate\\Routing\\{closure}(Object(Illuminate\\Http\\Request))
#36 /home/as/Documentos/EPSEM-UPC/TFG/FINAL_PROJECT_WEB/SERVER_WEB/RobotCarKit/vendor/laravel/framework/src/Illuminate/Pipeline/Pipeline.php(163): Fideloper\\Proxy\\TrustProxies->handle(Object(Illuminate\\Http\\Request), Object(Closure))
#37 /home/as/Documentos/EPSEM-UPC/TFG/FINAL_PROJECT_WEB/SERVER_WEB/RobotCarKit/vendor/laravel/framework/src/Illuminate/Routing/Pipeline.php(53): Illuminate\\Pipeline\\Pipeline->Illuminate\\Pipeline\\{closure}(Object(Illuminate\\Http\\Request))
#38 /home/as/Documentos/EPSEM-UPC/TFG/FINAL_PROJECT_WEB/SERVER_WEB/RobotCarKit/vendor/laravel/framework/src/Illuminate/Foundation/Http/Middleware/TransformsRequest.php(21): Illuminate\\Routing\\Pipeline->Illuminate\\Routing\\{closure}(Object(Illuminate\\Http\\Request))
#39 /home/as/Documentos/EPSEM-UPC/TFG/FINAL_PROJECT_WEB/SERVER_WEB/RobotCarKit/vendor/laravel/framework/src/Illuminate/Pipeline/Pipeline.php(163): Illuminate\\Foundation\\Http\\Middleware\\TransformsRequest->handle(Object(Illuminate\\Http\\Request), Object(Closure))
#40 /home/as/Documentos/EPSEM-UPC/TFG/FINAL_PROJECT_WEB/SERVER_WEB/RobotCarKit/vendor/laravel/framework/src/Illuminate/Routing/Pipeline.php(53): Illuminate\\Pipeline\\Pipeline->Illuminate\\Pipeline\\{closure}(Object(Illuminate\\Http\\Request))
#41 /home/as/Documentos/EPSEM-UPC/TFG/FINAL_PROJECT_WEB/SERVER_WEB/RobotCarKit/vendor/laravel/framework/src/Illuminate/Foundation/Http/Middleware/TransformsRequest.php(21): Illuminate\\Routing\\Pipeline->Illuminate\\Routing\\{closure}(Object(Illuminate\\Http\\Request))
#42 /home/as/Documentos/EPSEM-UPC/TFG/FINAL_PROJECT_WEB/SERVER_WEB/RobotCarKit/vendor/laravel/framework/src/Illuminate/Pipeline/Pipeline.php(163): Illuminate\\Foundation\\Http\\Middleware\\TransformsRequest->handle(Object(Illuminate\\Http\\Request), Object(Closure))
#43 /home/as/Documentos/EPSEM-UPC/TFG/FINAL_PROJECT_WEB/SERVER_WEB/RobotCarKit/vendor/laravel/framework/src/Illuminate/Routing/Pipeline.php(53): Illuminate\\Pipeline\\Pipeline->Illuminate\\Pipeline\\{closure}(Object(Illuminate\\Http\\Request))
#44 /home/as/Documentos/EPSEM-UPC/TFG/FINAL_PROJECT_WEB/SERVER_WEB/RobotCarKit/vendor/laravel/framework/src/Illuminate/Foundation/Http/Middleware/ValidatePostSize.php(27): Illuminate\\Routing\\Pipeline->Illuminate\\Routing\\{closure}(Object(Illuminate\\Http\\Request))
#45 /home/as/Documentos/EPSEM-UPC/TFG/FINAL_PROJECT_WEB/SERVER_WEB/RobotCarKit/vendor/laravel/framework/src/Illuminate/Pipeline/Pipeline.php(163): Illuminate\\Foundation\\Http\\Middleware\\ValidatePostSize->handle(Object(Illuminate\\Http\\Request), Object(Closure))
#46 /home/as/Documentos/EPSEM-UPC/TFG/FINAL_PROJECT_WEB/SERVER_WEB/RobotCarKit/vendor/laravel/framework/src/Illuminate/Routing/Pipeline.php(53): Illuminate\\Pipeline\\Pipeline->Illuminate\\Pipeline\\{closure}(Object(Illuminate\\Http\\Request))
#47 /home/as/Documentos/EPSEM-UPC/TFG/FINAL_PROJECT_WEB/SERVER_WEB/RobotCarKit/vendor/laravel/framework/src/Illuminate/Foundation/Http/Middleware/CheckForMaintenanceMode.php(62): Illuminate\\Routing\\Pipeline->Illuminate\\Routing\\{closure}(Object(Illuminate\\Http\\Request))
#48 /home/as/Documentos/EPSEM-UPC/TFG/FINAL_PROJECT_WEB/SERVER_WEB/RobotCarKit/vendor/laravel/framework/src/Illuminate/Pipeline/Pipeline.php(163): Illuminate\\Foundation\\Http\\Middleware\\CheckForMaintenanceMode->handle(Object(Illuminate\\Http\\Request), Object(Closure))
#49 /home/as/Documentos/EPSEM-UPC/TFG/FINAL_PROJECT_WEB/SERVER_WEB/RobotCarKit/vendor/laravel/framework/src/Illuminate/Routing/Pipeline.php(53): Illuminate\\Pipeline\\Pipeline->Illuminate\\Pipeline\\{closure}(Object(Illuminate\\Http\\Request))
#50 /home/as/Documentos/EPSEM-UPC/TFG/FINAL_PROJECT_WEB/SERVER_WEB/RobotCarKit/vendor/laravel/framework/src/Illuminate/Pipeline/Pipeline.php(104): Illuminate\\Routing\\Pipeline->Illuminate\\Routing\\{closure}(Object(Illuminate\\Http\\Request))
#51 /home/as/Documentos/EPSEM-UPC/TFG/FINAL_PROJECT_WEB/SERVER_WEB/RobotCarKit/vendor/laravel/framework/src/Illuminate/Foundation/Http/Kernel.php(151): Illuminate\\Pipeline\\Pipeline->then(Object(Closure))
#52 /home/as/Documentos/EPSEM-UPC/TFG/FINAL_PROJECT_WEB/SERVER_WEB/RobotCarKit/vendor/laravel/framework/src/Illuminate/Foundation/Http/Kernel.php(116): Illuminate\\Foundation\\Http\\Kernel->sendRequestThroughRouter(Object(Illuminate\\Http\\Request))
#53 /home/as/Documentos/EPSEM-UPC/TFG/FINAL_PROJECT_WEB/SERVER_WEB/RobotCarKit/public/index.php(55): Illuminate\\Foundation\\Http\\Kernel->handle(Object(Illuminate\\Http\\Request))
#54 /home/as/Documentos/EPSEM-UPC/TFG/FINAL_PROJECT_WEB/SERVER_WEB/RobotCarKit/server.php(21): require_once('/home/as/Docume...')
#55 {main}
"} 
[2019-06-03 13:43:21] local.ERROR: socket_connect(): unable to connect [4]: Interrupted system call {"exception":"[object] (ErrorException(code: 0): socket_connect(): unable to connect [4]: Interrupted system call at /home/as/Documentos/EPSEM-UPC/TFG/FINAL_PROJECT_WEB/SERVER_WEB/RobotCarKit/app/Http/Controllers/ApiController.php:55)
[stacktrace]
#0 [internal function]: Illuminate\\Foundation\\Bootstrap\\HandleExceptions->handleError(2, 'socket_connect(...', '/home/as/Docume...', 55, Array)
#1 /home/as/Documentos/EPSEM-UPC/TFG/FINAL_PROJECT_WEB/SERVER_WEB/RobotCarKit/app/Http/Controllers/ApiController.php(55): socket_connect(Resource id #7, '192.168.0.160', 2000)
#2 /home/as/Documentos/EPSEM-UPC/TFG/FINAL_PROJECT_WEB/SERVER_WEB/RobotCarKit/app/Http/Controllers/Programa1Controller.php(20): App\\Http\\Controllers\\ApiController::sendServerPipe('PRG1')
#3 [internal function]: App\\Http\\Controllers\\Programa1Controller->index()
#4 /home/as/Documentos/EPSEM-UPC/TFG/FINAL_PROJECT_WEB/SERVER_WEB/RobotCarKit/vendor/laravel/framework/src/Illuminate/Routing/Controller.php(54): call_user_func_array(Array, Array)
#5 /home/as/Documentos/EPSEM-UPC/TFG/FINAL_PROJECT_WEB/SERVER_WEB/RobotCarKit/vendor/laravel/framework/src/Illuminate/Routing/ControllerDispatcher.php(45): Illuminate\\Routing\\Controller->callAction('index', Array)
#6 /home/as/Documentos/EPSEM-UPC/TFG/FINAL_PROJECT_WEB/SERVER_WEB/RobotCarKit/vendor/laravel/framework/src/Illuminate/Routing/Route.php(219): Illuminate\\Routing\\ControllerDispatcher->dispatch(Object(Illuminate\\Routing\\Route), Object(App\\Http\\Controllers\\Programa1Controller), 'index')
#7 /home/as/Documentos/EPSEM-UPC/TFG/FINAL_PROJECT_WEB/SERVER_WEB/RobotCarKit/vendor/laravel/framework/src/Illuminate/Routing/Route.php(176): Illuminate\\Routing\\Route->runController()
#8 /home/as/Documentos/EPSEM-UPC/TFG/FINAL_PROJECT_WEB/SERVER_WEB/RobotCarKit/vendor/laravel/framework/src/Illuminate/Routing/Router.php(680): Illuminate\\Routing\\Route->run()
#9 /home/as/Documentos/EPSEM-UPC/TFG/FINAL_PROJECT_WEB/SERVER_WEB/RobotCarKit/vendor/laravel/framework/src/Illuminate/Routing/Pipeline.php(30): Illuminate\\Routing\\Router->Illuminate\\Routing\\{closure}(Object(Illuminate\\Http\\Request))
#10 /home/as/Documentos/EPSEM-UPC/TFG/FINAL_PROJECT_WEB/SERVER_WEB/RobotCarKit/vendor/laravel/framework/src/Illuminate/Routing/Middleware/SubstituteBindings.php(41): Illuminate\\Routing\\Pipeline->Illuminate\\Routing\\{closure}(Object(Illuminate\\Http\\Request))
#11 /home/as/Documentos/EPSEM-UPC/TFG/FINAL_PROJECT_WEB/SERVER_WEB/RobotCarKit/vendor/laravel/framework/src/Illuminate/Pipeline/Pipeline.php(163): Illuminate\\Routing\\Middleware\\SubstituteBindings->handle(Object(Illuminate\\Http\\Request), Object(Closure))
#12 /home/as/Documentos/EPSEM-UPC/TFG/FINAL_PROJECT_WEB/SERVER_WEB/RobotCarKit/vendor/laravel/framework/src/Illuminate/Routing/Pipeline.php(53): Illuminate\\Pipeline\\Pipeline->Illuminate\\Pipeline\\{closure}(Object(Illuminate\\Http\\Request))
#13 /home/as/Documentos/EPSEM-UPC/TFG/FINAL_PROJECT_WEB/SERVER_WEB/RobotCarKit/vendor/laravel/framework/src/Illuminate/Foundation/Http/Middleware/VerifyCsrfToken.php(75): Illuminate\\Routing\\Pipeline->Illuminate\\Routing\\{closure}(Object(Illuminate\\Http\\Request))
#14 /home/as/Documentos/EPSEM-UPC/TFG/FINAL_PROJECT_WEB/SERVER_WEB/RobotCarKit/vendor/laravel/framework/src/Illuminate/Pipeline/Pipeline.php(163): Illuminate\\Foundation\\Http\\Middleware\\VerifyCsrfToken->handle(Object(Illuminate\\Http\\Request), Object(Closure))
#15 /home/as/Documentos/EPSEM-UPC/TFG/FINAL_PROJECT_WEB/SERVER_WEB/RobotCarKit/vendor/laravel/framework/src/Illuminate/Routing/Pipeline.php(53): Illuminate\\Pipeline\\Pipeline->Illuminate\\Pipeline\\{closure}(Object(Illuminate\\Http\\Request))
#16 /home/as/Documentos/EPSEM-UPC/TFG/FINAL_PROJECT_WEB/SERVER_WEB/RobotCarKit/vendor/laravel/framework/src/Illuminate/View/Middleware/ShareErrorsFromSession.php(49): Illuminate\\Routing\\Pipeline->Illuminate\\Routing\\{closure}(Object(Illuminate\\Http\\Request))
#17 /home/as/Documentos/EPSEM-UPC/TFG/FINAL_PROJECT_WEB/SERVER_WEB/RobotCarKit/vendor/laravel/framework/src/Illuminate/Pipeline/Pipeline.php(163): Illuminate\\View\\Middleware\\ShareErrorsFromSession->handle(Object(Illuminate\\Http\\Request), Object(Closure))
#18 /home/as/Documentos/EPSEM-UPC/TFG/FINAL_PROJECT_WEB/SERVER_WEB/RobotCarKit/vendor/laravel/framework/src/Illuminate/Routing/Pipeline.php(53): Illuminate\\Pipeline\\Pipeline->Illuminate\\Pipeline\\{closure}(Object(Illuminate\\Http\\Request))
#19 /home/as/Documentos/EPSEM-UPC/TFG/FINAL_PROJECT_WEB/SERVER_WEB/RobotCarKit/vendor/laravel/framework/src/Illuminate/Session/Middleware/StartSession.php(56): Illuminate\\Routing\\Pipeline->Illuminate\\Routing\\{closure}(Object(Illuminate\\Http\\Request))
#20 /home/as/Documentos/EPSEM-UPC/TFG/FINAL_PROJECT_WEB/SERVER_WEB/RobotCarKit/vendor/laravel/framework/src/Illuminate/Pipeline/Pipeline.php(163): Illuminate\\Session\\Middleware\\StartSession->handle(Object(Illuminate\\Http\\Request), Object(Closure))
#21 /home/as/Documentos/EPSEM-UPC/TFG/FINAL_PROJECT_WEB/SERVER_WEB/RobotCarKit/vendor/laravel/framework/src/Illuminate/Routing/Pipeline.php(53): Illuminate\\Pipeline\\Pipeline->Illuminate\\Pipeline\\{closure}(Object(Illuminate\\Http\\Request))
#22 /home/as/Documentos/EPSEM-UPC/TFG/FINAL_PROJECT_WEB/SERVER_WEB/RobotCarKit/vendor/laravel/framework/src/Illuminate/Cookie/Middleware/AddQueuedCookiesToResponse.php(37): Illuminate\\Routing\\Pipeline->Illuminate\\Routing\\{closure}(Object(Illuminate\\Http\\Request))
#23 /home/as/Documentos/EPSEM-UPC/TFG/FINAL_PROJECT_WEB/SERVER_WEB/RobotCarKit/vendor/laravel/framework/src/Illuminate/Pipeline/Pipeline.php(163): Illuminate\\Cookie\\Middleware\\AddQueuedCookiesToResponse->handle(Object(Illuminate\\Http\\Request), Object(Closure))
#24 /home/as/Documentos/EPSEM-UPC/TFG/FINAL_PROJECT_WEB/SERVER_WEB/RobotCarKit/vendor/laravel/framework/src/Illuminate/Routing/Pipeline.php(53): Illuminate\\Pipeline\\Pipeline->Illuminate\\Pipeline\\{closure}(Object(Illuminate\\Http\\Request))
#25 /home/as/Documentos/EPSEM-UPC/TFG/FINAL_PROJECT_WEB/SERVER_WEB/RobotCarKit/vendor/laravel/framework/src/Illuminate/Cookie/Middleware/EncryptCookies.php(66): Illuminate\\Routing\\Pipeline->Illuminate\\Routing\\{closure}(Object(Illuminate\\Http\\Request))
#26 /home/as/Documentos/EPSEM-UPC/TFG/FINAL_PROJECT_WEB/SERVER_WEB/RobotCarKit/vendor/laravel/framework/src/Illuminate/Pipeline/Pipeline.php(163): Illuminate\\Cookie\\Middleware\\EncryptCookies->handle(Object(Illuminate\\Http\\Request), Object(Closure))
#27 /home/as/Documentos/EPSEM-UPC/TFG/FINAL_PROJECT_WEB/SERVER_WEB/RobotCarKit/vendor/laravel/framework/src/Illuminate/Routing/Pipeline.php(53): Illuminate\\Pipeline\\Pipeline->Illuminate\\Pipeline\\{closure}(Object(Illuminate\\Http\\Request))
#28 /home/as/Documentos/EPSEM-UPC/TFG/FINAL_PROJECT_WEB/SERVER_WEB/RobotCarKit/vendor/laravel/framework/src/Illuminate/Pipeline/Pipeline.php(104): Illuminate\\Routing\\Pipeline->Illuminate\\Routing\\{closure}(Object(Illuminate\\Http\\Request))
#29 /home/as/Documentos/EPSEM-UPC/TFG/FINAL_PROJECT_WEB/SERVER_WEB/RobotCarKit/vendor/laravel/framework/src/Illuminate/Routing/Router.php(682): Illuminate\\Pipeline\\Pipeline->then(Object(Closure))
#30 /home/as/Documentos/EPSEM-UPC/TFG/FINAL_PROJECT_WEB/SERVER_WEB/RobotCarKit/vendor/laravel/framework/src/Illuminate/Routing/Router.php(657): Illuminate\\Routing\\Router->runRouteWithinStack(Object(Illuminate\\Routing\\Route), Object(Illuminate\\Http\\Request))
#31 /home/as/Documentos/EPSEM-UPC/TFG/FINAL_PROJECT_WEB/SERVER_WEB/RobotCarKit/vendor/laravel/framework/src/Illuminate/Routing/Router.php(623): Illuminate\\Routing\\Router->runRoute(Object(Illuminate\\Http\\Request), Object(Illuminate\\Routing\\Route))
#32 /home/as/Documentos/EPSEM-UPC/TFG/FINAL_PROJECT_WEB/SERVER_WEB/RobotCarKit/vendor/laravel/framework/src/Illuminate/Routing/Router.php(612): Illuminate\\Routing\\Router->dispatchToRoute(Object(Illuminate\\Http\\Request))
#33 /home/as/Documentos/EPSEM-UPC/TFG/FINAL_PROJECT_WEB/SERVER_WEB/RobotCarKit/vendor/laravel/framework/src/Illuminate/Foundation/Http/Kernel.php(176): Illuminate\\Routing\\Router->dispatch(Object(Illuminate\\Http\\Request))
#34 /home/as/Documentos/EPSEM-UPC/TFG/FINAL_PROJECT_WEB/SERVER_WEB/RobotCarKit/vendor/laravel/framework/src/Illuminate/Routing/Pipeline.php(30): Illuminate\\Foundation\\Http\\Kernel->Illuminate\\Foundation\\Http\\{closure}(Object(Illuminate\\Http\\Request))
#35 /home/as/Documentos/EPSEM-UPC/TFG/FINAL_PROJECT_WEB/SERVER_WEB/RobotCarKit/vendor/fideloper/proxy/src/TrustProxies.php(57): Illuminate\\Routing\\Pipeline->Illuminate\\Routing\\{closure}(Object(Illuminate\\Http\\Request))
#36 /home/as/Documentos/EPSEM-UPC/TFG/FINAL_PROJECT_WEB/SERVER_WEB/RobotCarKit/vendor/laravel/framework/src/Illuminate/Pipeline/Pipeline.php(163): Fideloper\\Proxy\\TrustProxies->handle(Object(Illuminate\\Http\\Request), Object(Closure))
#37 /home/as/Documentos/EPSEM-UPC/TFG/FINAL_PROJECT_WEB/SERVER_WEB/RobotCarKit/vendor/laravel/framework/src/Illuminate/Routing/Pipeline.php(53): Illuminate\\Pipeline\\Pipeline->Illuminate\\Pipeline\\{closure}(Object(Illuminate\\Http\\Request))
#38 /home/as/Documentos/EPSEM-UPC/TFG/FINAL_PROJECT_WEB/SERVER_WEB/RobotCarKit/vendor/laravel/framework/src/Illuminate/Foundation/Http/Middleware/TransformsRequest.php(21): Illuminate\\Routing\\Pipeline->Illuminate\\Routing\\{closure}(Object(Illuminate\\Http\\Request))
#39 /home/as/Documentos/EPSEM-UPC/TFG/FINAL_PROJECT_WEB/SERVER_WEB/RobotCarKit/vendor/laravel/framework/src/Illuminate/Pipeline/Pipeline.php(163): Illuminate\\Foundation\\Http\\Middleware\\TransformsRequest->handle(Object(Illuminate\\Http\\Request), Object(Closure))
#40 /home/as/Documentos/EPSEM-UPC/TFG/FINAL_PROJECT_WEB/SERVER_WEB/RobotCarKit/vendor/laravel/framework/src/Illuminate/Routing/Pipeline.php(53): Illuminate\\Pipeline\\Pipeline->Illuminate\\Pipeline\\{closure}(Object(Illuminate\\Http\\Request))
#41 /home/as/Documentos/EPSEM-UPC/TFG/FINAL_PROJECT_WEB/SERVER_WEB/RobotCarKit/vendor/laravel/framework/src/Illuminate/Foundation/Http/Middleware/TransformsRequest.php(21): Illuminate\\Routing\\Pipeline->Illuminate\\Routing\\{closure}(Object(Illuminate\\Http\\Request))
#42 /home/as/Documentos/EPSEM-UPC/TFG/FINAL_PROJECT_WEB/SERVER_WEB/RobotCarKit/vendor/laravel/framework/src/Illuminate/Pipeline/Pipeline.php(163): Illuminate\\Foundation\\Http\\Middleware\\TransformsRequest->handle(Object(Illuminate\\Http\\Request), Object(Closure))
#43 /home/as/Documentos/EPSEM-UPC/TFG/FINAL_PROJECT_WEB/SERVER_WEB/RobotCarKit/vendor/laravel/framework/src/Illuminate/Routing/Pipeline.php(53): Illuminate\\Pipeline\\Pipeline->Illuminate\\Pipeline\\{closure}(Object(Illuminate\\Http\\Request))
#44 /home/as/Documentos/EPSEM-UPC/TFG/FINAL_PROJECT_WEB/SERVER_WEB/RobotCarKit/vendor/laravel/framework/src/Illuminate/Foundation/Http/Middleware/ValidatePostSize.php(27): Illuminate\\Routing\\Pipeline->Illuminate\\Routing\\{closure}(Object(Illuminate\\Http\\Request))
#45 /home/as/Documentos/EPSEM-UPC/TFG/FINAL_PROJECT_WEB/SERVER_WEB/RobotCarKit/vendor/laravel/framework/src/Illuminate/Pipeline/Pipeline.php(163): Illuminate\\Foundation\\Http\\Middleware\\ValidatePostSize->handle(Object(Illuminate\\Http\\Request), Object(Closure))
#46 /home/as/Documentos/EPSEM-UPC/TFG/FINAL_PROJECT_WEB/SERVER_WEB/RobotCarKit/vendor/laravel/framework/src/Illuminate/Routing/Pipeline.php(53): Illuminate\\Pipeline\\Pipeline->Illuminate\\Pipeline\\{closure}(Object(Illuminate\\Http\\Request))
#47 /home/as/Documentos/EPSEM-UPC/TFG/FINAL_PROJECT_WEB/SERVER_WEB/RobotCarKit/vendor/laravel/framework/src/Illuminate/Foundation/Http/Middleware/CheckForMaintenanceMode.php(62): Illuminate\\Routing\\Pipeline->Illuminate\\Routing\\{closure}(Object(Illuminate\\Http\\Request))
#48 /home/as/Documentos/EPSEM-UPC/TFG/FINAL_PROJECT_WEB/SERVER_WEB/RobotCarKit/vendor/laravel/framework/src/Illuminate/Pipeline/Pipeline.php(163): Illuminate\\Foundation\\Http\\Middleware\\CheckForMaintenanceMode->handle(Object(Illuminate\\Http\\Request), Object(Closure))
#49 /home/as/Documentos/EPSEM-UPC/TFG/FINAL_PROJECT_WEB/SERVER_WEB/RobotCarKit/vendor/laravel/framework/src/Illuminate/Routing/Pipeline.php(53): Illuminate\\Pipeline\\Pipeline->Illuminate\\Pipeline\\{closure}(Object(Illuminate\\Http\\Request))
#50 /home/as/Documentos/EPSEM-UPC/TFG/FINAL_PROJECT_WEB/SERVER_WEB/RobotCarKit/vendor/laravel/framework/src/Illuminate/Pipeline/Pipeline.php(104): Illuminate\\Routing\\Pipeline->Illuminate\\Routing\\{closure}(Object(Illuminate\\Http\\Request))
#51 /home/as/Documentos/EPSEM-UPC/TFG/FINAL_PROJECT_WEB/SERVER_WEB/RobotCarKit/vendor/laravel/framework/src/Illuminate/Foundation/Http/Kernel.php(151): Illuminate\\Pipeline\\Pipeline->then(Object(Closure))
#52 /home/as/Documentos/EPSEM-UPC/TFG/FINAL_PROJECT_WEB/SERVER_WEB/RobotCarKit/vendor/laravel/framework/src/Illuminate/Foundation/Http/Kernel.php(116): Illuminate\\Foundation\\Http\\Kernel->sendRequestThroughRouter(Object(Illuminate\\Http\\Request))
#53 /home/as/Documentos/EPSEM-UPC/TFG/FINAL_PROJECT_WEB/SERVER_WEB/RobotCarKit/public/index.php(55): Illuminate\\Foundation\\Http\\Kernel->handle(Object(Illuminate\\Http\\Request))
#54 /home/as/Documentos/EPSEM-UPC/TFG/FINAL_PROJECT_WEB/SERVER_WEB/RobotCarKit/server.php(21): require_once('/home/as/Docume...')
#55 {main}
"} 
