[2019-05-30 21:13:48] local.ERROR: Missing required parameters for [Route: programa4.start] [URI: programa4/start/{setPoint}]. (View: /home/as/Documentos/EPSEM-UPC/TFG/FINAL_PROJECT_WEB/SERVER_WEB/RobotCarKit/resources/views/programa4/chart0.blade.php) {"exception":"[object] (ErrorException(code: 0): Missing required parameters for [Route: programa4.start] [URI: programa4/start/{setPoint}]. (View: /home/as/Documentos/EPSEM-UPC/TFG/FINAL_PROJECT_WEB/SERVER_WEB/RobotCarKit/resources/views/programa4/chart0.blade.php) at /home/as/Documentos/EPSEM-UPC/TFG/FINAL_PROJECT_WEB/SERVER_WEB/RobotCarKit/vendor/laravel/framework/src/Illuminate/Routing/Exceptions/UrlGenerationException.php:17, Illuminate\\Routing\\Exceptions\\UrlGenerationException(code: 0): Missing required parameters for [Route: programa4.start] [URI: programa4/start/{setPoint}]. at /home/as/Documentos/EPSEM-UPC/TFG/FINAL_PROJECT_WEB/SERVER_WEB/RobotCarKit/vendor/laravel/framework/src/Illuminate/Routing/Exceptions/UrlGenerationException.php:17)
[stacktrace]
#0 /home/as/Documentos/EPSEM-UPC/TFG/FINAL_PROJECT_WEB/SERVER_WEB/RobotCarKit/vendor/laravel/framework/src/Illuminate/View/Engines/PhpEngine.php(45): Illuminate\\View\\Engines\\CompilerEngine->handleViewException(Object(Illuminate\\Routing\\Exceptions\\UrlGenerationException), 1)
#1 /home/as/Documentos/EPSEM-UPC/TFG/FINAL_PROJECT_WEB/SERVER_WEB/RobotCarKit/vendor/laravel/framework/src/Illuminate/View/Engines/CompilerEngine.php(59): Illuminate\\View\\Engines\\PhpEngine->evaluatePath('/home/as/Docume...', Array)
#2 /home/as/Documentos/EPSEM-UPC/TFG/FINAL_PROJECT_WEB/SERVER_WEB/RobotCarKit/vendor/laravel/framework/src/Illuminate/View/View.php(142): Illuminate\\View\\Engines\\CompilerEngine->get('/home/as/Docume...', Array)
#3 /home/as/Documentos/EPSEM-UPC/TFG/FINAL_PROJECT_WEB/SERVER_WEB/RobotCarKit/vendor/laravel/framework/src/Illuminate/View/View.php(125): Illuminate\\View\\View->getContents()
#4 /home/as/Documentos/EPSEM-UPC/TFG/FINAL_PROJECT_WEB/SERVER_WEB/RobotCarKit/vendor/laravel/framework/src/Illuminate/View/View.php(90): Illuminate\\View\\View->renderContents()
#5 /home/as/Documentos/EPSEM-UPC/TFG/FINAL_PROJECT_WEB/SERVER_WEB/RobotCarKit/vendor/laravel/framework/src/Illuminate/Http/Response.php(42): Illuminate\\View\\View->render()
#6 /home/as/Documentos/EPSEM-UPC/TFG/FINAL_PROJECT_WEB/SERVER_WEB/RobotCarKit/vendor/symfony/http-foundation/Response.php(202): Illuminate\\Http\\Response->setContent(Object(Illuminate\\View\\View))
#7 /home/as/Documentos/EPSEM-UPC/TFG/FINAL_PROJECT_WEB/SERVER_WEB/RobotCarKit/vendor/laravel/framework/src/Illuminate/Routing/Router.php(748): Symfony\\Component\\HttpFoundation\\Response->__construct(Object(Illuminate\\View\\View))
#8 /home/as/Documentos/EPSEM-UPC/TFG/FINAL_PROJECT_WEB/SERVER_WEB/RobotCarKit/vendor/laravel/framework/src/Illuminate/Routing/Router.php(720): Illuminate\\Routing\\Router::toResponse(Object(Illuminate\\Http\\Request), Object(Illuminate\\View\\View))
#9 /home/as/Documentos/EPSEM-UPC/TFG/FINAL_PROJECT_WEB/SERVER_WEB/RobotCarKit/vendor/laravel/framework/src/Illuminate/Routing/Router.php(680): Illuminate\\Routing\\Router->prepareResponse(Object(Illuminate\\Http\\Request), Object(Illuminate\\View\\View))
#10 /home/as/Documentos/EPSEM-UPC/TFG/FINAL_PROJECT_WEB/SERVER_WEB/RobotCarKit/vendor/laravel/framework/src/Illuminate/Routing/Pipeline.php(30): Illuminate\\Routing\\Router->Illuminate\\Routing\\{closure}(Object(Illuminate\\Http\\Request))
#11 /home/as/Documentos/EPSEM-UPC/TFG/FINAL_PROJECT_WEB/SERVER_WEB/RobotCarKit/vendor/laravel/framework/src/Illuminate/Routing/Middleware/SubstituteBindings.php(41): Illuminate\\Routing\\Pipeline->Illuminate\\Routing\\{closure}(Object(Illuminate\\Http\\Request))
#12 /home/as/Documentos/EPSEM-UPC/TFG/FINAL_PROJECT_WEB/SERVER_WEB/RobotCarKit/vendor/laravel/framework/src/Illuminate/Pipeline/Pipeline.php(163): Illuminate\\Routing\\Middleware\\SubstituteBindings->handle(Object(Illuminate\\Http\\Request), Object(Closure))
#13 /home/as/Documentos/EPSEM-UPC/TFG/FINAL_PROJECT_WEB/SERVER_WEB/RobotCarKit/vendor/laravel/framework/src/Illuminate/Routing/Pipeline.php(53): Illuminate\\Pipeline\\Pipeline->Illuminate\\Pipeline\\{closure}(Object(Illuminate\\Http\\Request))
#14 /home/as/Documentos/EPSEM-UPC/TFG/FINAL_PROJECT_WEB/SERVER_WEB/RobotCarKit/vendor/laravel/framework/src/Illuminate/Foundation/Http/Middleware/VerifyCsrfToken.php(75): Illuminate\\Routing\\Pipeline->Illuminate\\Routing\\{closure}(Object(Illuminate\\Http\\Request))
#15 /home/as/Documentos/EPSEM-UPC/TFG/FINAL_PROJECT_WEB/SERVER_WEB/RobotCarKit/vendor/laravel/framework/src/Illuminate/Pipeline/Pipeline.php(163): Illuminate\\Foundation\\Http\\Middleware\\VerifyCsrfToken->handle(Object(Illuminate\\Http\\Request), Object(Closure))
#16 /home/as/Documentos/EPSEM-UPC/TFG/FINAL_PROJECT_WEB/SERVER_WEB/RobotCarKit/vendor/laravel/framework/src/Illuminate/Routing/Pipeline.php(53): Illuminate\\Pipeline\\Pipeline->Illuminate\\Pipeline\\{closure}(Object(Illuminate\\Http\\Request))
#17 /home/as/Documentos/EPSEM-UPC/TFG/FINAL_PROJECT_WEB/SERVER_WEB/RobotCarKit/vendor/laravel/framework/src/Illuminate/View/Middleware/ShareErrorsFromSession.php(49): Illuminate\\Routing\\Pipeline->Illuminate\\Routing\\{closure}(Object(Illuminate\\Http\\Request))
#18 /home/as/Documentos/EPSEM-UPC/TFG/FINAL_PROJECT_WEB/SERVER_WEB/RobotCarKit/vendor/laravel/framework/src/Illuminate/Pipeline/Pipeline.php(163): Illuminate\\View\\Middleware\\ShareErrorsFromSession->handle(Object(Illuminate\\Http\\Request), Object(Closure))
#19 /home/as/Documentos/EPSEM-UPC/TFG/FINAL_PROJECT_WEB/SERVER_WEB/RobotCarKit/vendor/laravel/framework/src/Illuminate/Routing/Pipeline.php(53): Illuminate\\Pipeline\\Pipeline->Illuminate\\Pipeline\\{closure}(Object(Illuminate\\Http\\Request))
#20 /home/as/Documentos/EPSEM-UPC/TFG/FINAL_PROJECT_WEB/SERVER_WEB/RobotCarKit/vendor/laravel/framework/src/Illuminate/Session/Middleware/StartSession.php(56): Illuminate\\Routing\\Pipeline->Illuminate\\Routing\\{closure}(Object(Illuminate\\Http\\Request))
#21 /home/as/Documentos/EPSEM-UPC/TFG/FINAL_PROJECT_WEB/SERVER_WEB/RobotCarKit/vendor/laravel/framework/src/Illuminate/Pipeline/Pipeline.php(163): Illuminate\\Session\\Middleware\\StartSession->handle(Object(Illuminate\\Http\\Request), Object(Closure))
#22 /home/as/Documentos/EPSEM-UPC/TFG/FINAL_PROJECT_WEB/SERVER_WEB/RobotCarKit/vendor/laravel/framework/src/Illuminate/Routing/Pipeline.php(53): Illuminate\\Pipeline\\Pipeline->Illuminate\\Pipeline\\{closure}(Object(Illuminate\\Http\\Request))
#23 /home/as/Documentos/EPSEM-UPC/TFG/FINAL_PROJECT_WEB/SERVER_WEB/RobotCarKit/vendor/laravel/framework/src/Illuminate/Cookie/Middleware/AddQueuedCookiesToResponse.php(37): Illuminate\\Routing\\Pipeline->Illuminate\\Routing\\{closure}(Object(Illuminate\\Http\\Request))
#24 /home/as/Documentos/EPSEM-UPC/TFG/FINAL_PROJECT_WEB/SERVER_WEB/RobotCarKit/vendor/laravel/framework/src/Illuminate/Pipeline/Pipeline.php(163): Illuminate\\Cookie\\Middleware\\AddQueuedCookiesToResponse->handle(Object(Illuminate\\Http\\Request), Object(Closure))
#25 /home/as/Documentos/EPSEM-UPC/TFG/FINAL_PROJECT_WEB/SERVER_WEB/RobotCarKit/vendor/laravel/framework/src/Illuminate/Routing/Pipeline.php(53): Illuminate\\Pipeline\\Pipeline->Illuminate\\Pipeline\\{closure}(Object(Illuminate\\Http\\Request))
#26 /home/as/Documentos/EPSEM-UPC/TFG/FINAL_PROJECT_WEB/SERVER_WEB/RobotCarKit/vendor/laravel/framework/src/Illuminate/Cookie/Middleware/EncryptCookies.php(66): Illuminate\\Routing\\Pipeline->Illuminate\\Routing\\{closure}(Object(Illuminate\\Http\\Request))
#27 /home/as/Documentos/EPSEM-UPC/TFG/FINAL_PROJECT_WEB/SERVER_WEB/RobotCarKit/vendor/laravel/framework/src/Illuminate/Pipeline/Pipeline.php(163): Illuminate\\Cookie\\Middleware\\EncryptCookies->handle(Object(Illuminate\\Http\\Request), Object(Closure))
#28 /home/as/Documentos/EPSEM-UPC/TFG/FINAL_PROJECT_WEB/SERVER_WEB/RobotCarKit/vendor/laravel/framework/src/Illuminate/Routing/Pipeline.php(53): Illuminate\\Pipeline\\Pipeline->Illuminate\\Pipeline\\{closure}(Object(Illuminate\\Http\\Request))
#29 /home/as/Documentos/EPSEM-UPC/TFG/FINAL_PROJECT_WEB/SERVER_WEB/RobotCarKit/vendor/laravel/framework/src/Illuminate/Pipeline/Pipeline.php(104): Illuminate\\Routing\\Pipeline->Illuminate\\Routing\\{closure}(Object(Illuminate\\Http\\Request))
#30 /home/as/Documentos/EPSEM-UPC/TFG/FINAL_PROJECT_WEB/SERVER_WEB/RobotCarKit/vendor/laravel/framework/src/Illuminate/Routing/Router.php(682): Illuminate\\Pipeline\\Pipeline->then(Object(Closure))
#31 /home/as/Documentos/EPSEM-UPC/TFG/FINAL_PROJECT_WEB/SERVER_WEB/RobotCarKit/vendor/laravel/framework/src/Illuminate/Routing/Router.php(657): Illuminate\\Routing\\Router->runRouteWithinStack(Object(Illuminate\\Routing\\Route), Object(Illuminate\\Http\\Request))
#32 /home/as/Documentos/EPSEM-UPC/TFG/FINAL_PROJECT_WEB/SERVER_WEB/RobotCarKit/vendor/laravel/framework/src/Illuminate/Routing/Router.php(623): Illuminate\\Routing\\Router->runRoute(Object(Illuminate\\Http\\Request), Object(Illuminate\\Routing\\Route))
#33 /home/as/Documentos/EPSEM-UPC/TFG/FINAL_PROJECT_WEB/SERVER_WEB/RobotCarKit/vendor/laravel/framework/src/Illuminate/Routing/Router.php(612): Illuminate\\Routing\\Router->dispatchToRoute(Object(Illuminate\\Http\\Request))
#34 /home/as/Documentos/EPSEM-UPC/TFG/FINAL_PROJECT_WEB/SERVER_WEB/RobotCarKit/vendor/laravel/framework/src/Illuminate/Foundation/Http/Kernel.php(176): Illuminate\\Routing\\Router->dispatch(Object(Illuminate\\Http\\Request))
#35 /home/as/Documentos/EPSEM-UPC/TFG/FINAL_PROJECT_WEB/SERVER_WEB/RobotCarKit/vendor/laravel/framework/src/Illuminate/Routing/Pipeline.php(30): Illuminate\\Foundation\\Http\\Kernel->Illuminate\\Foundation\\Http\\{closure}(Object(Illuminate\\Http\\Request))
#36 /home/as/Documentos/EPSEM-UPC/TFG/FINAL_PROJECT_WEB/SERVER_WEB/RobotCarKit/vendor/fideloper/proxy/src/TrustProxies.php(57): Illuminate\\Routing\\Pipeline->Illuminate\\Routing\\{closure}(Object(Illuminate\\Http\\Request))
#37 /home/as/Documentos/EPSEM-UPC/TFG/FINAL_PROJECT_WEB/SERVER_WEB/RobotCarKit/vendor/laravel/framework/src/Illuminate/Pipeline/Pipeline.php(163): Fideloper\\Proxy\\TrustProxies->handle(Object(Illuminate\\Http\\Request), Object(Closure))
#38 /home/as/Documentos/EPSEM-UPC/TFG/FINAL_PROJECT_WEB/SERVER_WEB/RobotCarKit/vendor/laravel/framework/src/Illuminate/Routing/Pipeline.php(53): Illuminate\\Pipeline\\Pipeline->Illuminate\\Pipeline\\{closure}(Object(Illuminate\\Http\\Request))
#39 /home/as/Documentos/EPSEM-UPC/TFG/FINAL_PROJECT_WEB/SERVER_WEB/RobotCarKit/vendor/laravel/framework/src/Illuminate/Foundation/Http/Middleware/TransformsRequest.php(21): Illuminate\\Routing\\Pipeline->Illuminate\\Routing\\{closure}(Object(Illuminate\\Http\\Request))
#40 /home/as/Documentos/EPSEM-UPC/TFG/FINAL_PROJECT_WEB/SERVER_WEB/RobotCarKit/vendor/laravel/framework/src/Illuminate/Pipeline/Pipeline.php(163): Illuminate\\Foundation\\Http\\Middleware\\TransformsRequest->handle(Object(Illuminate\\Http\\Request), Object(Closure))
#41 /home/as/Documentos/EPSEM-UPC/TFG/FINAL_PROJECT_WEB/SERVER_WEB/RobotCarKit/vendor/laravel/framework/src/Illuminate/Routing/Pipeline.php(53): Illuminate\\Pipeline\\Pipeline->Illuminate\\Pipeline\\{closure}(Object(Illuminate\\Http\\Request))
#42 /home/as/Documentos/EPSEM-UPC/TFG/FINAL_PROJECT_WEB/SERVER_WEB/RobotCarKit/vendor/laravel/framework/src/Illuminate/Foundation/Http/Middleware/TransformsRequest.php(21): Illuminate\\Routing\\Pipeline->Illuminate\\Routing\\{closure}(Object(Illuminate\\Http\\Request))
#43 /home/as/Documentos/EPSEM-UPC/TFG/FINAL_PROJECT_WEB/SERVER_WEB/RobotCarKit/vendor/laravel/framework/src/Illuminate/Pipeline/Pipeline.php(163): Illuminate\\Foundation\\Http\\Middleware\\TransformsRequest->handle(Object(Illuminate\\Http\\Request), Object(Closure))
#44 /home/as/Documentos/EPSEM-UPC/TFG/FINAL_PROJECT_WEB/SERVER_WEB/RobotCarKit/vendor/laravel/framework/src/Illuminate/Routing/Pipeline.php(53): Illuminate\\Pipeline\\Pipeline->Illuminate\\Pipeline\\{closure}(Object(Illuminate\\Http\\Request))
#45 /home/as/Documentos/EPSEM-UPC/TFG/FINAL_PROJECT_WEB/SERVER_WEB/RobotCarKit/vendor/laravel/framework/src/Illuminate/Foundation/Http/Middleware/ValidatePostSize.php(27): Illuminate\\Routing\\Pipeline->Illuminate\\Routing\\{closure}(Object(Illuminate\\Http\\Request))
#46 /home/as/Documentos/EPSEM-UPC/TFG/FINAL_PROJECT_WEB/SERVER_WEB/RobotCarKit/vendor/laravel/framework/src/Illuminate/Pipeline/Pipeline.php(163): Illuminate\\Foundation\\Http\\Middleware\\ValidatePostSize->handle(Object(Illuminate\\Http\\Request), Object(Closure))
#47 /home/as/Documentos/EPSEM-UPC/TFG/FINAL_PROJECT_WEB/SERVER_WEB/RobotCarKit/vendor/laravel/framework/src/Illuminate/Routing/Pipeline.php(53): Illuminate\\Pipeline\\Pipeline->Illuminate\\Pipeline\\{closure}(Object(Illuminate\\Http\\Request))
#48 /home/as/Documentos/EPSEM-UPC/TFG/FINAL_PROJECT_WEB/SERVER_WEB/RobotCarKit/vendor/laravel/framework/src/Illuminate/Foundation/Http/Middleware/CheckForMaintenanceMode.php(62): Illuminate\\Routing\\Pipeline->Illuminate\\Routing\\{closure}(Object(Illuminate\\Http\\Request))
#49 /home/as/Documentos/EPSEM-UPC/TFG/FINAL_PROJECT_WEB/SERVER_WEB/RobotCarKit/vendor/laravel/framework/src/Illuminate/Pipeline/Pipeline.php(163): Illuminate\\Foundation\\Http\\Middleware\\CheckForMaintenanceMode->handle(Object(Illuminate\\Http\\Request), Object(Closure))
#50 /home/as/Documentos/EPSEM-UPC/TFG/FINAL_PROJECT_WEB/SERVER_WEB/RobotCarKit/vendor/laravel/framework/src/Illuminate/Routing/Pipeline.php(53): Illuminate\\Pipeline\\Pipeline->Illuminate\\Pipeline\\{closure}(Object(Illuminate\\Http\\Request))
#51 /home/as/Documentos/EPSEM-UPC/TFG/FINAL_PROJECT_WEB/SERVER_WEB/RobotCarKit/vendor/laravel/framework/src/Illuminate/Pipeline/Pipeline.php(104): Illuminate\\Routing\\Pipeline->Illuminate\\Routing\\{closure}(Object(Illuminate\\Http\\Request))
#52 /home/as/Documentos/EPSEM-UPC/TFG/FINAL_PROJECT_WEB/SERVER_WEB/RobotCarKit/vendor/laravel/framework/src/Illuminate/Foundation/Http/Kernel.php(151): Illuminate\\Pipeline\\Pipeline->then(Object(Closure))
#53 /home/as/Documentos/EPSEM-UPC/TFG/FINAL_PROJECT_WEB/SERVER_WEB/RobotCarKit/vendor/laravel/framework/src/Illuminate/Foundation/Http/Kernel.php(116): Illuminate\\Foundation\\Http\\Kernel->sendRequestThroughRouter(Object(Illuminate\\Http\\Request))
#54 /home/as/Documentos/EPSEM-UPC/TFG/FINAL_PROJECT_WEB/SERVER_WEB/RobotCarKit/public/index.php(55): Illuminate\\Foundation\\Http\\Kernel->handle(Object(Illuminate\\Http\\Request))
#55 /home/as/Documentos/EPSEM-UPC/TFG/FINAL_PROJECT_WEB/SERVER_WEB/RobotCarKit/server.php(21): require_once('/home/as/Docume...')
#56 {main}
"} 
[2019-05-30 21:58:54] local.ERROR: file_put_contents(/home/as/Documentos/EPSEM-UPC/TFG/FINAL_PROJECT_WEB/SERVER_WEB/RobotCarKit/storage/framework/cache/data/44/d1/44d142505dd1a3b497197e2f459d2aec779e9ed6): failed to open stream: Permission denied {"exception":"[object] (ErrorException(code: 0): file_put_contents(/home/as/Documentos/EPSEM-UPC/TFG/FINAL_PROJECT_WEB/SERVER_WEB/RobotCarKit/storage/framework/cache/data/44/d1/44d142505dd1a3b497197e2f459d2aec779e9ed6): failed to open stream: Permission denied at /home/as/Documentos/EPSEM-UPC/TFG/FINAL_PROJECT_WEB/SERVER_WEB/RobotCarKit/vendor/laravel/framework/src/Illuminate/Filesystem/Filesystem.php:122)
[stacktrace]
#0 [internal function]: Illuminate\\Foundation\\Bootstrap\\HandleExceptions->handleError(2, 'file_put_conten...', '/home/as/Docume...', 122, Array)
#1 /home/as/Documentos/EPSEM-UPC/TFG/FINAL_PROJECT_WEB/SERVER_WEB/RobotCarKit/vendor/laravel/framework/src/Illuminate/Filesystem/Filesystem.php(122): file_put_contents('/home/as/Docume...', '1559253594i:155...', 2)
#2 /home/as/Documentos/EPSEM-UPC/TFG/FINAL_PROJECT_WEB/SERVER_WEB/RobotCarKit/vendor/laravel/framework/src/Illuminate/Cache/FileStore.php(65): Illuminate\\Filesystem\\Filesystem->put('/home/as/Docume...', '1559253594i:155...', true)
#3 /home/as/Documentos/EPSEM-UPC/TFG/FINAL_PROJECT_WEB/SERVER_WEB/RobotCarKit/vendor/laravel/framework/src/Illuminate/Cache/Repository.php(215): Illuminate\\Cache\\FileStore->put('5c785c036466ade...', 1559253594, 60)
#4 /home/as/Documentos/EPSEM-UPC/TFG/FINAL_PROJECT_WEB/SERVER_WEB/RobotCarKit/vendor/laravel/framework/src/Illuminate/Cache/Repository.php(320): Illuminate\\Cache\\Repository->put('5c785c036466ade...', 1559253594, 60)
#5 /home/as/Documentos/EPSEM-UPC/TFG/FINAL_PROJECT_WEB/SERVER_WEB/RobotCarKit/vendor/laravel/framework/src/Illuminate/Cache/RateLimiter.php(60): Illuminate\\Cache\\Repository->add('5c785c036466ade...', 1559253594, 60)
#6 /home/as/Documentos/EPSEM-UPC/TFG/FINAL_PROJECT_WEB/SERVER_WEB/RobotCarKit/vendor/laravel/framework/src/Illuminate/Routing/Middleware/ThrottleRequests.php(56): Illuminate\\Cache\\RateLimiter->hit('5c785c036466ade...', 60)
#7 /home/as/Documentos/EPSEM-UPC/TFG/FINAL_PROJECT_WEB/SERVER_WEB/RobotCarKit/vendor/laravel/framework/src/Illuminate/Pipeline/Pipeline.php(163): Illuminate\\Routing\\Middleware\\ThrottleRequests->handle(Object(Illuminate\\Http\\Request), Object(Closure), 60, '1')
#8 /home/as/Documentos/EPSEM-UPC/TFG/FINAL_PROJECT_WEB/SERVER_WEB/RobotCarKit/vendor/laravel/framework/src/Illuminate/Routing/Pipeline.php(53): Illuminate\\Pipeline\\Pipeline->Illuminate\\Pipeline\\{closure}(Object(Illuminate\\Http\\Request))
#9 /home/as/Documentos/EPSEM-UPC/TFG/FINAL_PROJECT_WEB/SERVER_WEB/RobotCarKit/vendor/laravel/framework/src/Illuminate/Pipeline/Pipeline.php(104): Illuminate\\Routing\\Pipeline->Illuminate\\Routing\\{closure}(Object(Illuminate\\Http\\Request))
#10 /home/as/Documentos/EPSEM-UPC/TFG/FINAL_PROJECT_WEB/SERVER_WEB/RobotCarKit/vendor/laravel/framework/src/Illuminate/Routing/Router.php(682): Illuminate\\Pipeline\\Pipeline->then(Object(Closure))
#11 /home/as/Documentos/EPSEM-UPC/TFG/FINAL_PROJECT_WEB/SERVER_WEB/RobotCarKit/vendor/laravel/framework/src/Illuminate/Routing/Router.php(657): Illuminate\\Routing\\Router->runRouteWithinStack(Object(Illuminate\\Routing\\Route), Object(Illuminate\\Http\\Request))
#12 /home/as/Documentos/EPSEM-UPC/TFG/FINAL_PROJECT_WEB/SERVER_WEB/RobotCarKit/vendor/laravel/framework/src/Illuminate/Routing/Router.php(623): Illuminate\\Routing\\Router->runRoute(Object(Illuminate\\Http\\Request), Object(Illuminate\\Routing\\Route))
#13 /home/as/Documentos/EPSEM-UPC/TFG/FINAL_PROJECT_WEB/SERVER_WEB/RobotCarKit/vendor/laravel/framework/src/Illuminate/Routing/Router.php(612): Illuminate\\Routing\\Router->dispatchToRoute(Object(Illuminate\\Http\\Request))
#14 /home/as/Documentos/EPSEM-UPC/TFG/FINAL_PROJECT_WEB/SERVER_WEB/RobotCarKit/vendor/laravel/framework/src/Illuminate/Foundation/Http/Kernel.php(176): Illuminate\\Routing\\Router->dispatch(Object(Illuminate\\Http\\Request))
#15 /home/as/Documentos/EPSEM-UPC/TFG/FINAL_PROJECT_WEB/SERVER_WEB/RobotCarKit/vendor/laravel/framework/src/Illuminate/Routing/Pipeline.php(30): Illuminate\\Foundation\\Http\\Kernel->Illuminate\\Foundation\\Http\\{closure}(Object(Illuminate\\Http\\Request))
#16 /home/as/Documentos/EPSEM-UPC/TFG/FINAL_PROJECT_WEB/SERVER_WEB/RobotCarKit/vendor/fideloper/proxy/src/TrustProxies.php(57): Illuminate\\Routing\\Pipeline->Illuminate\\Routing\\{closure}(Object(Illuminate\\Http\\Request))
#17 /home/as/Documentos/EPSEM-UPC/TFG/FINAL_PROJECT_WEB/SERVER_WEB/RobotCarKit/vendor/laravel/framework/src/Illuminate/Pipeline/Pipeline.php(163): Fideloper\\Proxy\\TrustProxies->handle(Object(Illuminate\\Http\\Request), Object(Closure))
#18 /home/as/Documentos/EPSEM-UPC/TFG/FINAL_PROJECT_WEB/SERVER_WEB/RobotCarKit/vendor/laravel/framework/src/Illuminate/Routing/Pipeline.php(53): Illuminate\\Pipeline\\Pipeline->Illuminate\\Pipeline\\{closure}(Object(Illuminate\\Http\\Request))
#19 /home/as/Documentos/EPSEM-UPC/TFG/FINAL_PROJECT_WEB/SERVER_WEB/RobotCarKit/vendor/laravel/framework/src/Illuminate/Foundation/Http/Middleware/TransformsRequest.php(21): Illuminate\\Routing\\Pipeline->Illuminate\\Routing\\{closure}(Object(Illuminate\\Http\\Request))
#20 /home/as/Documentos/EPSEM-UPC/TFG/FINAL_PROJECT_WEB/SERVER_WEB/RobotCarKit/vendor/laravel/framework/src/Illuminate/Pipeline/Pipeline.php(163): Illuminate\\Foundation\\Http\\Middleware\\TransformsRequest->handle(Object(Illuminate\\Http\\Request), Object(Closure))
#21 /home/as/Documentos/EPSEM-UPC/TFG/FINAL_PROJECT_WEB/SERVER_WEB/RobotCarKit/vendor/laravel/framework/src/Illuminate/Routing/Pipeline.php(53): Illuminate\\Pipeline\\Pipeline->Illuminate\\Pipeline\\{closure}(Object(Illuminate\\Http\\Request))
#22 /home/as/Documentos/EPSEM-UPC/TFG/FINAL_PROJECT_WEB/SERVER_WEB/RobotCarKit/vendor/laravel/framework/src/Illuminate/Foundation/Http/Middleware/TransformsRequest.php(21): Illuminate\\Routing\\Pipeline->Illuminate\\Routing\\{closure}(Object(Illuminate\\Http\\Request))
#23 /home/as/Documentos/EPSEM-UPC/TFG/FINAL_PROJECT_WEB/SERVER_WEB/RobotCarKit/vendor/laravel/framework/src/Illuminate/Pipeline/Pipeline.php(163): Illuminate\\Foundation\\Http\\Middleware\\TransformsRequest->handle(Object(Illuminate\\Http\\Request), Object(Closure))
#24 /home/as/Documentos/EPSEM-UPC/TFG/FINAL_PROJECT_WEB/SERVER_WEB/RobotCarKit/vendor/laravel/framework/src/Illuminate/Routing/Pipeline.php(53): Illuminate\\Pipeline\\Pipeline->Illuminate\\Pipeline\\{closure}(Object(Illuminate\\Http\\Request))
#25 /home/as/Documentos/EPSEM-UPC/TFG/FINAL_PROJECT_WEB/SERVER_WEB/RobotCarKit/vendor/laravel/framework/src/Illuminate/Foundation/Http/Middleware/ValidatePostSize.php(27): Illuminate\\Routing\\Pipeline->Illuminate\\Routing\\{closure}(Object(Illuminate\\Http\\Request))
#26 /home/as/Documentos/EPSEM-UPC/TFG/FINAL_PROJECT_WEB/SERVER_WEB/RobotCarKit/vendor/laravel/framework/src/Illuminate/Pipeline/Pipeline.php(163): Illuminate\\Foundation\\Http\\Middleware\\ValidatePostSize->handle(Object(Illuminate\\Http\\Request), Object(Closure))
#27 /home/as/Documentos/EPSEM-UPC/TFG/FINAL_PROJECT_WEB/SERVER_WEB/RobotCarKit/vendor/laravel/framework/src/Illuminate/Routing/Pipeline.php(53): Illuminate\\Pipeline\\Pipeline->Illuminate\\Pipeline\\{closure}(Object(Illuminate\\Http\\Request))
#28 /home/as/Documentos/EPSEM-UPC/TFG/FINAL_PROJECT_WEB/SERVER_WEB/RobotCarKit/vendor/laravel/framework/src/Illuminate/Foundation/Http/Middleware/CheckForMaintenanceMode.php(62): Illuminate\\Routing\\Pipeline->Illuminate\\Routing\\{closure}(Object(Illuminate\\Http\\Request))
#29 /home/as/Documentos/EPSEM-UPC/TFG/FINAL_PROJECT_WEB/SERVER_WEB/RobotCarKit/vendor/laravel/framework/src/Illuminate/Pipeline/Pipeline.php(163): Illuminate\\Foundation\\Http\\Middleware\\CheckForMaintenanceMode->handle(Object(Illuminate\\Http\\Request), Object(Closure))
#30 /home/as/Documentos/EPSEM-UPC/TFG/FINAL_PROJECT_WEB/SERVER_WEB/RobotCarKit/vendor/laravel/framework/src/Illuminate/Routing/Pipeline.php(53): Illuminate\\Pipeline\\Pipeline->Illuminate\\Pipeline\\{closure}(Object(Illuminate\\Http\\Request))
#31 /home/as/Documentos/EPSEM-UPC/TFG/FINAL_PROJECT_WEB/SERVER_WEB/RobotCarKit/vendor/laravel/framework/src/Illuminate/Pipeline/Pipeline.php(104): Illuminate\\Routing\\Pipeline->Illuminate\\Routing\\{closure}(Object(Illuminate\\Http\\Request))
#32 /home/as/Documentos/EPSEM-UPC/TFG/FINAL_PROJECT_WEB/SERVER_WEB/RobotCarKit/vendor/laravel/framework/src/Illuminate/Foundation/Http/Kernel.php(151): Illuminate\\Pipeline\\Pipeline->then(Object(Closure))
#33 /home/as/Documentos/EPSEM-UPC/TFG/FINAL_PROJECT_WEB/SERVER_WEB/RobotCarKit/vendor/laravel/framework/src/Illuminate/Foundation/Http/Kernel.php(116): Illuminate\\Foundation\\Http\\Kernel->sendRequestThroughRouter(Object(Illuminate\\Http\\Request))
#34 /home/as/Documentos/EPSEM-UPC/TFG/FINAL_PROJECT_WEB/SERVER_WEB/RobotCarKit/public/index.php(55): Illuminate\\Foundation\\Http\\Kernel->handle(Object(Illuminate\\Http\\Request))
#35 /home/as/Documentos/EPSEM-UPC/TFG/FINAL_PROJECT_WEB/SERVER_WEB/RobotCarKit/server.php(21): require_once('/home/as/Docume...')
#36 {main}
"} 
[2019-05-30 21:59:36] local.ERROR: file_put_contents(/home/as/Documentos/EPSEM-UPC/TFG/FINAL_PROJECT_WEB/SERVER_WEB/RobotCarKit/storage/framework/cache/data/44/d1/44d142505dd1a3b497197e2f459d2aec779e9ed6): failed to open stream: Permission denied {"exception":"[object] (ErrorException(code: 0): file_put_contents(/home/as/Documentos/EPSEM-UPC/TFG/FINAL_PROJECT_WEB/SERVER_WEB/RobotCarKit/storage/framework/cache/data/44/d1/44d142505dd1a3b497197e2f459d2aec779e9ed6): failed to open stream: Permission denied at /home/as/Documentos/EPSEM-UPC/TFG/FINAL_PROJECT_WEB/SERVER_WEB/RobotCarKit/vendor/laravel/framework/src/Illuminate/Filesystem/Filesystem.php:122)
[stacktrace]
#0 [internal function]: Illuminate\\Foundation\\Bootstrap\\HandleExceptions->handleError(2, 'file_put_conten...', '/home/as/Docume...', 122, Array)
#1 /home/as/Documentos/EPSEM-UPC/TFG/FINAL_PROJECT_WEB/SERVER_WEB/RobotCarKit/vendor/laravel/framework/src/Illuminate/Filesystem/Filesystem.php(122): file_put_contents('/home/as/Docume...', '1559253636i:155...', 2)
#2 /home/as/Documentos/EPSEM-UPC/TFG/FINAL_PROJECT_WEB/SERVER_WEB/RobotCarKit/vendor/laravel/framework/src/Illuminate/Cache/FileStore.php(65): Illuminate\\Filesystem\\Filesystem->put('/home/as/Docume...', '1559253636i:155...', true)
#3 /home/as/Documentos/EPSEM-UPC/TFG/FINAL_PROJECT_WEB/SERVER_WEB/RobotCarKit/vendor/laravel/framework/src/Illuminate/Cache/Repository.php(215): Illuminate\\Cache\\FileStore->put('5c785c036466ade...', 1559253636, 60)
#4 /home/as/Documentos/EPSEM-UPC/TFG/FINAL_PROJECT_WEB/SERVER_WEB/RobotCarKit/vendor/laravel/framework/src/Illuminate/Cache/Repository.php(320): Illuminate\\Cache\\Repository->put('5c785c036466ade...', 1559253636, 60)
#5 /home/as/Documentos/EPSEM-UPC/TFG/FINAL_PROJECT_WEB/SERVER_WEB/RobotCarKit/vendor/laravel/framework/src/Illuminate/Cache/RateLimiter.php(60): Illuminate\\Cache\\Repository->add('5c785c036466ade...', 1559253636, 60)
#6 /home/as/Documentos/EPSEM-UPC/TFG/FINAL_PROJECT_WEB/SERVER_WEB/RobotCarKit/vendor/laravel/framework/src/Illuminate/Routing/Middleware/ThrottleRequests.php(56): Illuminate\\Cache\\RateLimiter->hit('5c785c036466ade...', 60)
#7 /home/as/Documentos/EPSEM-UPC/TFG/FINAL_PROJECT_WEB/SERVER_WEB/RobotCarKit/vendor/laravel/framework/src/Illuminate/Pipeline/Pipeline.php(163): Illuminate\\Routing\\Middleware\\ThrottleRequests->handle(Object(Illuminate\\Http\\Request), Object(Closure), 60, '1')
#8 /home/as/Documentos/EPSEM-UPC/TFG/FINAL_PROJECT_WEB/SERVER_WEB/RobotCarKit/vendor/laravel/framework/src/Illuminate/Routing/Pipeline.php(53): Illuminate\\Pipeline\\Pipeline->Illuminate\\Pipeline\\{closure}(Object(Illuminate\\Http\\Request))
#9 /home/as/Documentos/EPSEM-UPC/TFG/FINAL_PROJECT_WEB/SERVER_WEB/RobotCarKit/vendor/laravel/framework/src/Illuminate/Pipeline/Pipeline.php(104): Illuminate\\Routing\\Pipeline->Illuminate\\Routing\\{closure}(Object(Illuminate\\Http\\Request))
#10 /home/as/Documentos/EPSEM-UPC/TFG/FINAL_PROJECT_WEB/SERVER_WEB/RobotCarKit/vendor/laravel/framework/src/Illuminate/Routing/Router.php(682): Illuminate\\Pipeline\\Pipeline->then(Object(Closure))
#11 /home/as/Documentos/EPSEM-UPC/TFG/FINAL_PROJECT_WEB/SERVER_WEB/RobotCarKit/vendor/laravel/framework/src/Illuminate/Routing/Router.php(657): Illuminate\\Routing\\Router->runRouteWithinStack(Object(Illuminate\\Routing\\Route), Object(Illuminate\\Http\\Request))
#12 /home/as/Documentos/EPSEM-UPC/TFG/FINAL_PROJECT_WEB/SERVER_WEB/RobotCarKit/vendor/laravel/framework/src/Illuminate/Routing/Router.php(623): Illuminate\\Routing\\Router->runRoute(Object(Illuminate\\Http\\Request), Object(Illuminate\\Routing\\Route))
#13 /home/as/Documentos/EPSEM-UPC/TFG/FINAL_PROJECT_WEB/SERVER_WEB/RobotCarKit/vendor/laravel/framework/src/Illuminate/Routing/Router.php(612): Illuminate\\Routing\\Router->dispatchToRoute(Object(Illuminate\\Http\\Request))
#14 /home/as/Documentos/EPSEM-UPC/TFG/FINAL_PROJECT_WEB/SERVER_WEB/RobotCarKit/vendor/laravel/framework/src/Illuminate/Foundation/Http/Kernel.php(176): Illuminate\\Routing\\Router->dispatch(Object(Illuminate\\Http\\Request))
#15 /home/as/Documentos/EPSEM-UPC/TFG/FINAL_PROJECT_WEB/SERVER_WEB/RobotCarKit/vendor/laravel/framework/src/Illuminate/Routing/Pipeline.php(30): Illuminate\\Foundation\\Http\\Kernel->Illuminate\\Foundation\\Http\\{closure}(Object(Illuminate\\Http\\Request))
#16 /home/as/Documentos/EPSEM-UPC/TFG/FINAL_PROJECT_WEB/SERVER_WEB/RobotCarKit/vendor/fideloper/proxy/src/TrustProxies.php(57): Illuminate\\Routing\\Pipeline->Illuminate\\Routing\\{closure}(Object(Illuminate\\Http\\Request))
#17 /home/as/Documentos/EPSEM-UPC/TFG/FINAL_PROJECT_WEB/SERVER_WEB/RobotCarKit/vendor/laravel/framework/src/Illuminate/Pipeline/Pipeline.php(163): Fideloper\\Proxy\\TrustProxies->handle(Object(Illuminate\\Http\\Request), Object(Closure))
#18 /home/as/Documentos/EPSEM-UPC/TFG/FINAL_PROJECT_WEB/SERVER_WEB/RobotCarKit/vendor/laravel/framework/src/Illuminate/Routing/Pipeline.php(53): Illuminate\\Pipeline\\Pipeline->Illuminate\\Pipeline\\{closure}(Object(Illuminate\\Http\\Request))
#19 /home/as/Documentos/EPSEM-UPC/TFG/FINAL_PROJECT_WEB/SERVER_WEB/RobotCarKit/vendor/laravel/framework/src/Illuminate/Foundation/Http/Middleware/TransformsRequest.php(21): Illuminate\\Routing\\Pipeline->Illuminate\\Routing\\{closure}(Object(Illuminate\\Http\\Request))
#20 /home/as/Documentos/EPSEM-UPC/TFG/FINAL_PROJECT_WEB/SERVER_WEB/RobotCarKit/vendor/laravel/framework/src/Illuminate/Pipeline/Pipeline.php(163): Illuminate\\Foundation\\Http\\Middleware\\TransformsRequest->handle(Object(Illuminate\\Http\\Request), Object(Closure))
#21 /home/as/Documentos/EPSEM-UPC/TFG/FINAL_PROJECT_WEB/SERVER_WEB/RobotCarKit/vendor/laravel/framework/src/Illuminate/Routing/Pipeline.php(53): Illuminate\\Pipeline\\Pipeline->Illuminate\\Pipeline\\{closure}(Object(Illuminate\\Http\\Request))
#22 /home/as/Documentos/EPSEM-UPC/TFG/FINAL_PROJECT_WEB/SERVER_WEB/RobotCarKit/vendor/laravel/framework/src/Illuminate/Foundation/Http/Middleware/TransformsRequest.php(21): Illuminate\\Routing\\Pipeline->Illuminate\\Routing\\{closure}(Object(Illuminate\\Http\\Request))
#23 /home/as/Documentos/EPSEM-UPC/TFG/FINAL_PROJECT_WEB/SERVER_WEB/RobotCarKit/vendor/laravel/framework/src/Illuminate/Pipeline/Pipeline.php(163): Illuminate\\Foundation\\Http\\Middleware\\TransformsRequest->handle(Object(Illuminate\\Http\\Request), Object(Closure))
#24 /home/as/Documentos/EPSEM-UPC/TFG/FINAL_PROJECT_WEB/SERVER_WEB/RobotCarKit/vendor/laravel/framework/src/Illuminate/Routing/Pipeline.php(53): Illuminate\\Pipeline\\Pipeline->Illuminate\\Pipeline\\{closure}(Object(Illuminate\\Http\\Request))
#25 /home/as/Documentos/EPSEM-UPC/TFG/FINAL_PROJECT_WEB/SERVER_WEB/RobotCarKit/vendor/laravel/framework/src/Illuminate/Foundation/Http/Middleware/ValidatePostSize.php(27): Illuminate\\Routing\\Pipeline->Illuminate\\Routing\\{closure}(Object(Illuminate\\Http\\Request))
#26 /home/as/Documentos/EPSEM-UPC/TFG/FINAL_PROJECT_WEB/SERVER_WEB/RobotCarKit/vendor/laravel/framework/src/Illuminate/Pipeline/Pipeline.php(163): Illuminate\\Foundation\\Http\\Middleware\\ValidatePostSize->handle(Object(Illuminate\\Http\\Request), Object(Closure))
#27 /home/as/Documentos/EPSEM-UPC/TFG/FINAL_PROJECT_WEB/SERVER_WEB/RobotCarKit/vendor/laravel/framework/src/Illuminate/Routing/Pipeline.php(53): Illuminate\\Pipeline\\Pipeline->Illuminate\\Pipeline\\{closure}(Object(Illuminate\\Http\\Request))
#28 /home/as/Documentos/EPSEM-UPC/TFG/FINAL_PROJECT_WEB/SERVER_WEB/RobotCarKit/vendor/laravel/framework/src/Illuminate/Foundation/Http/Middleware/CheckForMaintenanceMode.php(62): Illuminate\\Routing\\Pipeline->Illuminate\\Routing\\{closure}(Object(Illuminate\\Http\\Request))
#29 /home/as/Documentos/EPSEM-UPC/TFG/FINAL_PROJECT_WEB/SERVER_WEB/RobotCarKit/vendor/laravel/framework/src/Illuminate/Pipeline/Pipeline.php(163): Illuminate\\Foundation\\Http\\Middleware\\CheckForMaintenanceMode->handle(Object(Illuminate\\Http\\Request), Object(Closure))
#30 /home/as/Documentos/EPSEM-UPC/TFG/FINAL_PROJECT_WEB/SERVER_WEB/RobotCarKit/vendor/laravel/framework/src/Illuminate/Routing/Pipeline.php(53): Illuminate\\Pipeline\\Pipeline->Illuminate\\Pipeline\\{closure}(Object(Illuminate\\Http\\Request))
#31 /home/as/Documentos/EPSEM-UPC/TFG/FINAL_PROJECT_WEB/SERVER_WEB/RobotCarKit/vendor/laravel/framework/src/Illuminate/Pipeline/Pipeline.php(104): Illuminate\\Routing\\Pipeline->Illuminate\\Routing\\{closure}(Object(Illuminate\\Http\\Request))
#32 /home/as/Documentos/EPSEM-UPC/TFG/FINAL_PROJECT_WEB/SERVER_WEB/RobotCarKit/vendor/laravel/framework/src/Illuminate/Foundation/Http/Kernel.php(151): Illuminate\\Pipeline\\Pipeline->then(Object(Closure))
#33 /home/as/Documentos/EPSEM-UPC/TFG/FINAL_PROJECT_WEB/SERVER_WEB/RobotCarKit/vendor/laravel/framework/src/Illuminate/Foundation/Http/Kernel.php(116): Illuminate\\Foundation\\Http\\Kernel->sendRequestThroughRouter(Object(Illuminate\\Http\\Request))
#34 /home/as/Documentos/EPSEM-UPC/TFG/FINAL_PROJECT_WEB/SERVER_WEB/RobotCarKit/public/index.php(55): Illuminate\\Foundation\\Http\\Kernel->handle(Object(Illuminate\\Http\\Request))
#35 /home/as/Documentos/EPSEM-UPC/TFG/FINAL_PROJECT_WEB/SERVER_WEB/RobotCarKit/server.php(21): require_once('/home/as/Docume...')
#36 {main}
"} 
[2019-05-30 22:01:14] local.ERROR: Failed to bind the ZMQ: Cannot assign requested address {"exception":"[object] (ZMQSocketException(code: 99): Failed to bind the ZMQ: Cannot assign requested address at /home/as/Documentos/EPSEM-UPC/TFG/FINAL_PROJECT_WEB/SERVER_WEB/RobotCarKit/vendor/react/zmq/src/React/ZMQ/SocketWrapper.php:114)
[stacktrace]
#0 [internal function]: ZMQSocket->bind('tcp://192.168.0...')
#1 /home/as/Documentos/EPSEM-UPC/TFG/FINAL_PROJECT_WEB/SERVER_WEB/RobotCarKit/vendor/react/zmq/src/React/ZMQ/SocketWrapper.php(114): call_user_func_array(Array, Array)
#2 /home/as/Documentos/EPSEM-UPC/TFG/FINAL_PROJECT_WEB/SERVER_WEB/RobotCarKit/app/Console/Commands/PusherServer.php(58): React\\ZMQ\\SocketWrapper->__call('bind', Array)
#3 [internal function]: App\\Console\\Commands\\PusherServer->handle()
#4 /home/as/Documentos/EPSEM-UPC/TFG/FINAL_PROJECT_WEB/SERVER_WEB/RobotCarKit/vendor/laravel/framework/src/Illuminate/Container/BoundMethod.php(32): call_user_func_array(Array, Array)
#5 /home/as/Documentos/EPSEM-UPC/TFG/FINAL_PROJECT_WEB/SERVER_WEB/RobotCarKit/vendor/laravel/framework/src/Illuminate/Container/BoundMethod.php(90): Illuminate\\Container\\BoundMethod::Illuminate\\Container\\{closure}()
#6 /home/as/Documentos/EPSEM-UPC/TFG/FINAL_PROJECT_WEB/SERVER_WEB/RobotCarKit/vendor/laravel/framework/src/Illuminate/Container/BoundMethod.php(34): Illuminate\\Container\\BoundMethod::callBoundMethod(Object(Illuminate\\Foundation\\Application), Array, Object(Closure))
#7 /home/as/Documentos/EPSEM-UPC/TFG/FINAL_PROJECT_WEB/SERVER_WEB/RobotCarKit/vendor/laravel/framework/src/Illuminate/Container/Container.php(576): Illuminate\\Container\\BoundMethod::call(Object(Illuminate\\Foundation\\Application), Array, Array, NULL)
#8 /home/as/Documentos/EPSEM-UPC/TFG/FINAL_PROJECT_WEB/SERVER_WEB/RobotCarKit/vendor/laravel/framework/src/Illuminate/Console/Command.php(183): Illuminate\\Container\\Container->call(Array)
#9 /home/as/Documentos/EPSEM-UPC/TFG/FINAL_PROJECT_WEB/SERVER_WEB/RobotCarKit/vendor/symfony/console/Command/Command.php(255): Illuminate\\Console\\Command->execute(Object(Symfony\\Component\\Console\\Input\\ArgvInput), Object(Illuminate\\Console\\OutputStyle))
#10 /home/as/Documentos/EPSEM-UPC/TFG/FINAL_PROJECT_WEB/SERVER_WEB/RobotCarKit/vendor/laravel/framework/src/Illuminate/Console/Command.php(170): Symfony\\Component\\Console\\Command\\Command->run(Object(Symfony\\Component\\Console\\Input\\ArgvInput), Object(Illuminate\\Console\\OutputStyle))
#11 /home/as/Documentos/EPSEM-UPC/TFG/FINAL_PROJECT_WEB/SERVER_WEB/RobotCarKit/vendor/symfony/console/Application.php(908): Illuminate\\Console\\Command->run(Object(Symfony\\Component\\Console\\Input\\ArgvInput), Object(Symfony\\Component\\Console\\Output\\ConsoleOutput))
#12 /home/as/Documentos/EPSEM-UPC/TFG/FINAL_PROJECT_WEB/SERVER_WEB/RobotCarKit/vendor/symfony/console/Application.php(269): Symfony\\Component\\Console\\Application->doRunCommand(Object(App\\Console\\Commands\\PusherServer), Object(Symfony\\Component\\Console\\Input\\ArgvInput), Object(Symfony\\Component\\Console\\Output\\ConsoleOutput))
#13 /home/as/Documentos/EPSEM-UPC/TFG/FINAL_PROJECT_WEB/SERVER_WEB/RobotCarKit/vendor/symfony/console/Application.php(145): Symfony\\Component\\Console\\Application->doRun(Object(Symfony\\Component\\Console\\Input\\ArgvInput), Object(Symfony\\Component\\Console\\Output\\ConsoleOutput))
#14 /home/as/Documentos/EPSEM-UPC/TFG/FINAL_PROJECT_WEB/SERVER_WEB/RobotCarKit/vendor/laravel/framework/src/Illuminate/Console/Application.php(90): Symfony\\Component\\Console\\Application->run(Object(Symfony\\Component\\Console\\Input\\ArgvInput), Object(Symfony\\Component\\Console\\Output\\ConsoleOutput))
#15 /home/as/Documentos/EPSEM-UPC/TFG/FINAL_PROJECT_WEB/SERVER_WEB/RobotCarKit/vendor/laravel/framework/src/Illuminate/Foundation/Console/Kernel.php(133): Illuminate\\Console\\Application->run(Object(Symfony\\Component\\Console\\Input\\ArgvInput), Object(Symfony\\Component\\Console\\Output\\ConsoleOutput))
#16 /home/as/Documentos/EPSEM-UPC/TFG/FINAL_PROJECT_WEB/SERVER_WEB/RobotCarKit/artisan(37): Illuminate\\Foundation\\Console\\Kernel->handle(Object(Symfony\\Component\\Console\\Input\\ArgvInput), Object(Symfony\\Component\\Console\\Output\\ConsoleOutput))
#17 {main}
"} 
