[2019-05-07 19:07:56] local.ERROR: Undefined variable: request {"exception":"[object] (ErrorException(code: 0): Undefined variable: request at /home/as/Documentos/EPSEM-UPC/TFG/FINAL_PROJECT/SERVER_WEB/RobotCarKit/routes/api.php:16)
[stacktrace]
#0 /home/as/Documentos/EPSEM-UPC/TFG/FINAL_PROJECT/SERVER_WEB/RobotCarKit/routes/api.php(16): Illuminate\\Foundation\\Bootstrap\\HandleExceptions->handleError(8, 'Undefined varia...', '/home/as/Docume...', 16, Array)
#1 /home/as/Documentos/EPSEM-UPC/TFG/FINAL_PROJECT/SERVER_WEB/RobotCarKit/vendor/laravel/framework/src/Illuminate/Routing/RouteFileRegistrar.php(35): require('/home/as/Docume...')
#2 /home/as/Documentos/EPSEM-UPC/TFG/FINAL_PROJECT/SERVER_WEB/RobotCarKit/vendor/laravel/framework/src/Illuminate/Routing/Router.php(415): Illuminate\\Routing\\RouteFileRegistrar->register('/home/as/Docume...')
#3 /home/as/Documentos/EPSEM-UPC/TFG/FINAL_PROJECT/SERVER_WEB/RobotCarKit/vendor/laravel/framework/src/Illuminate/Routing/Router.php(373): Illuminate\\Routing\\Router->loadRoutes('/home/as/Docume...')
#4 /home/as/Documentos/EPSEM-UPC/TFG/FINAL_PROJECT/SERVER_WEB/RobotCarKit/vendor/laravel/framework/src/Illuminate/Routing/RouteRegistrar.php(121): Illuminate\\Routing\\Router->group(Array, '/home/as/Docume...')
#5 /home/as/Documentos/EPSEM-UPC/TFG/FINAL_PROJECT/SERVER_WEB/RobotCarKit/app/Providers/RouteServiceProvider.php(71): Illuminate\\Routing\\RouteRegistrar->group('/home/as/Docume...')
#6 /home/as/Documentos/EPSEM-UPC/TFG/FINAL_PROJECT/SERVER_WEB/RobotCarKit/app/Providers/RouteServiceProvider.php(38): App\\Providers\\RouteServiceProvider->mapApiRoutes()
#7 [internal function]: App\\Providers\\RouteServiceProvider->map()
#8 /home/as/Documentos/EPSEM-UPC/TFG/FINAL_PROJECT/SERVER_WEB/RobotCarKit/vendor/laravel/framework/src/Illuminate/Container/BoundMethod.php(32): call_user_func_array(Array, Array)
#9 /home/as/Documentos/EPSEM-UPC/TFG/FINAL_PROJECT/SERVER_WEB/RobotCarKit/vendor/laravel/framework/src/Illuminate/Container/BoundMethod.php(90): Illuminate\\Container\\BoundMethod::Illuminate\\Container\\{closure}()
#10 /home/as/Documentos/EPSEM-UPC/TFG/FINAL_PROJECT/SERVER_WEB/RobotCarKit/vendor/laravel/framework/src/Illuminate/Container/BoundMethod.php(34): Illuminate\\Container\\BoundMethod::callBoundMethod(Object(Illuminate\\Foundation\\Application), Array, Object(Closure))
#11 /home/as/Documentos/EPSEM-UPC/TFG/FINAL_PROJECT/SERVER_WEB/RobotCarKit/vendor/laravel/framework/src/Illuminate/Container/Container.php(576): Illuminate\\Container\\BoundMethod::call(Object(Illuminate\\Foundation\\Application), Array, Array, NULL)
#12 /home/as/Documentos/EPSEM-UPC/TFG/FINAL_PROJECT/SERVER_WEB/RobotCarKit/vendor/laravel/framework/src/Illuminate/Foundation/Support/Providers/RouteServiceProvider.php(87): Illuminate\\Container\\Container->call(Array)
#13 /home/as/Documentos/EPSEM-UPC/TFG/FINAL_PROJECT/SERVER_WEB/RobotCarKit/vendor/laravel/framework/src/Illuminate/Foundation/Support/Providers/RouteServiceProvider.php(36): Illuminate\\Foundation\\Support\\Providers\\RouteServiceProvider->loadRoutes()
#14 /home/as/Documentos/EPSEM-UPC/TFG/FINAL_PROJECT/SERVER_WEB/RobotCarKit/app/Providers/RouteServiceProvider.php(28): Illuminate\\Foundation\\Support\\Providers\\RouteServiceProvider->boot()
#15 [internal function]: App\\Providers\\RouteServiceProvider->boot()
#16 /home/as/Documentos/EPSEM-UPC/TFG/FINAL_PROJECT/SERVER_WEB/RobotCarKit/vendor/laravel/framework/src/Illuminate/Container/BoundMethod.php(32): call_user_func_array(Array, Array)
#17 /home/as/Documentos/EPSEM-UPC/TFG/FINAL_PROJECT/SERVER_WEB/RobotCarKit/vendor/laravel/framework/src/Illuminate/Container/BoundMethod.php(90): Illuminate\\Container\\BoundMethod::Illuminate\\Container\\{closure}()
#18 /home/as/Documentos/EPSEM-UPC/TFG/FINAL_PROJECT/SERVER_WEB/RobotCarKit/vendor/laravel/framework/src/Illuminate/Container/BoundMethod.php(34): Illuminate\\Container\\BoundMethod::callBoundMethod(Object(Illuminate\\Foundation\\Application), Array, Object(Closure))
#19 /home/as/Documentos/EPSEM-UPC/TFG/FINAL_PROJECT/SERVER_WEB/RobotCarKit/vendor/laravel/framework/src/Illuminate/Container/Container.php(576): Illuminate\\Container\\BoundMethod::call(Object(Illuminate\\Foundation\\Application), Array, Array, NULL)
#20 /home/as/Documentos/EPSEM-UPC/TFG/FINAL_PROJECT/SERVER_WEB/RobotCarKit/vendor/laravel/framework/src/Illuminate/Foundation/Application.php(817): Illuminate\\Container\\Container->call(Array)
#21 /home/as/Documentos/EPSEM-UPC/TFG/FINAL_PROJECT/SERVER_WEB/RobotCarKit/vendor/laravel/framework/src/Illuminate/Foundation/Application.php(800): Illuminate\\Foundation\\Application->bootProvider(Object(App\\Providers\\RouteServiceProvider))
#22 [internal function]: Illuminate\\Foundation\\Application->Illuminate\\Foundation\\{closure}(Object(App\\Providers\\RouteServiceProvider), 20)
#23 /home/as/Documentos/EPSEM-UPC/TFG/FINAL_PROJECT/SERVER_WEB/RobotCarKit/vendor/laravel/framework/src/Illuminate/Foundation/Application.php(801): array_walk(Array, Object(Closure))
#24 /home/as/Documentos/EPSEM-UPC/TFG/FINAL_PROJECT/SERVER_WEB/RobotCarKit/vendor/laravel/framework/src/Illuminate/Foundation/Bootstrap/BootProviders.php(17): Illuminate\\Foundation\\Application->boot()
#25 /home/as/Documentos/EPSEM-UPC/TFG/FINAL_PROJECT/SERVER_WEB/RobotCarKit/vendor/laravel/framework/src/Illuminate/Foundation/Application.php(210): Illuminate\\Foundation\\Bootstrap\\BootProviders->bootstrap(Object(Illuminate\\Foundation\\Application))
#26 /home/as/Documentos/EPSEM-UPC/TFG/FINAL_PROJECT/SERVER_WEB/RobotCarKit/vendor/laravel/framework/src/Illuminate/Foundation/Http/Kernel.php(162): Illuminate\\Foundation\\Application->bootstrapWith(Array)
#27 /home/as/Documentos/EPSEM-UPC/TFG/FINAL_PROJECT/SERVER_WEB/RobotCarKit/vendor/laravel/framework/src/Illuminate/Foundation/Http/Kernel.php(146): Illuminate\\Foundation\\Http\\Kernel->bootstrap()
#28 /home/as/Documentos/EPSEM-UPC/TFG/FINAL_PROJECT/SERVER_WEB/RobotCarKit/vendor/laravel/framework/src/Illuminate/Foundation/Http/Kernel.php(116): Illuminate\\Foundation\\Http\\Kernel->sendRequestThroughRouter(Object(Illuminate\\Http\\Request))
#29 /home/as/Documentos/EPSEM-UPC/TFG/FINAL_PROJECT/SERVER_WEB/RobotCarKit/public/index.php(55): Illuminate\\Foundation\\Http\\Kernel->handle(Object(Illuminate\\Http\\Request))
#30 /home/as/Documentos/EPSEM-UPC/TFG/FINAL_PROJECT/SERVER_WEB/RobotCarKit/server.php(21): require_once('/home/as/Docume...')
#31 {main}
"} 
[2019-05-07 19:08:04] local.ERROR: Undefined variable: request {"exception":"[object] (ErrorException(code: 0): Undefined variable: request at /home/as/Documentos/EPSEM-UPC/TFG/FINAL_PROJECT/SERVER_WEB/RobotCarKit/routes/api.php:16)
[stacktrace]
#0 /home/as/Documentos/EPSEM-UPC/TFG/FINAL_PROJECT/SERVER_WEB/RobotCarKit/routes/api.php(16): Illuminate\\Foundation\\Bootstrap\\HandleExceptions->handleError(8, 'Undefined varia...', '/home/as/Docume...', 16, Array)
#1 /home/as/Documentos/EPSEM-UPC/TFG/FINAL_PROJECT/SERVER_WEB/RobotCarKit/vendor/laravel/framework/src/Illuminate/Routing/RouteFileRegistrar.php(35): require('/home/as/Docume...')
#2 /home/as/Documentos/EPSEM-UPC/TFG/FINAL_PROJECT/SERVER_WEB/RobotCarKit/vendor/laravel/framework/src/Illuminate/Routing/Router.php(415): Illuminate\\Routing\\RouteFileRegistrar->register('/home/as/Docume...')
#3 /home/as/Documentos/EPSEM-UPC/TFG/FINAL_PROJECT/SERVER_WEB/RobotCarKit/vendor/laravel/framework/src/Illuminate/Routing/Router.php(373): Illuminate\\Routing\\Router->loadRoutes('/home/as/Docume...')
#4 /home/as/Documentos/EPSEM-UPC/TFG/FINAL_PROJECT/SERVER_WEB/RobotCarKit/vendor/laravel/framework/src/Illuminate/Routing/RouteRegistrar.php(121): Illuminate\\Routing\\Router->group(Array, '/home/as/Docume...')
#5 /home/as/Documentos/EPSEM-UPC/TFG/FINAL_PROJECT/SERVER_WEB/RobotCarKit/app/Providers/RouteServiceProvider.php(71): Illuminate\\Routing\\RouteRegistrar->group('/home/as/Docume...')
#6 /home/as/Documentos/EPSEM-UPC/TFG/FINAL_PROJECT/SERVER_WEB/RobotCarKit/app/Providers/RouteServiceProvider.php(38): App\\Providers\\RouteServiceProvider->mapApiRoutes()
#7 [internal function]: App\\Providers\\RouteServiceProvider->map()
#8 /home/as/Documentos/EPSEM-UPC/TFG/FINAL_PROJECT/SERVER_WEB/RobotCarKit/vendor/laravel/framework/src/Illuminate/Container/BoundMethod.php(32): call_user_func_array(Array, Array)
#9 /home/as/Documentos/EPSEM-UPC/TFG/FINAL_PROJECT/SERVER_WEB/RobotCarKit/vendor/laravel/framework/src/Illuminate/Container/BoundMethod.php(90): Illuminate\\Container\\BoundMethod::Illuminate\\Container\\{closure}()
#10 /home/as/Documentos/EPSEM-UPC/TFG/FINAL_PROJECT/SERVER_WEB/RobotCarKit/vendor/laravel/framework/src/Illuminate/Container/BoundMethod.php(34): Illuminate\\Container\\BoundMethod::callBoundMethod(Object(Illuminate\\Foundation\\Application), Array, Object(Closure))
#11 /home/as/Documentos/EPSEM-UPC/TFG/FINAL_PROJECT/SERVER_WEB/RobotCarKit/vendor/laravel/framework/src/Illuminate/Container/Container.php(576): Illuminate\\Container\\BoundMethod::call(Object(Illuminate\\Foundation\\Application), Array, Array, NULL)
#12 /home/as/Documentos/EPSEM-UPC/TFG/FINAL_PROJECT/SERVER_WEB/RobotCarKit/vendor/laravel/framework/src/Illuminate/Foundation/Support/Providers/RouteServiceProvider.php(87): Illuminate\\Container\\Container->call(Array)
#13 /home/as/Documentos/EPSEM-UPC/TFG/FINAL_PROJECT/SERVER_WEB/RobotCarKit/vendor/laravel/framework/src/Illuminate/Foundation/Support/Providers/RouteServiceProvider.php(36): Illuminate\\Foundation\\Support\\Providers\\RouteServiceProvider->loadRoutes()
#14 /home/as/Documentos/EPSEM-UPC/TFG/FINAL_PROJECT/SERVER_WEB/RobotCarKit/app/Providers/RouteServiceProvider.php(28): Illuminate\\Foundation\\Support\\Providers\\RouteServiceProvider->boot()
#15 [internal function]: App\\Providers\\RouteServiceProvider->boot()
#16 /home/as/Documentos/EPSEM-UPC/TFG/FINAL_PROJECT/SERVER_WEB/RobotCarKit/vendor/laravel/framework/src/Illuminate/Container/BoundMethod.php(32): call_user_func_array(Array, Array)
#17 /home/as/Documentos/EPSEM-UPC/TFG/FINAL_PROJECT/SERVER_WEB/RobotCarKit/vendor/laravel/framework/src/Illuminate/Container/BoundMethod.php(90): Illuminate\\Container\\BoundMethod::Illuminate\\Container\\{closure}()
#18 /home/as/Documentos/EPSEM-UPC/TFG/FINAL_PROJECT/SERVER_WEB/RobotCarKit/vendor/laravel/framework/src/Illuminate/Container/BoundMethod.php(34): Illuminate\\Container\\BoundMethod::callBoundMethod(Object(Illuminate\\Foundation\\Application), Array, Object(Closure))
#19 /home/as/Documentos/EPSEM-UPC/TFG/FINAL_PROJECT/SERVER_WEB/RobotCarKit/vendor/laravel/framework/src/Illuminate/Container/Container.php(576): Illuminate\\Container\\BoundMethod::call(Object(Illuminate\\Foundation\\Application), Array, Array, NULL)
#20 /home/as/Documentos/EPSEM-UPC/TFG/FINAL_PROJECT/SERVER_WEB/RobotCarKit/vendor/laravel/framework/src/Illuminate/Foundation/Application.php(817): Illuminate\\Container\\Container->call(Array)
#21 /home/as/Documentos/EPSEM-UPC/TFG/FINAL_PROJECT/SERVER_WEB/RobotCarKit/vendor/laravel/framework/src/Illuminate/Foundation/Application.php(800): Illuminate\\Foundation\\Application->bootProvider(Object(App\\Providers\\RouteServiceProvider))
#22 [internal function]: Illuminate\\Foundation\\Application->Illuminate\\Foundation\\{closure}(Object(App\\Providers\\RouteServiceProvider), 20)
#23 /home/as/Documentos/EPSEM-UPC/TFG/FINAL_PROJECT/SERVER_WEB/RobotCarKit/vendor/laravel/framework/src/Illuminate/Foundation/Application.php(801): array_walk(Array, Object(Closure))
#24 /home/as/Documentos/EPSEM-UPC/TFG/FINAL_PROJECT/SERVER_WEB/RobotCarKit/vendor/laravel/framework/src/Illuminate/Foundation/Bootstrap/BootProviders.php(17): Illuminate\\Foundation\\Application->boot()
#25 /home/as/Documentos/EPSEM-UPC/TFG/FINAL_PROJECT/SERVER_WEB/RobotCarKit/vendor/laravel/framework/src/Illuminate/Foundation/Application.php(210): Illuminate\\Foundation\\Bootstrap\\BootProviders->bootstrap(Object(Illuminate\\Foundation\\Application))
#26 /home/as/Documentos/EPSEM-UPC/TFG/FINAL_PROJECT/SERVER_WEB/RobotCarKit/vendor/laravel/framework/src/Illuminate/Foundation/Http/Kernel.php(162): Illuminate\\Foundation\\Application->bootstrapWith(Array)
#27 /home/as/Documentos/EPSEM-UPC/TFG/FINAL_PROJECT/SERVER_WEB/RobotCarKit/vendor/laravel/framework/src/Illuminate/Foundation/Http/Kernel.php(146): Illuminate\\Foundation\\Http\\Kernel->bootstrap()
#28 /home/as/Documentos/EPSEM-UPC/TFG/FINAL_PROJECT/SERVER_WEB/RobotCarKit/vendor/laravel/framework/src/Illuminate/Foundation/Http/Kernel.php(116): Illuminate\\Foundation\\Http\\Kernel->sendRequestThroughRouter(Object(Illuminate\\Http\\Request))
#29 /home/as/Documentos/EPSEM-UPC/TFG/FINAL_PROJECT/SERVER_WEB/RobotCarKit/public/index.php(55): Illuminate\\Foundation\\Http\\Kernel->handle(Object(Illuminate\\Http\\Request))
#30 /home/as/Documentos/EPSEM-UPC/TFG/FINAL_PROJECT/SERVER_WEB/RobotCarKit/server.php(21): require_once('/home/as/Docume...')
#31 {main}
"} 
[2019-05-07 19:08:42] local.ERROR: Undefined variable: request {"exception":"[object] (ErrorException(code: 0): Undefined variable: request at /home/as/Documentos/EPSEM-UPC/TFG/FINAL_PROJECT/SERVER_WEB/RobotCarKit/routes/api.php:16)
[stacktrace]
#0 /home/as/Documentos/EPSEM-UPC/TFG/FINAL_PROJECT/SERVER_WEB/RobotCarKit/routes/api.php(16): Illuminate\\Foundation\\Bootstrap\\HandleExceptions->handleError(8, 'Undefined varia...', '/home/as/Docume...', 16, Array)
#1 /home/as/Documentos/EPSEM-UPC/TFG/FINAL_PROJECT/SERVER_WEB/RobotCarKit/vendor/laravel/framework/src/Illuminate/Routing/RouteFileRegistrar.php(35): require('/home/as/Docume...')
#2 /home/as/Documentos/EPSEM-UPC/TFG/FINAL_PROJECT/SERVER_WEB/RobotCarKit/vendor/laravel/framework/src/Illuminate/Routing/Router.php(415): Illuminate\\Routing\\RouteFileRegistrar->register('/home/as/Docume...')
#3 /home/as/Documentos/EPSEM-UPC/TFG/FINAL_PROJECT/SERVER_WEB/RobotCarKit/vendor/laravel/framework/src/Illuminate/Routing/Router.php(373): Illuminate\\Routing\\Router->loadRoutes('/home/as/Docume...')
#4 /home/as/Documentos/EPSEM-UPC/TFG/FINAL_PROJECT/SERVER_WEB/RobotCarKit/vendor/laravel/framework/src/Illuminate/Routing/RouteRegistrar.php(121): Illuminate\\Routing\\Router->group(Array, '/home/as/Docume...')
#5 /home/as/Documentos/EPSEM-UPC/TFG/FINAL_PROJECT/SERVER_WEB/RobotCarKit/app/Providers/RouteServiceProvider.php(71): Illuminate\\Routing\\RouteRegistrar->group('/home/as/Docume...')
#6 /home/as/Documentos/EPSEM-UPC/TFG/FINAL_PROJECT/SERVER_WEB/RobotCarKit/app/Providers/RouteServiceProvider.php(38): App\\Providers\\RouteServiceProvider->mapApiRoutes()
#7 [internal function]: App\\Providers\\RouteServiceProvider->map()
#8 /home/as/Documentos/EPSEM-UPC/TFG/FINAL_PROJECT/SERVER_WEB/RobotCarKit/vendor/laravel/framework/src/Illuminate/Container/BoundMethod.php(32): call_user_func_array(Array, Array)
#9 /home/as/Documentos/EPSEM-UPC/TFG/FINAL_PROJECT/SERVER_WEB/RobotCarKit/vendor/laravel/framework/src/Illuminate/Container/BoundMethod.php(90): Illuminate\\Container\\BoundMethod::Illuminate\\Container\\{closure}()
#10 /home/as/Documentos/EPSEM-UPC/TFG/FINAL_PROJECT/SERVER_WEB/RobotCarKit/vendor/laravel/framework/src/Illuminate/Container/BoundMethod.php(34): Illuminate\\Container\\BoundMethod::callBoundMethod(Object(Illuminate\\Foundation\\Application), Array, Object(Closure))
#11 /home/as/Documentos/EPSEM-UPC/TFG/FINAL_PROJECT/SERVER_WEB/RobotCarKit/vendor/laravel/framework/src/Illuminate/Container/Container.php(576): Illuminate\\Container\\BoundMethod::call(Object(Illuminate\\Foundation\\Application), Array, Array, NULL)
#12 /home/as/Documentos/EPSEM-UPC/TFG/FINAL_PROJECT/SERVER_WEB/RobotCarKit/vendor/laravel/framework/src/Illuminate/Foundation/Support/Providers/RouteServiceProvider.php(87): Illuminate\\Container\\Container->call(Array)
#13 /home/as/Documentos/EPSEM-UPC/TFG/FINAL_PROJECT/SERVER_WEB/RobotCarKit/vendor/laravel/framework/src/Illuminate/Foundation/Support/Providers/RouteServiceProvider.php(36): Illuminate\\Foundation\\Support\\Providers\\RouteServiceProvider->loadRoutes()
#14 /home/as/Documentos/EPSEM-UPC/TFG/FINAL_PROJECT/SERVER_WEB/RobotCarKit/app/Providers/RouteServiceProvider.php(28): Illuminate\\Foundation\\Support\\Providers\\RouteServiceProvider->boot()
#15 [internal function]: App\\Providers\\RouteServiceProvider->boot()
#16 /home/as/Documentos/EPSEM-UPC/TFG/FINAL_PROJECT/SERVER_WEB/RobotCarKit/vendor/laravel/framework/src/Illuminate/Container/BoundMethod.php(32): call_user_func_array(Array, Array)
#17 /home/as/Documentos/EPSEM-UPC/TFG/FINAL_PROJECT/SERVER_WEB/RobotCarKit/vendor/laravel/framework/src/Illuminate/Container/BoundMethod.php(90): Illuminate\\Container\\BoundMethod::Illuminate\\Container\\{closure}()
#18 /home/as/Documentos/EPSEM-UPC/TFG/FINAL_PROJECT/SERVER_WEB/RobotCarKit/vendor/laravel/framework/src/Illuminate/Container/BoundMethod.php(34): Illuminate\\Container\\BoundMethod::callBoundMethod(Object(Illuminate\\Foundation\\Application), Array, Object(Closure))
#19 /home/as/Documentos/EPSEM-UPC/TFG/FINAL_PROJECT/SERVER_WEB/RobotCarKit/vendor/laravel/framework/src/Illuminate/Container/Container.php(576): Illuminate\\Container\\BoundMethod::call(Object(Illuminate\\Foundation\\Application), Array, Array, NULL)
#20 /home/as/Documentos/EPSEM-UPC/TFG/FINAL_PROJECT/SERVER_WEB/RobotCarKit/vendor/laravel/framework/src/Illuminate/Foundation/Application.php(817): Illuminate\\Container\\Container->call(Array)
#21 /home/as/Documentos/EPSEM-UPC/TFG/FINAL_PROJECT/SERVER_WEB/RobotCarKit/vendor/laravel/framework/src/Illuminate/Foundation/Application.php(800): Illuminate\\Foundation\\Application->bootProvider(Object(App\\Providers\\RouteServiceProvider))
#22 [internal function]: Illuminate\\Foundation\\Application->Illuminate\\Foundation\\{closure}(Object(App\\Providers\\RouteServiceProvider), 20)
#23 /home/as/Documentos/EPSEM-UPC/TFG/FINAL_PROJECT/SERVER_WEB/RobotCarKit/vendor/laravel/framework/src/Illuminate/Foundation/Application.php(801): array_walk(Array, Object(Closure))
#24 /home/as/Documentos/EPSEM-UPC/TFG/FINAL_PROJECT/SERVER_WEB/RobotCarKit/vendor/laravel/framework/src/Illuminate/Foundation/Bootstrap/BootProviders.php(17): Illuminate\\Foundation\\Application->boot()
#25 /home/as/Documentos/EPSEM-UPC/TFG/FINAL_PROJECT/SERVER_WEB/RobotCarKit/vendor/laravel/framework/src/Illuminate/Foundation/Application.php(210): Illuminate\\Foundation\\Bootstrap\\BootProviders->bootstrap(Object(Illuminate\\Foundation\\Application))
#26 /home/as/Documentos/EPSEM-UPC/TFG/FINAL_PROJECT/SERVER_WEB/RobotCarKit/vendor/laravel/framework/src/Illuminate/Foundation/Http/Kernel.php(162): Illuminate\\Foundation\\Application->bootstrapWith(Array)
#27 /home/as/Documentos/EPSEM-UPC/TFG/FINAL_PROJECT/SERVER_WEB/RobotCarKit/vendor/laravel/framework/src/Illuminate/Foundation/Http/Kernel.php(146): Illuminate\\Foundation\\Http\\Kernel->bootstrap()
#28 /home/as/Documentos/EPSEM-UPC/TFG/FINAL_PROJECT/SERVER_WEB/RobotCarKit/vendor/laravel/framework/src/Illuminate/Foundation/Http/Kernel.php(116): Illuminate\\Foundation\\Http\\Kernel->sendRequestThroughRouter(Object(Illuminate\\Http\\Request))
#29 /home/as/Documentos/EPSEM-UPC/TFG/FINAL_PROJECT/SERVER_WEB/RobotCarKit/public/index.php(55): Illuminate\\Foundation\\Http\\Kernel->handle(Object(Illuminate\\Http\\Request))
#30 /home/as/Documentos/EPSEM-UPC/TFG/FINAL_PROJECT/SERVER_WEB/RobotCarKit/server.php(21): require_once('/home/as/Docume...')
#31 {main}
"} 
[2019-05-07 19:11:22] local.ERROR: Undefined variable: request {"exception":"[object] (ErrorException(code: 0): Undefined variable: request at /home/as/Documentos/EPSEM-UPC/TFG/FINAL_PROJECT/SERVER_WEB/RobotCarKit/routes/api.php:16)
[stacktrace]
#0 /home/as/Documentos/EPSEM-UPC/TFG/FINAL_PROJECT/SERVER_WEB/RobotCarKit/routes/api.php(16): Illuminate\\Foundation\\Bootstrap\\HandleExceptions->handleError(8, 'Undefined varia...', '/home/as/Docume...', 16, Array)
#1 /home/as/Documentos/EPSEM-UPC/TFG/FINAL_PROJECT/SERVER_WEB/RobotCarKit/vendor/laravel/framework/src/Illuminate/Routing/RouteFileRegistrar.php(35): require('/home/as/Docume...')
#2 /home/as/Documentos/EPSEM-UPC/TFG/FINAL_PROJECT/SERVER_WEB/RobotCarKit/vendor/laravel/framework/src/Illuminate/Routing/Router.php(415): Illuminate\\Routing\\RouteFileRegistrar->register('/home/as/Docume...')
#3 /home/as/Documentos/EPSEM-UPC/TFG/FINAL_PROJECT/SERVER_WEB/RobotCarKit/vendor/laravel/framework/src/Illuminate/Routing/Router.php(373): Illuminate\\Routing\\Router->loadRoutes('/home/as/Docume...')
#4 /home/as/Documentos/EPSEM-UPC/TFG/FINAL_PROJECT/SERVER_WEB/RobotCarKit/vendor/laravel/framework/src/Illuminate/Routing/RouteRegistrar.php(121): Illuminate\\Routing\\Router->group(Array, '/home/as/Docume...')
#5 /home/as/Documentos/EPSEM-UPC/TFG/FINAL_PROJECT/SERVER_WEB/RobotCarKit/app/Providers/RouteServiceProvider.php(71): Illuminate\\Routing\\RouteRegistrar->group('/home/as/Docume...')
#6 /home/as/Documentos/EPSEM-UPC/TFG/FINAL_PROJECT/SERVER_WEB/RobotCarKit/app/Providers/RouteServiceProvider.php(38): App\\Providers\\RouteServiceProvider->mapApiRoutes()
#7 [internal function]: App\\Providers\\RouteServiceProvider->map()
#8 /home/as/Documentos/EPSEM-UPC/TFG/FINAL_PROJECT/SERVER_WEB/RobotCarKit/vendor/laravel/framework/src/Illuminate/Container/BoundMethod.php(32): call_user_func_array(Array, Array)
#9 /home/as/Documentos/EPSEM-UPC/TFG/FINAL_PROJECT/SERVER_WEB/RobotCarKit/vendor/laravel/framework/src/Illuminate/Container/BoundMethod.php(90): Illuminate\\Container\\BoundMethod::Illuminate\\Container\\{closure}()
#10 /home/as/Documentos/EPSEM-UPC/TFG/FINAL_PROJECT/SERVER_WEB/RobotCarKit/vendor/laravel/framework/src/Illuminate/Container/BoundMethod.php(34): Illuminate\\Container\\BoundMethod::callBoundMethod(Object(Illuminate\\Foundation\\Application), Array, Object(Closure))
#11 /home/as/Documentos/EPSEM-UPC/TFG/FINAL_PROJECT/SERVER_WEB/RobotCarKit/vendor/laravel/framework/src/Illuminate/Container/Container.php(576): Illuminate\\Container\\BoundMethod::call(Object(Illuminate\\Foundation\\Application), Array, Array, NULL)
#12 /home/as/Documentos/EPSEM-UPC/TFG/FINAL_PROJECT/SERVER_WEB/RobotCarKit/vendor/laravel/framework/src/Illuminate/Foundation/Support/Providers/RouteServiceProvider.php(87): Illuminate\\Container\\Container->call(Array)
#13 /home/as/Documentos/EPSEM-UPC/TFG/FINAL_PROJECT/SERVER_WEB/RobotCarKit/vendor/laravel/framework/src/Illuminate/Foundation/Support/Providers/RouteServiceProvider.php(36): Illuminate\\Foundation\\Support\\Providers\\RouteServiceProvider->loadRoutes()
#14 /home/as/Documentos/EPSEM-UPC/TFG/FINAL_PROJECT/SERVER_WEB/RobotCarKit/app/Providers/RouteServiceProvider.php(28): Illuminate\\Foundation\\Support\\Providers\\RouteServiceProvider->boot()
#15 [internal function]: App\\Providers\\RouteServiceProvider->boot()
#16 /home/as/Documentos/EPSEM-UPC/TFG/FINAL_PROJECT/SERVER_WEB/RobotCarKit/vendor/laravel/framework/src/Illuminate/Container/BoundMethod.php(32): call_user_func_array(Array, Array)
#17 /home/as/Documentos/EPSEM-UPC/TFG/FINAL_PROJECT/SERVER_WEB/RobotCarKit/vendor/laravel/framework/src/Illuminate/Container/BoundMethod.php(90): Illuminate\\Container\\BoundMethod::Illuminate\\Container\\{closure}()
#18 /home/as/Documentos/EPSEM-UPC/TFG/FINAL_PROJECT/SERVER_WEB/RobotCarKit/vendor/laravel/framework/src/Illuminate/Container/BoundMethod.php(34): Illuminate\\Container\\BoundMethod::callBoundMethod(Object(Illuminate\\Foundation\\Application), Array, Object(Closure))
#19 /home/as/Documentos/EPSEM-UPC/TFG/FINAL_PROJECT/SERVER_WEB/RobotCarKit/vendor/laravel/framework/src/Illuminate/Container/Container.php(576): Illuminate\\Container\\BoundMethod::call(Object(Illuminate\\Foundation\\Application), Array, Array, NULL)
#20 /home/as/Documentos/EPSEM-UPC/TFG/FINAL_PROJECT/SERVER_WEB/RobotCarKit/vendor/laravel/framework/src/Illuminate/Foundation/Application.php(817): Illuminate\\Container\\Container->call(Array)
#21 /home/as/Documentos/EPSEM-UPC/TFG/FINAL_PROJECT/SERVER_WEB/RobotCarKit/vendor/laravel/framework/src/Illuminate/Foundation/Application.php(800): Illuminate\\Foundation\\Application->bootProvider(Object(App\\Providers\\RouteServiceProvider))
#22 [internal function]: Illuminate\\Foundation\\Application->Illuminate\\Foundation\\{closure}(Object(App\\Providers\\RouteServiceProvider), 20)
#23 /home/as/Documentos/EPSEM-UPC/TFG/FINAL_PROJECT/SERVER_WEB/RobotCarKit/vendor/laravel/framework/src/Illuminate/Foundation/Application.php(801): array_walk(Array, Object(Closure))
#24 /home/as/Documentos/EPSEM-UPC/TFG/FINAL_PROJECT/SERVER_WEB/RobotCarKit/vendor/laravel/framework/src/Illuminate/Foundation/Bootstrap/BootProviders.php(17): Illuminate\\Foundation\\Application->boot()
#25 /home/as/Documentos/EPSEM-UPC/TFG/FINAL_PROJECT/SERVER_WEB/RobotCarKit/vendor/laravel/framework/src/Illuminate/Foundation/Application.php(210): Illuminate\\Foundation\\Bootstrap\\BootProviders->bootstrap(Object(Illuminate\\Foundation\\Application))
#26 /home/as/Documentos/EPSEM-UPC/TFG/FINAL_PROJECT/SERVER_WEB/RobotCarKit/vendor/laravel/framework/src/Illuminate/Foundation/Http/Kernel.php(162): Illuminate\\Foundation\\Application->bootstrapWith(Array)
#27 /home/as/Documentos/EPSEM-UPC/TFG/FINAL_PROJECT/SERVER_WEB/RobotCarKit/vendor/laravel/framework/src/Illuminate/Foundation/Http/Kernel.php(146): Illuminate\\Foundation\\Http\\Kernel->bootstrap()
#28 /home/as/Documentos/EPSEM-UPC/TFG/FINAL_PROJECT/SERVER_WEB/RobotCarKit/vendor/laravel/framework/src/Illuminate/Foundation/Http/Kernel.php(116): Illuminate\\Foundation\\Http\\Kernel->sendRequestThroughRouter(Object(Illuminate\\Http\\Request))
#29 /home/as/Documentos/EPSEM-UPC/TFG/FINAL_PROJECT/SERVER_WEB/RobotCarKit/public/index.php(55): Illuminate\\Foundation\\Http\\Kernel->handle(Object(Illuminate\\Http\\Request))
#30 /home/as/Documentos/EPSEM-UPC/TFG/FINAL_PROJECT/SERVER_WEB/RobotCarKit/server.php(21): require_once('/home/as/Docume...')
#31 {main}
"} 
[2019-05-07 19:11:48] local.ERROR: Undefined variable: request {"exception":"[object] (ErrorException(code: 0): Undefined variable: request at /home/as/Documentos/EPSEM-UPC/TFG/FINAL_PROJECT/SERVER_WEB/RobotCarKit/routes/api.php:16)
[stacktrace]
#0 /home/as/Documentos/EPSEM-UPC/TFG/FINAL_PROJECT/SERVER_WEB/RobotCarKit/routes/api.php(16): Illuminate\\Foundation\\Bootstrap\\HandleExceptions->handleError(8, 'Undefined varia...', '/home/as/Docume...', 16, Array)
#1 /home/as/Documentos/EPSEM-UPC/TFG/FINAL_PROJECT/SERVER_WEB/RobotCarKit/vendor/laravel/framework/src/Illuminate/Routing/RouteFileRegistrar.php(35): require('/home/as/Docume...')
#2 /home/as/Documentos/EPSEM-UPC/TFG/FINAL_PROJECT/SERVER_WEB/RobotCarKit/vendor/laravel/framework/src/Illuminate/Routing/Router.php(415): Illuminate\\Routing\\RouteFileRegistrar->register('/home/as/Docume...')
#3 /home/as/Documentos/EPSEM-UPC/TFG/FINAL_PROJECT/SERVER_WEB/RobotCarKit/vendor/laravel/framework/src/Illuminate/Routing/Router.php(373): Illuminate\\Routing\\Router->loadRoutes('/home/as/Docume...')
#4 /home/as/Documentos/EPSEM-UPC/TFG/FINAL_PROJECT/SERVER_WEB/RobotCarKit/vendor/laravel/framework/src/Illuminate/Routing/RouteRegistrar.php(121): Illuminate\\Routing\\Router->group(Array, '/home/as/Docume...')
#5 /home/as/Documentos/EPSEM-UPC/TFG/FINAL_PROJECT/SERVER_WEB/RobotCarKit/app/Providers/RouteServiceProvider.php(71): Illuminate\\Routing\\RouteRegistrar->group('/home/as/Docume...')
#6 /home/as/Documentos/EPSEM-UPC/TFG/FINAL_PROJECT/SERVER_WEB/RobotCarKit/app/Providers/RouteServiceProvider.php(38): App\\Providers\\RouteServiceProvider->mapApiRoutes()
#7 [internal function]: App\\Providers\\RouteServiceProvider->map()
#8 /home/as/Documentos/EPSEM-UPC/TFG/FINAL_PROJECT/SERVER_WEB/RobotCarKit/vendor/laravel/framework/src/Illuminate/Container/BoundMethod.php(32): call_user_func_array(Array, Array)
#9 /home/as/Documentos/EPSEM-UPC/TFG/FINAL_PROJECT/SERVER_WEB/RobotCarKit/vendor/laravel/framework/src/Illuminate/Container/BoundMethod.php(90): Illuminate\\Container\\BoundMethod::Illuminate\\Container\\{closure}()
#10 /home/as/Documentos/EPSEM-UPC/TFG/FINAL_PROJECT/SERVER_WEB/RobotCarKit/vendor/laravel/framework/src/Illuminate/Container/BoundMethod.php(34): Illuminate\\Container\\BoundMethod::callBoundMethod(Object(Illuminate\\Foundation\\Application), Array, Object(Closure))
#11 /home/as/Documentos/EPSEM-UPC/TFG/FINAL_PROJECT/SERVER_WEB/RobotCarKit/vendor/laravel/framework/src/Illuminate/Container/Container.php(576): Illuminate\\Container\\BoundMethod::call(Object(Illuminate\\Foundation\\Application), Array, Array, NULL)
#12 /home/as/Documentos/EPSEM-UPC/TFG/FINAL_PROJECT/SERVER_WEB/RobotCarKit/vendor/laravel/framework/src/Illuminate/Foundation/Support/Providers/RouteServiceProvider.php(87): Illuminate\\Container\\Container->call(Array)
#13 /home/as/Documentos/EPSEM-UPC/TFG/FINAL_PROJECT/SERVER_WEB/RobotCarKit/vendor/laravel/framework/src/Illuminate/Foundation/Support/Providers/RouteServiceProvider.php(36): Illuminate\\Foundation\\Support\\Providers\\RouteServiceProvider->loadRoutes()
#14 /home/as/Documentos/EPSEM-UPC/TFG/FINAL_PROJECT/SERVER_WEB/RobotCarKit/app/Providers/RouteServiceProvider.php(28): Illuminate\\Foundation\\Support\\Providers\\RouteServiceProvider->boot()
#15 [internal function]: App\\Providers\\RouteServiceProvider->boot()
#16 /home/as/Documentos/EPSEM-UPC/TFG/FINAL_PROJECT/SERVER_WEB/RobotCarKit/vendor/laravel/framework/src/Illuminate/Container/BoundMethod.php(32): call_user_func_array(Array, Array)
#17 /home/as/Documentos/EPSEM-UPC/TFG/FINAL_PROJECT/SERVER_WEB/RobotCarKit/vendor/laravel/framework/src/Illuminate/Container/BoundMethod.php(90): Illuminate\\Container\\BoundMethod::Illuminate\\Container\\{closure}()
#18 /home/as/Documentos/EPSEM-UPC/TFG/FINAL_PROJECT/SERVER_WEB/RobotCarKit/vendor/laravel/framework/src/Illuminate/Container/BoundMethod.php(34): Illuminate\\Container\\BoundMethod::callBoundMethod(Object(Illuminate\\Foundation\\Application), Array, Object(Closure))
#19 /home/as/Documentos/EPSEM-UPC/TFG/FINAL_PROJECT/SERVER_WEB/RobotCarKit/vendor/laravel/framework/src/Illuminate/Container/Container.php(576): Illuminate\\Container\\BoundMethod::call(Object(Illuminate\\Foundation\\Application), Array, Array, NULL)
#20 /home/as/Documentos/EPSEM-UPC/TFG/FINAL_PROJECT/SERVER_WEB/RobotCarKit/vendor/laravel/framework/src/Illuminate/Foundation/Application.php(817): Illuminate\\Container\\Container->call(Array)
#21 /home/as/Documentos/EPSEM-UPC/TFG/FINAL_PROJECT/SERVER_WEB/RobotCarKit/vendor/laravel/framework/src/Illuminate/Foundation/Application.php(800): Illuminate\\Foundation\\Application->bootProvider(Object(App\\Providers\\RouteServiceProvider))
#22 [internal function]: Illuminate\\Foundation\\Application->Illuminate\\Foundation\\{closure}(Object(App\\Providers\\RouteServiceProvider), 20)
#23 /home/as/Documentos/EPSEM-UPC/TFG/FINAL_PROJECT/SERVER_WEB/RobotCarKit/vendor/laravel/framework/src/Illuminate/Foundation/Application.php(801): array_walk(Array, Object(Closure))
#24 /home/as/Documentos/EPSEM-UPC/TFG/FINAL_PROJECT/SERVER_WEB/RobotCarKit/vendor/laravel/framework/src/Illuminate/Foundation/Bootstrap/BootProviders.php(17): Illuminate\\Foundation\\Application->boot()
#25 /home/as/Documentos/EPSEM-UPC/TFG/FINAL_PROJECT/SERVER_WEB/RobotCarKit/vendor/laravel/framework/src/Illuminate/Foundation/Application.php(210): Illuminate\\Foundation\\Bootstrap\\BootProviders->bootstrap(Object(Illuminate\\Foundation\\Application))
#26 /home/as/Documentos/EPSEM-UPC/TFG/FINAL_PROJECT/SERVER_WEB/RobotCarKit/vendor/laravel/framework/src/Illuminate/Foundation/Http/Kernel.php(162): Illuminate\\Foundation\\Application->bootstrapWith(Array)
#27 /home/as/Documentos/EPSEM-UPC/TFG/FINAL_PROJECT/SERVER_WEB/RobotCarKit/vendor/laravel/framework/src/Illuminate/Foundation/Http/Kernel.php(146): Illuminate\\Foundation\\Http\\Kernel->bootstrap()
#28 /home/as/Documentos/EPSEM-UPC/TFG/FINAL_PROJECT/SERVER_WEB/RobotCarKit/vendor/laravel/framework/src/Illuminate/Foundation/Http/Kernel.php(116): Illuminate\\Foundation\\Http\\Kernel->sendRequestThroughRouter(Object(Illuminate\\Http\\Request))
#29 /home/as/Documentos/EPSEM-UPC/TFG/FINAL_PROJECT/SERVER_WEB/RobotCarKit/public/index.php(55): Illuminate\\Foundation\\Http\\Kernel->handle(Object(Illuminate\\Http\\Request))
#30 /home/as/Documentos/EPSEM-UPC/TFG/FINAL_PROJECT/SERVER_WEB/RobotCarKit/server.php(21): require_once('/home/as/Docume...')
#31 {main}
"} 
[2019-05-07 19:13:57] local.ERROR: Undefined variable: request {"exception":"[object] (ErrorException(code: 0): Undefined variable: request at /home/as/Documentos/EPSEM-UPC/TFG/FINAL_PROJECT/SERVER_WEB/RobotCarKit/routes/api.php:16)
[stacktrace]
#0 /home/as/Documentos/EPSEM-UPC/TFG/FINAL_PROJECT/SERVER_WEB/RobotCarKit/routes/api.php(16): Illuminate\\Foundation\\Bootstrap\\HandleExceptions->handleError(8, 'Undefined varia...', '/home/as/Docume...', 16, Array)
#1 /home/as/Documentos/EPSEM-UPC/TFG/FINAL_PROJECT/SERVER_WEB/RobotCarKit/vendor/laravel/framework/src/Illuminate/Routing/RouteFileRegistrar.php(35): require('/home/as/Docume...')
#2 /home/as/Documentos/EPSEM-UPC/TFG/FINAL_PROJECT/SERVER_WEB/RobotCarKit/vendor/laravel/framework/src/Illuminate/Routing/Router.php(415): Illuminate\\Routing\\RouteFileRegistrar->register('/home/as/Docume...')
#3 /home/as/Documentos/EPSEM-UPC/TFG/FINAL_PROJECT/SERVER_WEB/RobotCarKit/vendor/laravel/framework/src/Illuminate/Routing/Router.php(373): Illuminate\\Routing\\Router->loadRoutes('/home/as/Docume...')
#4 /home/as/Documentos/EPSEM-UPC/TFG/FINAL_PROJECT/SERVER_WEB/RobotCarKit/vendor/laravel/framework/src/Illuminate/Routing/RouteRegistrar.php(121): Illuminate\\Routing\\Router->group(Array, '/home/as/Docume...')
#5 /home/as/Documentos/EPSEM-UPC/TFG/FINAL_PROJECT/SERVER_WEB/RobotCarKit/app/Providers/RouteServiceProvider.php(71): Illuminate\\Routing\\RouteRegistrar->group('/home/as/Docume...')
#6 /home/as/Documentos/EPSEM-UPC/TFG/FINAL_PROJECT/SERVER_WEB/RobotCarKit/app/Providers/RouteServiceProvider.php(38): App\\Providers\\RouteServiceProvider->mapApiRoutes()
#7 [internal function]: App\\Providers\\RouteServiceProvider->map()
#8 /home/as/Documentos/EPSEM-UPC/TFG/FINAL_PROJECT/SERVER_WEB/RobotCarKit/vendor/laravel/framework/src/Illuminate/Container/BoundMethod.php(32): call_user_func_array(Array, Array)
#9 /home/as/Documentos/EPSEM-UPC/TFG/FINAL_PROJECT/SERVER_WEB/RobotCarKit/vendor/laravel/framework/src/Illuminate/Container/BoundMethod.php(90): Illuminate\\Container\\BoundMethod::Illuminate\\Container\\{closure}()
#10 /home/as/Documentos/EPSEM-UPC/TFG/FINAL_PROJECT/SERVER_WEB/RobotCarKit/vendor/laravel/framework/src/Illuminate/Container/BoundMethod.php(34): Illuminate\\Container\\BoundMethod::callBoundMethod(Object(Illuminate\\Foundation\\Application), Array, Object(Closure))
#11 /home/as/Documentos/EPSEM-UPC/TFG/FINAL_PROJECT/SERVER_WEB/RobotCarKit/vendor/laravel/framework/src/Illuminate/Container/Container.php(576): Illuminate\\Container\\BoundMethod::call(Object(Illuminate\\Foundation\\Application), Array, Array, NULL)
#12 /home/as/Documentos/EPSEM-UPC/TFG/FINAL_PROJECT/SERVER_WEB/RobotCarKit/vendor/laravel/framework/src/Illuminate/Foundation/Support/Providers/RouteServiceProvider.php(87): Illuminate\\Container\\Container->call(Array)
#13 /home/as/Documentos/EPSEM-UPC/TFG/FINAL_PROJECT/SERVER_WEB/RobotCarKit/vendor/laravel/framework/src/Illuminate/Foundation/Support/Providers/RouteServiceProvider.php(36): Illuminate\\Foundation\\Support\\Providers\\RouteServiceProvider->loadRoutes()
#14 /home/as/Documentos/EPSEM-UPC/TFG/FINAL_PROJECT/SERVER_WEB/RobotCarKit/app/Providers/RouteServiceProvider.php(28): Illuminate\\Foundation\\Support\\Providers\\RouteServiceProvider->boot()
#15 [internal function]: App\\Providers\\RouteServiceProvider->boot()
#16 /home/as/Documentos/EPSEM-UPC/TFG/FINAL_PROJECT/SERVER_WEB/RobotCarKit/vendor/laravel/framework/src/Illuminate/Container/BoundMethod.php(32): call_user_func_array(Array, Array)
#17 /home/as/Documentos/EPSEM-UPC/TFG/FINAL_PROJECT/SERVER_WEB/RobotCarKit/vendor/laravel/framework/src/Illuminate/Container/BoundMethod.php(90): Illuminate\\Container\\BoundMethod::Illuminate\\Container\\{closure}()
#18 /home/as/Documentos/EPSEM-UPC/TFG/FINAL_PROJECT/SERVER_WEB/RobotCarKit/vendor/laravel/framework/src/Illuminate/Container/BoundMethod.php(34): Illuminate\\Container\\BoundMethod::callBoundMethod(Object(Illuminate\\Foundation\\Application), Array, Object(Closure))
#19 /home/as/Documentos/EPSEM-UPC/TFG/FINAL_PROJECT/SERVER_WEB/RobotCarKit/vendor/laravel/framework/src/Illuminate/Container/Container.php(576): Illuminate\\Container\\BoundMethod::call(Object(Illuminate\\Foundation\\Application), Array, Array, NULL)
#20 /home/as/Documentos/EPSEM-UPC/TFG/FINAL_PROJECT/SERVER_WEB/RobotCarKit/vendor/laravel/framework/src/Illuminate/Foundation/Application.php(817): Illuminate\\Container\\Container->call(Array)
#21 /home/as/Documentos/EPSEM-UPC/TFG/FINAL_PROJECT/SERVER_WEB/RobotCarKit/vendor/laravel/framework/src/Illuminate/Foundation/Application.php(800): Illuminate\\Foundation\\Application->bootProvider(Object(App\\Providers\\RouteServiceProvider))
#22 [internal function]: Illuminate\\Foundation\\Application->Illuminate\\Foundation\\{closure}(Object(App\\Providers\\RouteServiceProvider), 20)
#23 /home/as/Documentos/EPSEM-UPC/TFG/FINAL_PROJECT/SERVER_WEB/RobotCarKit/vendor/laravel/framework/src/Illuminate/Foundation/Application.php(801): array_walk(Array, Object(Closure))
#24 /home/as/Documentos/EPSEM-UPC/TFG/FINAL_PROJECT/SERVER_WEB/RobotCarKit/vendor/laravel/framework/src/Illuminate/Foundation/Bootstrap/BootProviders.php(17): Illuminate\\Foundation\\Application->boot()
#25 /home/as/Documentos/EPSEM-UPC/TFG/FINAL_PROJECT/SERVER_WEB/RobotCarKit/vendor/laravel/framework/src/Illuminate/Foundation/Application.php(210): Illuminate\\Foundation\\Bootstrap\\BootProviders->bootstrap(Object(Illuminate\\Foundation\\Application))
#26 /home/as/Documentos/EPSEM-UPC/TFG/FINAL_PROJECT/SERVER_WEB/RobotCarKit/vendor/laravel/framework/src/Illuminate/Foundation/Http/Kernel.php(162): Illuminate\\Foundation\\Application->bootstrapWith(Array)
#27 /home/as/Documentos/EPSEM-UPC/TFG/FINAL_PROJECT/SERVER_WEB/RobotCarKit/vendor/laravel/framework/src/Illuminate/Foundation/Http/Kernel.php(146): Illuminate\\Foundation\\Http\\Kernel->bootstrap()
#28 /home/as/Documentos/EPSEM-UPC/TFG/FINAL_PROJECT/SERVER_WEB/RobotCarKit/vendor/laravel/framework/src/Illuminate/Foundation/Http/Kernel.php(116): Illuminate\\Foundation\\Http\\Kernel->sendRequestThroughRouter(Object(Illuminate\\Http\\Request))
#29 /home/as/Documentos/EPSEM-UPC/TFG/FINAL_PROJECT/SERVER_WEB/RobotCarKit/public/index.php(55): Illuminate\\Foundation\\Http\\Kernel->handle(Object(Illuminate\\Http\\Request))
#30 /home/as/Documentos/EPSEM-UPC/TFG/FINAL_PROJECT/SERVER_WEB/RobotCarKit/server.php(21): require_once('/home/as/Docume...')
#31 {main}
"} 
[2019-05-07 19:14:06] local.ERROR: Undefined variable: request {"exception":"[object] (ErrorException(code: 0): Undefined variable: request at /home/as/Documentos/EPSEM-UPC/TFG/FINAL_PROJECT/SERVER_WEB/RobotCarKit/routes/api.php:16)
[stacktrace]
#0 /home/as/Documentos/EPSEM-UPC/TFG/FINAL_PROJECT/SERVER_WEB/RobotCarKit/routes/api.php(16): Illuminate\\Foundation\\Bootstrap\\HandleExceptions->handleError(8, 'Undefined varia...', '/home/as/Docume...', 16, Array)
#1 /home/as/Documentos/EPSEM-UPC/TFG/FINAL_PROJECT/SERVER_WEB/RobotCarKit/vendor/laravel/framework/src/Illuminate/Routing/RouteFileRegistrar.php(35): require('/home/as/Docume...')
#2 /home/as/Documentos/EPSEM-UPC/TFG/FINAL_PROJECT/SERVER_WEB/RobotCarKit/vendor/laravel/framework/src/Illuminate/Routing/Router.php(415): Illuminate\\Routing\\RouteFileRegistrar->register('/home/as/Docume...')
#3 /home/as/Documentos/EPSEM-UPC/TFG/FINAL_PROJECT/SERVER_WEB/RobotCarKit/vendor/laravel/framework/src/Illuminate/Routing/Router.php(373): Illuminate\\Routing\\Router->loadRoutes('/home/as/Docume...')
#4 /home/as/Documentos/EPSEM-UPC/TFG/FINAL_PROJECT/SERVER_WEB/RobotCarKit/vendor/laravel/framework/src/Illuminate/Routing/RouteRegistrar.php(121): Illuminate\\Routing\\Router->group(Array, '/home/as/Docume...')
#5 /home/as/Documentos/EPSEM-UPC/TFG/FINAL_PROJECT/SERVER_WEB/RobotCarKit/app/Providers/RouteServiceProvider.php(71): Illuminate\\Routing\\RouteRegistrar->group('/home/as/Docume...')
#6 /home/as/Documentos/EPSEM-UPC/TFG/FINAL_PROJECT/SERVER_WEB/RobotCarKit/app/Providers/RouteServiceProvider.php(38): App\\Providers\\RouteServiceProvider->mapApiRoutes()
#7 [internal function]: App\\Providers\\RouteServiceProvider->map()
#8 /home/as/Documentos/EPSEM-UPC/TFG/FINAL_PROJECT/SERVER_WEB/RobotCarKit/vendor/laravel/framework/src/Illuminate/Container/BoundMethod.php(32): call_user_func_array(Array, Array)
#9 /home/as/Documentos/EPSEM-UPC/TFG/FINAL_PROJECT/SERVER_WEB/RobotCarKit/vendor/laravel/framework/src/Illuminate/Container/BoundMethod.php(90): Illuminate\\Container\\BoundMethod::Illuminate\\Container\\{closure}()
#10 /home/as/Documentos/EPSEM-UPC/TFG/FINAL_PROJECT/SERVER_WEB/RobotCarKit/vendor/laravel/framework/src/Illuminate/Container/BoundMethod.php(34): Illuminate\\Container\\BoundMethod::callBoundMethod(Object(Illuminate\\Foundation\\Application), Array, Object(Closure))
#11 /home/as/Documentos/EPSEM-UPC/TFG/FINAL_PROJECT/SERVER_WEB/RobotCarKit/vendor/laravel/framework/src/Illuminate/Container/Container.php(576): Illuminate\\Container\\BoundMethod::call(Object(Illuminate\\Foundation\\Application), Array, Array, NULL)
#12 /home/as/Documentos/EPSEM-UPC/TFG/FINAL_PROJECT/SERVER_WEB/RobotCarKit/vendor/laravel/framework/src/Illuminate/Foundation/Support/Providers/RouteServiceProvider.php(87): Illuminate\\Container\\Container->call(Array)
#13 /home/as/Documentos/EPSEM-UPC/TFG/FINAL_PROJECT/SERVER_WEB/RobotCarKit/vendor/laravel/framework/src/Illuminate/Foundation/Support/Providers/RouteServiceProvider.php(36): Illuminate\\Foundation\\Support\\Providers\\RouteServiceProvider->loadRoutes()
#14 /home/as/Documentos/EPSEM-UPC/TFG/FINAL_PROJECT/SERVER_WEB/RobotCarKit/app/Providers/RouteServiceProvider.php(28): Illuminate\\Foundation\\Support\\Providers\\RouteServiceProvider->boot()
#15 [internal function]: App\\Providers\\RouteServiceProvider->boot()
#16 /home/as/Documentos/EPSEM-UPC/TFG/FINAL_PROJECT/SERVER_WEB/RobotCarKit/vendor/laravel/framework/src/Illuminate/Container/BoundMethod.php(32): call_user_func_array(Array, Array)
#17 /home/as/Documentos/EPSEM-UPC/TFG/FINAL_PROJECT/SERVER_WEB/RobotCarKit/vendor/laravel/framework/src/Illuminate/Container/BoundMethod.php(90): Illuminate\\Container\\BoundMethod::Illuminate\\Container\\{closure}()
#18 /home/as/Documentos/EPSEM-UPC/TFG/FINAL_PROJECT/SERVER_WEB/RobotCarKit/vendor/laravel/framework/src/Illuminate/Container/BoundMethod.php(34): Illuminate\\Container\\BoundMethod::callBoundMethod(Object(Illuminate\\Foundation\\Application), Array, Object(Closure))
#19 /home/as/Documentos/EPSEM-UPC/TFG/FINAL_PROJECT/SERVER_WEB/RobotCarKit/vendor/laravel/framework/src/Illuminate/Container/Container.php(576): Illuminate\\Container\\BoundMethod::call(Object(Illuminate\\Foundation\\Application), Array, Array, NULL)
#20 /home/as/Documentos/EPSEM-UPC/TFG/FINAL_PROJECT/SERVER_WEB/RobotCarKit/vendor/laravel/framework/src/Illuminate/Foundation/Application.php(817): Illuminate\\Container\\Container->call(Array)
#21 /home/as/Documentos/EPSEM-UPC/TFG/FINAL_PROJECT/SERVER_WEB/RobotCarKit/vendor/laravel/framework/src/Illuminate/Foundation/Application.php(800): Illuminate\\Foundation\\Application->bootProvider(Object(App\\Providers\\RouteServiceProvider))
#22 [internal function]: Illuminate\\Foundation\\Application->Illuminate\\Foundation\\{closure}(Object(App\\Providers\\RouteServiceProvider), 20)
#23 /home/as/Documentos/EPSEM-UPC/TFG/FINAL_PROJECT/SERVER_WEB/RobotCarKit/vendor/laravel/framework/src/Illuminate/Foundation/Application.php(801): array_walk(Array, Object(Closure))
#24 /home/as/Documentos/EPSEM-UPC/TFG/FINAL_PROJECT/SERVER_WEB/RobotCarKit/vendor/laravel/framework/src/Illuminate/Foundation/Bootstrap/BootProviders.php(17): Illuminate\\Foundation\\Application->boot()
#25 /home/as/Documentos/EPSEM-UPC/TFG/FINAL_PROJECT/SERVER_WEB/RobotCarKit/vendor/laravel/framework/src/Illuminate/Foundation/Application.php(210): Illuminate\\Foundation\\Bootstrap\\BootProviders->bootstrap(Object(Illuminate\\Foundation\\Application))
#26 /home/as/Documentos/EPSEM-UPC/TFG/FINAL_PROJECT/SERVER_WEB/RobotCarKit/vendor/laravel/framework/src/Illuminate/Foundation/Http/Kernel.php(162): Illuminate\\Foundation\\Application->bootstrapWith(Array)
#27 /home/as/Documentos/EPSEM-UPC/TFG/FINAL_PROJECT/SERVER_WEB/RobotCarKit/vendor/laravel/framework/src/Illuminate/Foundation/Http/Kernel.php(146): Illuminate\\Foundation\\Http\\Kernel->bootstrap()
#28 /home/as/Documentos/EPSEM-UPC/TFG/FINAL_PROJECT/SERVER_WEB/RobotCarKit/vendor/laravel/framework/src/Illuminate/Foundation/Http/Kernel.php(116): Illuminate\\Foundation\\Http\\Kernel->sendRequestThroughRouter(Object(Illuminate\\Http\\Request))
#29 /home/as/Documentos/EPSEM-UPC/TFG/FINAL_PROJECT/SERVER_WEB/RobotCarKit/public/index.php(55): Illuminate\\Foundation\\Http\\Kernel->handle(Object(Illuminate\\Http\\Request))
#30 /home/as/Documentos/EPSEM-UPC/TFG/FINAL_PROJECT/SERVER_WEB/RobotCarKit/server.php(21): require_once('/home/as/Docume...')
#31 {main}
"} 
